Added Component: Designator=C1(RAD-0.3)
Add component (AddParameter): Name = "LatestRevisionDate"; Value = "17-Jul-2002"; VariantName = "[No Variations]"
Add component (AddParameter): Name = "LatestRevisionNote"; Value = "Re-released for DXP Platform."; VariantName = "[No Variations]"
Add component (AddParameter): Name = "PackageDescription"; Value = "Radial Cap, Thru-Hole; 2 Leads; 0.3 in Pin Spacing"; VariantName = "[No Variations]"
Add component (AddParameter): Name = "PackageReference"; Value = "RAD-0.3"; VariantName = "[No Variations]"
Add component (AddParameter): Name = "Published"; Value = "8-Jun-2000"; VariantName = "[No Variations]"
Add component (AddParameter): Name = "Publisher"; Value = "Altium Limited"; VariantName = "[No Variations]"
Add component (AddParameter): Name = "Value"; Value = "100pF"; VariantName = "[No Variations]"
Added Component: Designator=C2(RAD-0.3)
Add component (AddParameter): Name = "LatestRevisionDate"; Value = "17-Jul-2002"; VariantName = "[No Variations]"
Add component (AddParameter): Name = "LatestRevisionNote"; Value = "Re-released for DXP Platform."; VariantName = "[No Variations]"
Add component (AddParameter): Name = "PackageDescription"; Value = "Radial Cap, Thru-Hole; 2 Leads; 0.3 in Pin Spacing"; VariantName = "[No Variations]"
Add component (AddParameter): Name = "PackageReference"; Value = "RAD-0.3"; VariantName = "[No Variations]"
Add component (AddParameter): Name = "Published"; Value = "8-Jun-2000"; VariantName = "[No Variations]"
Add component (AddParameter): Name = "Publisher"; Value = "Altium Limited"; VariantName = "[No Variations]"
Add component (AddParameter): Name = "Value"; Value = "100pF"; VariantName = "[No Variations]"
Added Component: Designator=C3(CAP AL TH D8 L3.5 H12.5)
Add component (AddParameter): Name = "Applications"; Value = "Audio"; VariantName = "[No Variations]"
Add component (AddParameter): Name = "Capacitance"; Value = "100 µF"; VariantName = "[No Variations]"
Add component (AddParameter): Name = "componentlink1description"; Value = "Datasheet"; VariantName = "[No Variations]"
Add component (AddParameter): Name = "componentlink1url"; Value = "http://nichicon-us.com/english/products/pdfs/e-ukw.pdf"; VariantName = "[No Variations]"
Add component (AddParameter): Name = "componentlink2description"; Value = "DigiKey Link"; VariantName = "[No Variations]"
Add component (AddParameter): Name = "componentlink2url"; Value = "https://www.digikey.com/en/products/detail/nichicon/UKW1H101MPD1TD/4317338"; VariantName = "[No Variations]"
Add component (AddParameter): Name = "Device Package"; Value = "Radial, Can"; VariantName = "[No Variations]"
Add component (AddParameter): Name = "Height - Seated (Max)"; Value = "0.492" (12.50mm)"; VariantName = "[No Variations]"
Add component (AddParameter): Name = "lastupdated"; Value = "21.03.2022 19:02:36"; VariantName = "[No Variations]"
Add component (AddParameter): Name = "Lead Spacing"; Value = "0.138" (3.50mm)"; VariantName = "[No Variations]"
Add component (AddParameter): Name = "Lifecycle Status"; Value = "Active"; VariantName = "[No Variations]"
Add component (AddParameter): Name = "Lifetime @ Temp."; Value = "2000 Hrs @ 85°C"; VariantName = "[No Variations]"
Add component (AddParameter): Name = "manufacturer"; Value = "Nichicon"; VariantName = "[No Variations]"
Add component (AddParameter): Name = "Minimum Order"; Value = "1"; VariantName = "[No Variations]"
Add component (AddParameter): Name = "Mounting Type"; Value = "Through Hole"; VariantName = "[No Variations]"
Add component (AddParameter): Name = "Operating Temperature"; Value = "-40°C ~ 85°C"; VariantName = "[No Variations]"
Add component (AddParameter): Name = "Package / Case"; Value = "Radial, Can"; VariantName = "[No Variations]"
Add component (AddParameter): Name = "packaging"; Value = "TapeAndBox"; VariantName = "[No Variations]"
Add component (AddParameter): Name = "Part Number"; Value = "UKW1H101MPD1TD"; VariantName = "[No Variations]"
Add component (AddParameter): Name = "Part Status"; Value = "Active"; VariantName = "[No Variations]"
Add component (AddParameter): Name = "partid"; Value = "7204"; VariantName = "[No Variations]"
Add component (AddParameter): Name = "Polarization"; Value = "Polar"; VariantName = "[No Variations]"
Add component (AddParameter): Name = "price"; Value = "0.23"; VariantName = "[No Variations]"
Add component (AddParameter): Name = "Ripple Current @ High Frequency"; Value = "375 mA @ 10 kHz"; VariantName = "[No Variations]"
Add component (AddParameter): Name = "Ripple Current @ Low Frequency"; Value = "250 mA @ 120 Hz"; VariantName = "[No Variations]"
Add component (AddParameter): Name = "series"; Value = "UKW"; VariantName = "[No Variations]"
Add component (AddParameter): Name = "Size / Dimension"; Value = "0.315" Dia (8.00mm)"; VariantName = "[No Variations]"
Add component (AddParameter): Name = "Supplier 1"; Value = "DigiKey"; VariantName = "[No Variations]"
Add component (AddParameter): Name = "Supplier Part Number 1"; Value = "493-10760-1-ND"; VariantName = "[No Variations]"
Add component (AddParameter): Name = "Tolerance"; Value = "±20%"; VariantName = "[No Variations]"
Add component (AddParameter): Name = "value"; Value = "100 µF"; VariantName = "[No Variations]"
Add component (AddParameter): Name = "Voltage - Rated"; Value = "50 V"; VariantName = "[No Variations]"
Added Component: Designator=C4(CAP AL TH D8 L3.5 H12.5)
Add component (AddParameter): Name = "Applications"; Value = "Audio"; VariantName = "[No Variations]"
Add component (AddParameter): Name = "Capacitance"; Value = "100 µF"; VariantName = "[No Variations]"
Add component (AddParameter): Name = "componentlink1description"; Value = "Datasheet"; VariantName = "[No Variations]"
Add component (AddParameter): Name = "componentlink1url"; Value = "http://nichicon-us.com/english/products/pdfs/e-ukw.pdf"; VariantName = "[No Variations]"
Add component (AddParameter): Name = "componentlink2description"; Value = "DigiKey Link"; VariantName = "[No Variations]"
Add component (AddParameter): Name = "componentlink2url"; Value = "https://www.digikey.com/en/products/detail/nichicon/UKW1H101MPD1TD/4317338"; VariantName = "[No Variations]"
Add component (AddParameter): Name = "Device Package"; Value = "Radial, Can"; VariantName = "[No Variations]"
Add component (AddParameter): Name = "Height - Seated (Max)"; Value = "0.492" (12.50mm)"; VariantName = "[No Variations]"
Add component (AddParameter): Name = "lastupdated"; Value = "21.03.2022 19:02:36"; VariantName = "[No Variations]"
Add component (AddParameter): Name = "Lead Spacing"; Value = "0.138" (3.50mm)"; VariantName = "[No Variations]"
Add component (AddParameter): Name = "Lifecycle Status"; Value = "Active"; VariantName = "[No Variations]"
Add component (AddParameter): Name = "Lifetime @ Temp."; Value = "2000 Hrs @ 85°C"; VariantName = "[No Variations]"
Add component (AddParameter): Name = "manufacturer"; Value = "Nichicon"; VariantName = "[No Variations]"
Add component (AddParameter): Name = "Minimum Order"; Value = "1"; VariantName = "[No Variations]"
Add component (AddParameter): Name = "Mounting Type"; Value = "Through Hole"; VariantName = "[No Variations]"
Add component (AddParameter): Name = "Operating Temperature"; Value = "-40°C ~ 85°C"; VariantName = "[No Variations]"
Add component (AddParameter): Name = "Package / Case"; Value = "Radial, Can"; VariantName = "[No Variations]"
Add component (AddParameter): Name = "packaging"; Value = "TapeAndBox"; VariantName = "[No Variations]"
Add component (AddParameter): Name = "Part Number"; Value = "UKW1H101MPD1TD"; VariantName = "[No Variations]"
Add component (AddParameter): Name = "Part Status"; Value = "Active"; VariantName = "[No Variations]"
Add component (AddParameter): Name = "partid"; Value = "7204"; VariantName = "[No Variations]"
Add component (AddParameter): Name = "Polarization"; Value = "Polar"; VariantName = "[No Variations]"
Add component (AddParameter): Name = "price"; Value = "0.23"; VariantName = "[No Variations]"
Add component (AddParameter): Name = "Ripple Current @ High Frequency"; Value = "375 mA @ 10 kHz"; VariantName = "[No Variations]"
Add component (AddParameter): Name = "Ripple Current @ Low Frequency"; Value = "250 mA @ 120 Hz"; VariantName = "[No Variations]"
Add component (AddParameter): Name = "series"; Value = "UKW"; VariantName = "[No Variations]"
Add component (AddParameter): Name = "Size / Dimension"; Value = "0.315" Dia (8.00mm)"; VariantName = "[No Variations]"
Add component (AddParameter): Name = "Supplier 1"; Value = "DigiKey"; VariantName = "[No Variations]"
Add component (AddParameter): Name = "Supplier Part Number 1"; Value = "493-10760-1-ND"; VariantName = "[No Variations]"
Add component (AddParameter): Name = "Tolerance"; Value = "±20%"; VariantName = "[No Variations]"
Add component (AddParameter): Name = "value"; Value = "100 µF"; VariantName = "[No Variations]"
Add component (AddParameter): Name = "Voltage - Rated"; Value = "50 V"; VariantName = "[No Variations]"
Added Component: Designator=D1(CREE J 2835)
Add component (AddParameter): Name = "CCT (K)"; Value = "5700K"; VariantName = "[No Variations]"
Add component (AddParameter): Name = "ComponentLink1Description"; Value = "Datasheet"; VariantName = "[No Variations]"
Add component (AddParameter): Name = "ComponentLink1URL"; Value = "https://www.cree.com/led-components/media/documents/data-sheet-JSeries-2835-3v.pdf"; VariantName = "[No Variations]"
Add component (AddParameter): Name = "ComponentLink2Description"; Value = "DigiKey Link"; VariantName = "[No Variations]"
Add component (AddParameter): Name = "ComponentLink2URL"; Value = "http://digikey.com/product-detail/en/cree-inc/JE2835AWT-00-0000-000A0UF957E/JE2835AWT-00-0000-000A0UF957ECT-ND/9974563"; VariantName = "[No Variations]"
Add component (AddParameter): Name = "CRI (Color Rendering Index)"; Value = "90"; VariantName = "[No Variations]"
Add component (AddParameter): Name = "Current - Max"; Value = "240mA"; VariantName = "[No Variations]"
Add component (AddParameter): Name = "Current - Test"; Value = "150mA"; VariantName = "[No Variations]"
Add component (AddParameter): Name = "Device Package"; Value = "1113 (2835 Metric)"; VariantName = "[No Variations]"
Add component (AddParameter): Name = "Flux @ 25°C, Current - Test"; Value = "64lm (Typ)"; VariantName = "[No Variations]"
Add component (AddParameter): Name = "LastUpdated"; Value = "21.03.2022 19:13:25"; VariantName = "[No Variations]"
Add component (AddParameter): Name = "Lifecycle Status"; Value = "Active"; VariantName = "[No Variations]"
Add component (AddParameter): Name = "Lumens/Watt @ Current - Test"; Value = "142 lm/W"; VariantName = "[No Variations]"
Add component (AddParameter): Name = "Manufacturer"; Value = "Cree Inc."; VariantName = "[No Variations]"
Add component (AddParameter): Name = "Minimum Order"; Value = "1"; VariantName = "[No Variations]"
Add component (AddParameter): Name = "Mounting Type"; Value = "Surface Mount"; VariantName = "[No Variations]"
Add component (AddParameter): Name = "Package / Case"; Value = "1113 (2835 Metric)"; VariantName = "[No Variations]"
Add component (AddParameter): Name = "Packaging"; Value = "TapeAndReel"; VariantName = "[No Variations]"
Add component (AddParameter): Name = "Part Number"; Value = "JE2835AWT-00-0000-000A0UF957E"; VariantName = "[No Variations]"
Add component (AddParameter): Name = "Part Status"; Value = "1113 (2835 Metric)"; VariantName = "[No Variations]"
Add component (AddParameter): Name = "PartId"; Value = "22"; VariantName = "[No Variations]"
Add component (AddParameter): Name = "Price"; Value = "0.02"; VariantName = "[No Variations]"
Add component (AddParameter): Name = "Series"; Value = "J"; VariantName = "[No Variations]"
Add component (AddParameter): Name = "Supplier 1"; Value = "DigiKey"; VariantName = "[No Variations]"
Add component (AddParameter): Name = "Supplier Device Package"; Value = "SMD"; VariantName = "[No Variations]"
Add component (AddParameter): Name = "Supplier Part Number 1"; Value = "JE2835AWT-00-0000-000A0UF957ECT-ND"; VariantName = "[No Variations]"
Add component (AddParameter): Name = "Viewing Angle"; Value = "120°"; VariantName = "[No Variations]"
Add component (AddParameter): Name = "Voltage - Forward (Vf) (Typ)"; Value = "3V"; VariantName = "[No Variations]"
Added Component: Designator=MCU1(CC3235MODASF12MONR)
Add component (AddParameter): Name = "Copyright"; Value = "Copyright (C) 2021 Ultra Librarian. All rights reserved."; VariantName = "[No Variations]"
Add component (AddParameter): Name = "Manufacturer_Part_Number"; Value = "CC3235MODASM2MONR"; VariantName = "[No Variations]"
Add component (AddParameter): Name = "Mfr_Name"; Value = "Texas Instruments"; VariantName = "[No Variations]"
Add component (AddParameter): Name = "RefDes"; Value = "RefDes"; VariantName = "[No Variations]"
Add component (AddParameter): Name = "Type"; Value = "DEV"; VariantName = "[No Variations]"
Added Component: Designator=P1(HDR1X20)
Add component (AddParameter): Name = "LatestRevisionDate"; Value = "17-Jul-2002"; VariantName = "[No Variations]"
Add component (AddParameter): Name = "LatestRevisionNote"; Value = "Re-released for DXP Platform."; VariantName = "[No Variations]"
Add component (AddParameter): Name = "Publisher"; Value = "Altium Limited"; VariantName = "[No Variations]"
Added Component: Designator=P2(HDR1X2)
Add component (AddParameter): Name = "LatestRevisionDate"; Value = "17-Jul-2002"; VariantName = "[No Variations]"
Add component (AddParameter): Name = "LatestRevisionNote"; Value = "Re-released for DXP Platform."; VariantName = "[No Variations]"
Add component (AddParameter): Name = "Publisher"; Value = "Altium Limited"; VariantName = "[No Variations]"
Added Component: Designator=P3(HDR1X4)
Add component (AddParameter): Name = "LatestRevisionDate"; Value = "17-Jul-2002"; VariantName = "[No Variations]"
Add component (AddParameter): Name = "LatestRevisionNote"; Value = "Re-released for DXP Platform."; VariantName = "[No Variations]"
Add component (AddParameter): Name = "Publisher"; Value = "Altium Limited"; VariantName = "[No Variations]"
Added Component: Designator=P4(HDR2X3)
Add component (AddParameter): Name = "LatestRevisionDate"; Value = "17-Jul-2002"; VariantName = "[No Variations]"
Add component (AddParameter): Name = "LatestRevisionNote"; Value = "Re-released for DXP Platform."; VariantName = "[No Variations]"
Add component (AddParameter): Name = "Publisher"; Value = "Altium Limited"; VariantName = "[No Variations]"
Added Component: Designator=P5(HDR1X4)
Add component (AddParameter): Name = "LatestRevisionDate"; Value = "17-Jul-2002"; VariantName = "[No Variations]"
Add component (AddParameter): Name = "LatestRevisionNote"; Value = "Re-released for DXP Platform."; VariantName = "[No Variations]"
Add component (AddParameter): Name = "Publisher"; Value = "Altium Limited"; VariantName = "[No Variations]"
Added Component: Designator=P6(HDR1X3)
Add component (AddParameter): Name = "LatestRevisionDate"; Value = "17-Jul-2002"; VariantName = "[No Variations]"
Add component (AddParameter): Name = "LatestRevisionNote"; Value = "Re-released for DXP Platform."; VariantName = "[No Variations]"
Add component (AddParameter): Name = "Publisher"; Value = "Altium Limited"; VariantName = "[No Variations]"
Added Component: Designator=P7(HDR1X5)
Add component (AddParameter): Name = "LatestRevisionDate"; Value = "17-Jul-2002"; VariantName = "[No Variations]"
Add component (AddParameter): Name = "LatestRevisionNote"; Value = "Re-released for DXP Platform."; VariantName = "[No Variations]"
Add component (AddParameter): Name = "Publisher"; Value = "Altium Limited"; VariantName = "[No Variations]"
Added Component: Designator=P8(HDR1X30)
Add component (AddParameter): Name = "LatestRevisionDate"; Value = "17-Jul-2002"; VariantName = "[No Variations]"
Add component (AddParameter): Name = "LatestRevisionNote"; Value = "Re-released for DXP Platform."; VariantName = "[No Variations]"
Add component (AddParameter): Name = "Publisher"; Value = "Altium Limited"; VariantName = "[No Variations]"
Added Component: Designator=P9(HDR1X30)
Add component (AddParameter): Name = "LatestRevisionDate"; Value = "17-Jul-2002"; VariantName = "[No Variations]"
Add component (AddParameter): Name = "LatestRevisionNote"; Value = "Re-released for DXP Platform."; VariantName = "[No Variations]"
Add component (AddParameter): Name = "Publisher"; Value = "Altium Limited"; VariantName = "[No Variations]"
Added Component: Designator=P10(HDR1X2)
Add component (AddParameter): Name = "LatestRevisionDate"; Value = "17-Jul-2002"; VariantName = "[No Variations]"
Add component (AddParameter): Name = "LatestRevisionNote"; Value = "Re-released for DXP Platform."; VariantName = "[No Variations]"
Add component (AddParameter): Name = "Publisher"; Value = "Altium Limited"; VariantName = "[No Variations]"
Added Component: Designator=R1(RES 1206_3216)
Add component (AddParameter): Name = "ComponentLink1Description"; Value = "Datasheet"; VariantName = "[No Variations]"
Add component (AddParameter): Name = "ComponentLink1URL"; Value = "https://www.seielect.com/catalog/sei-rncs_rnch.pdf"; VariantName = "[No Variations]"
Add component (AddParameter): Name = "ComponentLink2Description"; Value = "DigiKey Link"; VariantName = "[No Variations]"
Add component (AddParameter): Name = "ComponentLink2URL"; Value = "https://www.digikey.com/en/products/detail/stackpole-electronics-inc/RNCS1206BKE1K00/1800333"; VariantName = "[No Variations]"
Add component (AddParameter): Name = "Composition"; Value = "Thin Film"; VariantName = "[No Variations]"
Add component (AddParameter): Name = "Device Package"; Value = "1206 (3216 Metric)"; VariantName = "[No Variations]"
Add component (AddParameter): Name = "Features"; Value = "Anti-Corrosive, Automotive AEC-Q200, Moisture Resistant"; VariantName = "[No Variations]"
Add component (AddParameter): Name = "Height - Seated (Max)"; Value = "0.026" (0.65mm)"; VariantName = "[No Variations]"
Add component (AddParameter): Name = "LastUpdated"; Value = "21.03.2022 18:41:15"; VariantName = "[No Variations]"
Add component (AddParameter): Name = "Lifecycle Status"; Value = "Active"; VariantName = "[No Variations]"
Add component (AddParameter): Name = "Manufacturer"; Value = "Stackpole Electronics Inc"; VariantName = "[No Variations]"
Add component (AddParameter): Name = "Minimum Order"; Value = "1"; VariantName = "[No Variations]"
Add component (AddParameter): Name = "Number of Terminations"; Value = "2"; VariantName = "[No Variations]"
Add component (AddParameter): Name = "Operating Temperature"; Value = "-55°C ~ 155°C"; VariantName = "[No Variations]"
Add component (AddParameter): Name = "Package / Case"; Value = "1206 (3216 Metric)"; VariantName = "[No Variations]"
Add component (AddParameter): Name = "Packaging"; Value = "TapeAndReel"; VariantName = "[No Variations]"
Add component (AddParameter): Name = "Part Number"; Value = "RNCS1206BKE1K00"; VariantName = "[No Variations]"
Add component (AddParameter): Name = "Part Status"; Value = "Active"; VariantName = "[No Variations]"
Add component (AddParameter): Name = "PartId"; Value = "26856"; VariantName = "[No Variations]"
Add component (AddParameter): Name = "Power (Watts)"; Value = "0.125W, 1/8W"; VariantName = "[No Variations]"
Add component (AddParameter): Name = "Price"; Value = "0.09"; VariantName = "[No Variations]"
Add component (AddParameter): Name = "Ratings"; Value = "AEC-Q200"; VariantName = "[No Variations]"
Add component (AddParameter): Name = "Resistance"; Value = "1 kOhms"; VariantName = "[No Variations]"
Add component (AddParameter): Name = "Series"; Value = "RNCS"; VariantName = "[No Variations]"
Add component (AddParameter): Name = "Size / Dimension"; Value = "0.120" L x 0.061" W (3.05mm x 1.55mm)"; VariantName = "[No Variations]"
Add component (AddParameter): Name = "Supplier 1"; Value = "DigiKey"; VariantName = "[No Variations]"
Add component (AddParameter): Name = "Supplier Device Package"; Value = "1206"; VariantName = "[No Variations]"
Add component (AddParameter): Name = "Supplier Part Number 1"; Value = "RNCS1206BKE1K00CT-ND"; VariantName = "[No Variations]"
Add component (AddParameter): Name = "Temperature Coefficient"; Value = "±25ppm/°C"; VariantName = "[No Variations]"
Add component (AddParameter): Name = "Tolerance"; Value = "±0.1%"; VariantName = "[No Variations]"
Add component (AddParameter): Name = "Value"; Value = "1 kOhms"; VariantName = "[No Variations]"
Added Component: Designator=R2(RES 1206_3216)
Add component (AddParameter): Name = "ComponentLink1Description"; Value = "Datasheet"; VariantName = "[No Variations]"
Add component (AddParameter): Name = "ComponentLink1URL"; Value = "https://www.seielect.com/catalog/sei-rncs_rnch.pdf"; VariantName = "[No Variations]"
Add component (AddParameter): Name = "ComponentLink2Description"; Value = "DigiKey Link"; VariantName = "[No Variations]"
Add component (AddParameter): Name = "ComponentLink2URL"; Value = "https://www.digikey.com/en/products/detail/stackpole-electronics-inc/RNCS1206BKE1K00/1800333"; VariantName = "[No Variations]"
Add component (AddParameter): Name = "Composition"; Value = "Thin Film"; VariantName = "[No Variations]"
Add component (AddParameter): Name = "Device Package"; Value = "1206 (3216 Metric)"; VariantName = "[No Variations]"
Add component (AddParameter): Name = "Features"; Value = "Anti-Corrosive, Automotive AEC-Q200, Moisture Resistant"; VariantName = "[No Variations]"
Add component (AddParameter): Name = "Height - Seated (Max)"; Value = "0.026" (0.65mm)"; VariantName = "[No Variations]"
Add component (AddParameter): Name = "LastUpdated"; Value = "21.03.2022 18:41:15"; VariantName = "[No Variations]"
Add component (AddParameter): Name = "Lifecycle Status"; Value = "Active"; VariantName = "[No Variations]"
Add component (AddParameter): Name = "Manufacturer"; Value = "Stackpole Electronics Inc"; VariantName = "[No Variations]"
Add component (AddParameter): Name = "Minimum Order"; Value = "1"; VariantName = "[No Variations]"
Add component (AddParameter): Name = "Number of Terminations"; Value = "2"; VariantName = "[No Variations]"
Add component (AddParameter): Name = "Operating Temperature"; Value = "-55°C ~ 155°C"; VariantName = "[No Variations]"
Add component (AddParameter): Name = "Package / Case"; Value = "1206 (3216 Metric)"; VariantName = "[No Variations]"
Add component (AddParameter): Name = "Packaging"; Value = "TapeAndReel"; VariantName = "[No Variations]"
Add component (AddParameter): Name = "Part Number"; Value = "RNCS1206BKE1K00"; VariantName = "[No Variations]"
Add component (AddParameter): Name = "Part Status"; Value = "Active"; VariantName = "[No Variations]"
Add component (AddParameter): Name = "PartId"; Value = "26856"; VariantName = "[No Variations]"
Add component (AddParameter): Name = "Power (Watts)"; Value = "0.125W, 1/8W"; VariantName = "[No Variations]"
Add component (AddParameter): Name = "Price"; Value = "0.09"; VariantName = "[No Variations]"
Add component (AddParameter): Name = "Ratings"; Value = "AEC-Q200"; VariantName = "[No Variations]"
Add component (AddParameter): Name = "Resistance"; Value = "1 kOhms"; VariantName = "[No Variations]"
Add component (AddParameter): Name = "Series"; Value = "RNCS"; VariantName = "[No Variations]"
Add component (AddParameter): Name = "Size / Dimension"; Value = "0.120" L x 0.061" W (3.05mm x 1.55mm)"; VariantName = "[No Variations]"
Add component (AddParameter): Name = "Supplier 1"; Value = "DigiKey"; VariantName = "[No Variations]"
Add component (AddParameter): Name = "Supplier Device Package"; Value = "1206"; VariantName = "[No Variations]"
Add component (AddParameter): Name = "Supplier Part Number 1"; Value = "RNCS1206BKE1K00CT-ND"; VariantName = "[No Variations]"
Add component (AddParameter): Name = "Temperature Coefficient"; Value = "±25ppm/°C"; VariantName = "[No Variations]"
Add component (AddParameter): Name = "Tolerance"; Value = "±0.1%"; VariantName = "[No Variations]"
Add component (AddParameter): Name = "Value"; Value = "1 kOhms"; VariantName = "[No Variations]"
Added Component: Designator=R3(RES 0805_2012)
Add component (AddParameter): Name = "ComponentLink1Description"; Value = "Datasheet"; VariantName = "[No Variations]"
Add component (AddParameter): Name = "ComponentLink1URL"; Value = "https://www.te.com/commerce/DocumentDelivery/DDEController?Action=srchrtrv&DocNm=1773200&DocType=DS&DocLang=English"; VariantName = "[No Variations]"
Add component (AddParameter): Name = "ComponentLink2Description"; Value = "DigiKey Link"; VariantName = "[No Variations]"
Add component (AddParameter): Name = "ComponentLink2URL"; Value = "https://www.digikey.com/en/products/detail/te-connectivity-passive-product/CPF0805B1K0E/2390399"; VariantName = "[No Variations]"
Add component (AddParameter): Name = "Composition"; Value = "Thin Film"; VariantName = "[No Variations]"
Add component (AddParameter): Name = "Device Package"; Value = "0805 (2012 Metric)"; VariantName = "[No Variations]"
Add component (AddParameter): Name = "Height - Seated (Max)"; Value = "0.026" (0.65mm)"; VariantName = "[No Variations]"
Add component (AddParameter): Name = "LastUpdated"; Value = "21.03.2022 18:47:23"; VariantName = "[No Variations]"
Add component (AddParameter): Name = "Lifecycle Status"; Value = "Active"; VariantName = "[No Variations]"
Add component (AddParameter): Name = "Manufacturer"; Value = "TE Connectivity Passive Product"; VariantName = "[No Variations]"
Add component (AddParameter): Name = "Minimum Order"; Value = "1"; VariantName = "[No Variations]"
Add component (AddParameter): Name = "Number of Terminations"; Value = "2"; VariantName = "[No Variations]"
Add component (AddParameter): Name = "Operating Temperature"; Value = "-55°C ~ 155°C"; VariantName = "[No Variations]"
Add component (AddParameter): Name = "Package / Case"; Value = "0805 (2012 Metric)"; VariantName = "[No Variations]"
Add component (AddParameter): Name = "Packaging"; Value = "TapeAndReel"; VariantName = "[No Variations]"
Add component (AddParameter): Name = "Part Number"; Value = "CPF0805B1K0E"; VariantName = "[No Variations]"
Add component (AddParameter): Name = "Part Status"; Value = "Active"; VariantName = "[No Variations]"
Add component (AddParameter): Name = "PartId"; Value = "27725"; VariantName = "[No Variations]"
Add component (AddParameter): Name = "Power (Watts)"; Value = "0.1W, 1/10W"; VariantName = "[No Variations]"
Add component (AddParameter): Name = "Price"; Value = "0.10"; VariantName = "[No Variations]"
Add component (AddParameter): Name = "Resistance"; Value = "1 kOhms"; VariantName = "[No Variations]"
Add component (AddParameter): Name = "Series"; Value = "CPF, Neohm"; VariantName = "[No Variations]"
Add component (AddParameter): Name = "Size / Dimension"; Value = "0.079" L x 0.049" W (2.00mm x 1.25mm)"; VariantName = "[No Variations]"
Add component (AddParameter): Name = "Supplier 1"; Value = "DigiKey"; VariantName = "[No Variations]"
Add component (AddParameter): Name = "Supplier Device Package"; Value = "0805"; VariantName = "[No Variations]"
Add component (AddParameter): Name = "Supplier Part Number 1"; Value = "A106044CT-ND"; VariantName = "[No Variations]"
Add component (AddParameter): Name = "Temperature Coefficient"; Value = "±25ppm/°C"; VariantName = "[No Variations]"
Add component (AddParameter): Name = "Tolerance"; Value = "±0.1%"; VariantName = "[No Variations]"
Add component (AddParameter): Name = "Value"; Value = "1 kOhms"; VariantName = "[No Variations]"
Added Pin To Net: NetName=+3.3V Pin=C1-2
Added Pin To Net: NetName=+3.3V Pin=C2-2
Added Pin To Net: NetName=+3.3V Pin=C3-1
Added Pin To Net: NetName=+3.3V Pin=C4-1
Added Pin To Net: NetName=+3.3V Pin=MCU1-37
Added Pin To Net: NetName=+3.3V Pin=MCU1-40
Added Pin To Net: NetName=+3.3V Pin=P1-1
Added Pin To Net: NetName=+3.3V Pin=P1-2
Added Pin To Net: NetName=+3.3V Pin=P6-1
Added Pin To Net: NetName=+3.3V Pin=P9-7
Added Pin To Net: NetName=+3.3V Pin=P9-10
Added Pin To Net: NetName=+3.3V Pin=R2-2
Added Net: Name=+3.3V
Added Pin To Net: NetName=GND Pin=C1-1
Added Pin To Net: NetName=GND Pin=C2-1
Added Pin To Net: NetName=GND Pin=C3-2
Added Pin To Net: NetName=GND Pin=C4-2
Added Pin To Net: NetName=GND Pin=D1-2
Added Pin To Net: NetName=GND Pin=MCU1-1
Added Pin To Net: NetName=GND Pin=MCU1-2
Added Pin To Net: NetName=GND Pin=MCU1-16
Added Pin To Net: NetName=GND Pin=MCU1-25
Added Pin To Net: NetName=GND Pin=MCU1-26
Added Pin To Net: NetName=GND Pin=MCU1-27
Added Pin To Net: NetName=GND Pin=MCU1-28
Added Pin To Net: NetName=GND Pin=MCU1-29
Added Pin To Net: NetName=GND Pin=MCU1-30
Added Pin To Net: NetName=GND Pin=MCU1-32
Added Pin To Net: NetName=GND Pin=MCU1-38
Added Pin To Net: NetName=GND Pin=MCU1-43
Added Pin To Net: NetName=GND Pin=MCU1-55
Added Pin To Net: NetName=GND Pin=MCU1-56
Added Pin To Net: NetName=GND Pin=MCU1-57
Added Pin To Net: NetName=GND Pin=MCU1-58
Added Pin To Net: NetName=GND Pin=MCU1-59
Added Pin To Net: NetName=GND Pin=MCU1-60
Added Pin To Net: NetName=GND Pin=MCU1-61
Added Pin To Net: NetName=GND Pin=MCU1-62
Added Pin To Net: NetName=GND Pin=MCU1-63
Added Pin To Net: NetName=GND Pin=P1-4
Added Pin To Net: NetName=GND Pin=P1-6
Added Pin To Net: NetName=GND Pin=P1-8
Added Pin To Net: NetName=GND Pin=P1-10
Added Pin To Net: NetName=GND Pin=P1-12
Added Pin To Net: NetName=GND Pin=P1-14
Added Pin To Net: NetName=GND Pin=P1-16
Added Pin To Net: NetName=GND Pin=P1-18
Added Pin To Net: NetName=GND Pin=P1-20
Added Pin To Net: NetName=GND Pin=P8-1
Added Pin To Net: NetName=GND Pin=P8-2
Added Pin To Net: NetName=GND Pin=P8-16
Added Pin To Net: NetName=GND Pin=P8-25
Added Pin To Net: NetName=GND Pin=P8-26
Added Pin To Net: NetName=GND Pin=P8-27
Added Pin To Net: NetName=GND Pin=P8-28
Added Pin To Net: NetName=GND Pin=P8-29
Added Pin To Net: NetName=GND Pin=P8-30
Added Pin To Net: NetName=GND Pin=P9-2
Added Pin To Net: NetName=GND Pin=P9-8
Added Pin To Net: NetName=GND Pin=P9-13
Added Pin To Net: NetName=GND Pin=P9-25
Added Pin To Net: NetName=GND Pin=P9-26
Added Pin To Net: NetName=GND Pin=P9-27
Added Pin To Net: NetName=GND Pin=P9-28
Added Pin To Net: NetName=GND Pin=P9-29
Added Pin To Net: NetName=GND Pin=P9-30
Added Pin To Net: NetName=GND Pin=R1-1
Added Net: Name=GND
Added Pin To Net: NetName=NetD1_1 Pin=D1-1
Added Pin To Net: NetName=NetD1_1 Pin=R3-1
Added Net: Name=NetD1_1
Added Pin To Net: NetName=NetMCU1_3 Pin=MCU1-3
Added Pin To Net: NetName=NetMCU1_3 Pin=P8-3
Added Net: Name=NetMCU1_3
Added Pin To Net: NetName=NetMCU1_4 Pin=MCU1-4
Added Pin To Net: NetName=NetMCU1_4 Pin=P8-4
Added Net: Name=NetMCU1_4
Added Pin To Net: NetName=NetMCU1_5 Pin=MCU1-5
Added Pin To Net: NetName=NetMCU1_5 Pin=P8-5
Added Net: Name=NetMCU1_5
Added Pin To Net: NetName=NetMCU1_6 Pin=MCU1-6
Added Pin To Net: NetName=NetMCU1_6 Pin=P8-6
Added Net: Name=NetMCU1_6
Added Pin To Net: NetName=NetMCU1_7 Pin=MCU1-7
Added Pin To Net: NetName=NetMCU1_7 Pin=P8-7
Added Net: Name=NetMCU1_7
Added Pin To Net: NetName=NetMCU1_8 Pin=MCU1-8
Added Pin To Net: NetName=NetMCU1_8 Pin=P8-8
Added Net: Name=NetMCU1_8
Added Pin To Net: NetName=NetMCU1_9 Pin=MCU1-9
Added Pin To Net: NetName=NetMCU1_9 Pin=P8-9
Added Net: Name=NetMCU1_9
Added Pin To Net: NetName=NetMCU1_10 Pin=MCU1-10
Added Pin To Net: NetName=NetMCU1_10 Pin=P8-10
Added Net: Name=NetMCU1_10
Added Pin To Net: NetName=NetMCU1_11 Pin=MCU1-11
Added Pin To Net: NetName=NetMCU1_11 Pin=P8-11
Added Net: Name=NetMCU1_11
Added Pin To Net: NetName=NetMCU1_12 Pin=MCU1-12
Added Pin To Net: NetName=NetMCU1_12 Pin=P1-5
Added Pin To Net: NetName=NetMCU1_12 Pin=P5-1
Added Net: Name=NetMCU1_12
Added Pin To Net: NetName=NetMCU1_13 Pin=MCU1-13
Added Pin To Net: NetName=NetMCU1_13 Pin=P3-4
Added Pin To Net: NetName=NetMCU1_13 Pin=P8-13
Added Net: Name=NetMCU1_13
Added Pin To Net: NetName=NetMCU1_14 Pin=MCU1-14
Added Pin To Net: NetName=NetMCU1_14 Pin=P3-2
Added Pin To Net: NetName=NetMCU1_14 Pin=P8-14
Added Net: Name=NetMCU1_14
Added Pin To Net: NetName=NetMCU1_15 Pin=MCU1-15
Added Pin To Net: NetName=NetMCU1_15 Pin=P3-1
Added Pin To Net: NetName=NetMCU1_15 Pin=P8-15
Added Net: Name=NetMCU1_15
Added Pin To Net: NetName=NetMCU1_17 Pin=MCU1-17
Added Pin To Net: NetName=NetMCU1_17 Pin=P3-3
Added Pin To Net: NetName=NetMCU1_17 Pin=P8-17
Added Net: Name=NetMCU1_17
Added Pin To Net: NetName=NetMCU1_18 Pin=MCU1-18
Added Pin To Net: NetName=NetMCU1_18 Pin=P1-7
Added Pin To Net: NetName=NetMCU1_18 Pin=P5-2
Added Pin To Net: NetName=NetMCU1_18 Pin=P8-18
Added Net: Name=NetMCU1_18
Added Pin To Net: NetName=NetMCU1_19 Pin=MCU1-19
Added Pin To Net: NetName=NetMCU1_19 Pin=P8-19
Added Net: Name=NetMCU1_19
Added Pin To Net: NetName=NetMCU1_21 Pin=MCU1-21
Added Pin To Net: NetName=NetMCU1_21 Pin=P1-9
Added Pin To Net: NetName=NetMCU1_21 Pin=P5-3
Added Pin To Net: NetName=NetMCU1_21 Pin=P8-21
Added Net: Name=NetMCU1_21
Added Pin To Net: NetName=NetMCU1_22 Pin=MCU1-22
Added Pin To Net: NetName=NetMCU1_22 Pin=P1-13
Added Pin To Net: NetName=NetMCU1_22 Pin=P5-4
Added Pin To Net: NetName=NetMCU1_22 Pin=P8-22
Added Net: Name=NetMCU1_22
Added Pin To Net: NetName=NetMCU1_23 Pin=MCU1-23
Added Pin To Net: NetName=NetMCU1_23 Pin=P4-6
Added Pin To Net: NetName=NetMCU1_23 Pin=P8-23
Added Net: Name=NetMCU1_23
Added Pin To Net: NetName=NetMCU1_24 Pin=MCU1-24
Added Pin To Net: NetName=NetMCU1_24 Pin=P4-4
Added Pin To Net: NetName=NetMCU1_24 Pin=P8-24
Added Net: Name=NetMCU1_24
Added Pin To Net: NetName=NetMCU1_34 Pin=MCU1-34
Added Pin To Net: NetName=NetMCU1_34 Pin=P4-2
Added Pin To Net: NetName=NetMCU1_34 Pin=P9-4
Added Net: Name=NetMCU1_34
Added Pin To Net: NetName=NetMCU1_35 Pin=MCU1-35
Added Pin To Net: NetName=NetMCU1_35 Pin=P6-3
Added Pin To Net: NetName=NetMCU1_35 Pin=P9-5
Added Net: Name=NetMCU1_35
Added Pin To Net: NetName=NetMCU1_36 Pin=MCU1-36
Added Pin To Net: NetName=NetMCU1_36 Pin=P6-2
Added Pin To Net: NetName=NetMCU1_36 Pin=P9-6
Added Net: Name=NetMCU1_36
Added Pin To Net: NetName=NetMCU1_42 Pin=MCU1-42
Added Pin To Net: NetName=NetMCU1_42 Pin=P9-12
Added Pin To Net: NetName=NetMCU1_42 Pin=P10-1
Added Net: Name=NetMCU1_42
Added Pin To Net: NetName=NetMCU1_44 Pin=MCU1-44
Added Pin To Net: NetName=NetMCU1_44 Pin=P9-14
Added Net: Name=NetMCU1_44
Added Pin To Net: NetName=NetMCU1_46 Pin=MCU1-46
Added Pin To Net: NetName=NetMCU1_46 Pin=P9-16
Added Net: Name=NetMCU1_46
Added Pin To Net: NetName=NetMCU1_47 Pin=MCU1-47
Added Pin To Net: NetName=NetMCU1_47 Pin=P9-17
Added Net: Name=NetMCU1_47
Added Pin To Net: NetName=NetMCU1_48 Pin=MCU1-48
Added Pin To Net: NetName=NetMCU1_48 Pin=P7-1
Added Pin To Net: NetName=NetMCU1_48 Pin=P9-18
Added Net: Name=NetMCU1_48
Added Pin To Net: NetName=NetMCU1_49 Pin=MCU1-49
Added Pin To Net: NetName=NetMCU1_49 Pin=P7-2
Added Pin To Net: NetName=NetMCU1_49 Pin=P9-19
Added Net: Name=NetMCU1_49
Added Pin To Net: NetName=NetMCU1_50 Pin=MCU1-50
Added Pin To Net: NetName=NetMCU1_50 Pin=P7-3
Added Pin To Net: NetName=NetMCU1_50 Pin=P9-20
Added Net: Name=NetMCU1_50
Added Pin To Net: NetName=NetMCU1_51 Pin=MCU1-51
Added Pin To Net: NetName=NetMCU1_51 Pin=P7-4
Added Pin To Net: NetName=NetMCU1_51 Pin=P9-21
Added Net: Name=NetMCU1_51
Added Pin To Net: NetName=NetMCU1_52 Pin=MCU1-52
Added Pin To Net: NetName=NetMCU1_52 Pin=P7-5
Added Pin To Net: NetName=NetMCU1_52 Pin=P9-22
Added Net: Name=NetMCU1_52
Added Pin To Net: NetName=NetMCU1_53 Pin=MCU1-53
Added Pin To Net: NetName=NetMCU1_53 Pin=P9-23
Added Net: Name=NetMCU1_53
Added Pin To Net: NetName=NetMCU1_54 Pin=MCU1-54
Added Pin To Net: NetName=NetMCU1_54 Pin=P9-24
Added Net: Name=NetMCU1_54
Added Pin To Net: NetName=NetP1_3 Pin=P1-3
Added Pin To Net: NetName=NetP1_3 Pin=R1-2
Added Net: Name=NetP1_3
Added Pin To Net: NetName=NetP1_11 Pin=P1-11
Added Pin To Net: NetName=NetP1_11 Pin=P2-1
Added Net: Name=NetP1_11
Added Pin To Net: NetName=NetP1_15 Pin=P1-15
Added Pin To Net: NetName=NetP1_15 Pin=P2-2
Added Net: Name=NetP1_15
Added Pin To Net: NetName=NetP4_1 Pin=P4-1
Added Pin To Net: NetName=NetP4_1 Pin=P4-3
Added Pin To Net: NetName=NetP4_1 Pin=P4-5
Added Pin To Net: NetName=NetP4_1 Pin=R2-1
Added Net: Name=NetP4_1
Added Pin To Net: NetName=NetP10_2 Pin=P10-2
Added Pin To Net: NetName=NetP10_2 Pin=R3-2
Added Net: Name=NetP10_2
Added Class: Name=Development Board
Added Room: Name=Development Board
