ARM GAS  C:\Users\Morroway\AppData\Local\Temp\ccC6b6Ff.s 			page 1


   1              		.cpu cortex-m4
   2              		.arch armv7e-m
   3              		.fpu fpv4-sp-d16
   4              		.eabi_attribute 27, 1
   5              		.eabi_attribute 28, 1
   6              		.eabi_attribute 20, 1
   7              		.eabi_attribute 21, 1
   8              		.eabi_attribute 23, 3
   9              		.eabi_attribute 24, 1
  10              		.eabi_attribute 25, 1
  11              		.eabi_attribute 26, 1
  12              		.eabi_attribute 30, 1
  13              		.eabi_attribute 34, 1
  14              		.eabi_attribute 18, 4
  15              		.file	"GCodes.c"
  16              		.text
  17              	.Ltext0:
  18              		.cfi_sections	.debug_frame
  19              		.section	.text.M105,"ax",%progbits
  20              		.align	1
  21              		.global	M105
  22              		.syntax unified
  23              		.thumb
  24              		.thumb_func
  26              	M105:
  27              	.LVL0:
  28              	.LFB321:
  29              		.file 1 "Core/Src/GCodes.c"
   1:Core/Src/GCodes.c **** #include "GCodes.h"
   2:Core/Src/GCodes.c **** #include "Config.h"
   3:Core/Src/GCodes.c **** #include "main.h"
   4:Core/Src/GCodes.c **** #include "Functions.h"
   5:Core/Src/GCodes.c **** 
   6:Core/Src/GCodes.c **** void M105(uint16_t R, uint16_t T)
   7:Core/Src/GCodes.c **** {
  30              		.loc 1 7 1 view -0
  31              		.cfi_startproc
  32              		@ args = 0, pretend = 0, frame = 0
  33              		@ frame_needed = 0, uses_anonymous_args = 0
  34              		.loc 1 7 1 is_stmt 0 view .LVU1
  35 0000 08B5     		push	{r3, lr}
  36              		.cfi_def_cfa_offset 8
  37              		.cfi_offset 3, -8
  38              		.cfi_offset 14, -4
   8:Core/Src/GCodes.c ****     
   9:Core/Src/GCodes.c ****     print();
  39              		.loc 1 9 5 is_stmt 1 view .LVU2
  40 0002 FFF7FEFF 		bl	print
  41              	.LVL1:
  10:Core/Src/GCodes.c **** }...
  42              		.loc 1 10 1 is_stmt 0 view .LVU3
  43 0006 08BD     		pop	{r3, pc}
  44              		.cfi_endproc
  45              	.LFE321:
  47              		.text
  48              	.Letext0:
  49              		.file 2 "c:\\users\\morroway\\appdata\\roaming\\code\\user\\globalstorage\\bmd.stm32-for-vscode\\@
ARM GAS  C:\Users\Morroway\AppData\Local\Temp\ccC6b6Ff.s 			page 2


  50              		.file 3 "c:\\users\\morroway\\appdata\\roaming\\code\\user\\globalstorage\\bmd.stm32-for-vscode\\@
  51              		.file 4 "Core/Inc/main.h"
ARM GAS  C:\Users\Morroway\AppData\Local\Temp\ccC6b6Ff.s 			page 3


DEFINED SYMBOLS
                            *ABS*:0000000000000000 GCodes.c
C:\Users\Morroway\AppData\Local\Temp\ccC6b6Ff.s:20     .text.M105:0000000000000000 $t
C:\Users\Morroway\AppData\Local\Temp\ccC6b6Ff.s:26     .text.M105:0000000000000000 M105

UNDEFINED SYMBOLS
print
