ARM GAS  C:\Users\isan\AppData\Local\Temp\cckW4hwW.s 			page 1


   1              		.cpu cortex-m4
   2              		.arch armv7e-m
   3              		.fpu fpv4-sp-d16
   4              		.eabi_attribute 27, 1
   5              		.eabi_attribute 28, 1
   6              		.eabi_attribute 20, 1
   7              		.eabi_attribute 21, 1
   8              		.eabi_attribute 23, 3
   9              		.eabi_attribute 24, 1
  10              		.eabi_attribute 25, 1
  11              		.eabi_attribute 26, 1
  12              		.eabi_attribute 30, 6
  13              		.eabi_attribute 34, 1
  14              		.eabi_attribute 18, 4
  15              		.file	"Parser.c"
  16              		.text
  17              	.Ltext0:
  18              		.cfi_sections	.debug_frame
  19              		.section	.bss.msg_buffer,"aw",%nobits
  20              		.align	2
  23              	msg_buffer:
  24 0000 00000000 		.space	30
  24      00000000 
  24      00000000 
  24      00000000 
  24      00000000 
  25              		.section	.bss.RxBuf,"aw",%nobits
  26              		.align	2
  29              	RxBuf:
  30 0000 00000000 		.space	20
  30      00000000 
  30      00000000 
  30      00000000 
  30      00000000 
  31              		.global	R
  32              		.section	.bss.R,"aw",%nobits
  33              		.align	1
  36              	R:
  37 0000 0000     		.space	2
  38              		.global	T
  39              		.section	.bss.T,"aw",%nobits
  40              		.align	1
  43              	T:
  44 0000 0000     		.space	2
  45              		.global	S
  46              		.section	.bss.S,"aw",%nobits
  47              		.align	1
  50              	S:
  51 0000 0000     		.space	2
  52              		.global	interval
  53              		.section	.bss.interval,"aw",%nobits
  54              		.align	1
  57              	interval:
  58 0000 0000     		.space	2
  59              		.global	F
  60              		.section	.bss.F,"aw",%nobits
  61              		.align	1
ARM GAS  C:\Users\isan\AppData\Local\Temp\cckW4hwW.s 			page 2


  64              	F:
  65 0000 0000     		.space	2
  66              		.global	E
  67              		.section	.bss.E,"aw",%nobits
  68              		.align	3
  71              	E:
  72 0000 00000000 		.space	8
  72      00000000 
  73              		.global	X
  74              		.section	.bss.X,"aw",%nobits
  75              		.align	3
  78              	X:
  79 0000 00000000 		.space	8
  79      00000000 
  80              		.global	Y
  81              		.section	.bss.Y,"aw",%nobits
  82              		.align	3
  85              	Y:
  86 0000 00000000 		.space	8
  86      00000000 
  87              		.global	Z
  88              		.section	.bss.Z,"aw",%nobits
  89              		.align	3
  92              	Z:
  93 0000 00000000 		.space	8
  93      00000000 
  94              		.global	temp_goal
  95              		.section	.bss.temp_goal,"aw",%nobits
  96              		.align	1
  99              	temp_goal:
 100 0000 0000     		.space	2
 101              		.global	Cur_temp
 102              		.section	.bss.Cur_temp,"aw",%nobits
 103              		.align	1
 106              	Cur_temp:
 107 0000 0000     		.space	2
 108              		.section	.text.reset_args,"ax",%progbits
 109              		.align	1
 110              		.global	reset_args
 111              		.syntax unified
 112              		.thumb
 113              		.thumb_func
 115              	reset_args:
 116              	.LFB321:
 117              		.file 1 "Core/Src/Parser.c"
   1:Core/Src/Parser.c **** #include "Parser.h"
   2:Core/Src/Parser.c **** 
   3:Core/Src/Parser.c **** uint16_t R, T, S;
   4:Core/Src/Parser.c **** uint16_t interval = 0;
   5:Core/Src/Parser.c **** uint16_t F = 0;
   6:Core/Src/Parser.c **** double E = 0;
   7:Core/Src/Parser.c **** double X = 0;
   8:Core/Src/Parser.c **** double Y = 0;
   9:Core/Src/Parser.c **** double Z = 0;
  10:Core/Src/Parser.c **** uint16_t temp_goal = 0;
  11:Core/Src/Parser.c **** uint16_t Cur_temp = 0;
  12:Core/Src/Parser.c **** 
ARM GAS  C:\Users\isan\AppData\Local\Temp\cckW4hwW.s 			page 3


  13:Core/Src/Parser.c **** 
  14:Core/Src/Parser.c **** void reset_args()
  15:Core/Src/Parser.c **** {
 118              		.loc 1 15 1
 119              		.cfi_startproc
 120              		@ args = 0, pretend = 0, frame = 0
 121              		@ frame_needed = 1, uses_anonymous_args = 0
 122              		@ link register save eliminated.
 123 0000 80B4     		push	{r7}
 124              		.cfi_def_cfa_offset 4
 125              		.cfi_offset 7, -4
 126 0002 00AF     		add	r7, sp, #0
 127              		.cfi_def_cfa_register 7
  16:Core/Src/Parser.c ****     R = -1;
 128              		.loc 1 16 7
 129 0004 074B     		ldr	r3, .L2
 130 0006 4FF6FF72 		movw	r2, #65535
 131 000a 1A80     		strh	r2, [r3]	@ movhi
  17:Core/Src/Parser.c ****     T = 0;
 132              		.loc 1 17 7
 133 000c 064B     		ldr	r3, .L2+4
 134 000e 0022     		movs	r2, #0
 135 0010 1A80     		strh	r2, [r3]	@ movhi
  18:Core/Src/Parser.c ****     S = 0;
 136              		.loc 1 18 7
 137 0012 064B     		ldr	r3, .L2+8
 138 0014 0022     		movs	r2, #0
 139 0016 1A80     		strh	r2, [r3]	@ movhi
  19:Core/Src/Parser.c **** }
 140              		.loc 1 19 1
 141 0018 00BF     		nop
 142 001a BD46     		mov	sp, r7
 143              		.cfi_def_cfa_register 13
 144              		@ sp needed
 145 001c 5DF8047B 		ldr	r7, [sp], #4
 146              		.cfi_restore 7
 147              		.cfi_def_cfa_offset 0
 148 0020 7047     		bx	lr
 149              	.L3:
 150 0022 00BF     		.align	2
 151              	.L2:
 152 0024 00000000 		.word	R
 153 0028 00000000 		.word	T
 154 002c 00000000 		.word	S
 155              		.cfi_endproc
 156              	.LFE321:
 158              		.section	.rodata
 159              		.align	2
 160              	.LC0:
 161 0000 2000     		.ascii	" \000"
 162              		.section	.text.get_command,"ax",%progbits
 163              		.align	1
 164              		.global	get_command
 165              		.syntax unified
 166              		.thumb
 167              		.thumb_func
 169              	get_command:
ARM GAS  C:\Users\isan\AppData\Local\Temp\cckW4hwW.s 			page 4


 170              	.LFB322:
  20:Core/Src/Parser.c **** 
  21:Core/Src/Parser.c **** void get_command(uint8_t buf[])
  22:Core/Src/Parser.c **** {
 171              		.loc 1 22 1
 172              		.cfi_startproc
 173              		@ args = 0, pretend = 0, frame = 16
 174              		@ frame_needed = 1, uses_anonymous_args = 0
 175 0000 80B5     		push	{r7, lr}
 176              		.cfi_def_cfa_offset 8
 177              		.cfi_offset 7, -8
 178              		.cfi_offset 14, -4
 179 0002 84B0     		sub	sp, sp, #16
 180              		.cfi_def_cfa_offset 24
 181 0004 00AF     		add	r7, sp, #0
 182              		.cfi_def_cfa_register 7
 183 0006 7860     		str	r0, [r7, #4]
  23:Core/Src/Parser.c ****     char *command;
  24:Core/Src/Parser.c ****     char *delim = " ";
 184              		.loc 1 24 11
 185 0008 3C4B     		ldr	r3, .L19
 186 000a FB60     		str	r3, [r7, #12]
  25:Core/Src/Parser.c **** 
  26:Core/Src/Parser.c ****     split_gcode(buf);
 187              		.loc 1 26 5
 188 000c 7868     		ldr	r0, [r7, #4]
 189 000e FFF7FEFF 		bl	split_gcode
  27:Core/Src/Parser.c ****     command = strtok(buf, delim);
 190              		.loc 1 27 15
 191 0012 F968     		ldr	r1, [r7, #12]
 192 0014 7868     		ldr	r0, [r7, #4]
 193 0016 FFF7FEFF 		bl	strtok
 194 001a B860     		str	r0, [r7, #8]
  28:Core/Src/Parser.c ****     switch (command[0])
 195              		.loc 1 28 20
 196 001c BB68     		ldr	r3, [r7, #8]
 197 001e 1B78     		ldrb	r3, [r3]	@ zero_extendqisi2
 198              		.loc 1 28 5
 199 0020 472B     		cmp	r3, #71
 200 0022 37D0     		beq	.L5
 201 0024 4D2B     		cmp	r3, #77
 202 0026 5ED1     		bne	.L6
  29:Core/Src/Parser.c ****     {
  30:Core/Src/Parser.c ****     case 'M':
  31:Core/Src/Parser.c ****         HAL_Delay(1);
 203              		.loc 1 31 9
 204 0028 0120     		movs	r0, #1
 205 002a FFF7FEFF 		bl	HAL_Delay
  32:Core/Src/Parser.c ****         switch (atoi(buf + 1))
 206              		.loc 1 32 26
 207 002e 7B68     		ldr	r3, [r7, #4]
 208 0030 0133     		adds	r3, r3, #1
 209              		.loc 1 32 17
 210 0032 1846     		mov	r0, r3
 211 0034 FFF7FEFF 		bl	atoi
 212 0038 0346     		mov	r3, r0
 213 003a 9B2B     		cmp	r3, #155
ARM GAS  C:\Users\isan\AppData\Local\Temp\cckW4hwW.s 			page 5


 214 003c 1FD0     		beq	.L7
 215 003e 9B2B     		cmp	r3, #155
 216 0040 4EDC     		bgt	.L16
 217 0042 6A2B     		cmp	r3, #106
 218 0044 15D0     		beq	.L9
 219 0046 6A2B     		cmp	r3, #106
 220 0048 4ADC     		bgt	.L16
 221 004a 682B     		cmp	r3, #104
 222 004c 0AD0     		beq	.L10
 223 004e 692B     		cmp	r3, #105
 224 0050 46D1     		bne	.L16
  33:Core/Src/Parser.c ****         {
  34:Core/Src/Parser.c ****         case 105:
  35:Core/Src/Parser.c ****             M105(R, T);
 225              		.loc 1 35 13
 226 0052 2B4B     		ldr	r3, .L19+4
 227 0054 1B88     		ldrh	r3, [r3]
 228 0056 2B4A     		ldr	r2, .L19+8
 229 0058 1288     		ldrh	r2, [r2]
 230 005a 1146     		mov	r1, r2
 231 005c 1846     		mov	r0, r3
 232 005e FFF7FEFF 		bl	M105
  36:Core/Src/Parser.c ****             break;
 233              		.loc 1 36 13
 234 0062 16E0     		b	.L8
 235              	.L10:
  37:Core/Src/Parser.c ****         case 104:
  38:Core/Src/Parser.c ****             temp_goal = S;
 236              		.loc 1 38 23
 237 0064 284B     		ldr	r3, .L19+12
 238 0066 1A88     		ldrh	r2, [r3]
 239 0068 284B     		ldr	r3, .L19+16
 240 006a 1A80     		strh	r2, [r3]	@ movhi
  39:Core/Src/Parser.c ****             M104();
 241              		.loc 1 39 13
 242 006c FFF7FEFF 		bl	M104
  40:Core/Src/Parser.c ****             break;
 243              		.loc 1 40 13
 244 0070 0FE0     		b	.L8
 245              	.L9:
  41:Core/Src/Parser.c ****         case 106:
  42:Core/Src/Parser.c ****             M106(S);
 246              		.loc 1 42 13
 247 0072 254B     		ldr	r3, .L19+12
 248 0074 1B88     		ldrh	r3, [r3]
 249 0076 1846     		mov	r0, r3
 250 0078 FFF7FEFF 		bl	M106
  43:Core/Src/Parser.c ****             break;
 251              		.loc 1 43 13
 252 007c 09E0     		b	.L8
 253              	.L7:
  44:Core/Src/Parser.c ****         case 155:
  45:Core/Src/Parser.c ****             interval = M155(S);
 254              		.loc 1 45 24
 255 007e 224B     		ldr	r3, .L19+12
 256 0080 1B88     		ldrh	r3, [r3]
 257 0082 1846     		mov	r0, r3
ARM GAS  C:\Users\isan\AppData\Local\Temp\cckW4hwW.s 			page 6


 258 0084 FFF7FEFF 		bl	M155
 259 0088 0346     		mov	r3, r0
 260 008a 1A46     		mov	r2, r3
 261              		.loc 1 45 22
 262 008c 204B     		ldr	r3, .L19+20
 263 008e 1A80     		strh	r2, [r3]	@ movhi
  46:Core/Src/Parser.c ****             break;
 264              		.loc 1 46 13
 265 0090 00BF     		nop
 266              	.L8:
  47:Core/Src/Parser.c ****         }
  48:Core/Src/Parser.c ****         break;
 267              		.loc 1 48 9 discriminator 1
 268 0092 25E0     		b	.L16
 269              	.L5:
  49:Core/Src/Parser.c ****     case 'G':
  50:Core/Src/Parser.c ****         HAL_Delay(1);
 270              		.loc 1 50 9
 271 0094 0120     		movs	r0, #1
 272 0096 FFF7FEFF 		bl	HAL_Delay
  51:Core/Src/Parser.c ****         switch(atoi(buf + 1))
 273              		.loc 1 51 25
 274 009a 7B68     		ldr	r3, [r7, #4]
 275 009c 0133     		adds	r3, r3, #1
 276              		.loc 1 51 16
 277 009e 1846     		mov	r0, r3
 278 00a0 FFF7FEFF 		bl	atoi
 279 00a4 0346     		mov	r3, r0
 280 00a6 322B     		cmp	r3, #50
 281 00a8 0BD0     		beq	.L11
 282 00aa 322B     		cmp	r3, #50
 283 00ac 1ADC     		bgt	.L17
 284 00ae 012B     		cmp	r3, #1
 285 00b0 02DC     		bgt	.L13
 286 00b2 002B     		cmp	r3, #0
 287 00b4 12DA     		bge	.L18
  52:Core/Src/Parser.c ****         {
  53:Core/Src/Parser.c ****             case 0:
  54:Core/Src/Parser.c ****             case 1:
  55:Core/Src/Parser.c ****                 break;
  56:Core/Src/Parser.c ****             case 28:
  57:Core/Src/Parser.c ****                 G28();
  58:Core/Src/Parser.c ****                 break;
  59:Core/Src/Parser.c ****             case 50:
  60:Core/Src/Parser.c ****                 last_time_X = GetTicks();
  61:Core/Src/Parser.c ****                 g50_steps = 0;
  62:Core/Src/Parser.c ****                 G50_works = true;
  63:Core/Src/Parser.c ****                 break;
  64:Core/Src/Parser.c ****         }
  65:Core/Src/Parser.c ****         break;
 288              		.loc 1 65 9
 289 00b6 15E0     		b	.L17
 290              	.L13:
 291 00b8 1C2B     		cmp	r3, #28
 292 00ba 13D1     		bne	.L17
  57:Core/Src/Parser.c ****                 break;
 293              		.loc 1 57 17
ARM GAS  C:\Users\isan\AppData\Local\Temp\cckW4hwW.s 			page 7


 294 00bc FFF7FEFF 		bl	G28
  58:Core/Src/Parser.c ****             case 50:
 295              		.loc 1 58 17
 296 00c0 0DE0     		b	.L12
 297              	.L11:
  60:Core/Src/Parser.c ****                 g50_steps = 0;
 298              		.loc 1 60 31
 299 00c2 FFF7FEFF 		bl	GetTicks
 300 00c6 0346     		mov	r3, r0
 301 00c8 1A46     		mov	r2, r3
  60:Core/Src/Parser.c ****                 g50_steps = 0;
 302              		.loc 1 60 29
 303 00ca 124B     		ldr	r3, .L19+24
 304 00cc 1A60     		str	r2, [r3]
  61:Core/Src/Parser.c ****                 G50_works = true;
 305              		.loc 1 61 27
 306 00ce 124B     		ldr	r3, .L19+28
 307 00d0 0022     		movs	r2, #0
 308 00d2 1A60     		str	r2, [r3]
  62:Core/Src/Parser.c ****                 break;
 309              		.loc 1 62 27
 310 00d4 114B     		ldr	r3, .L19+32
 311 00d6 0122     		movs	r2, #1
 312 00d8 1A70     		strb	r2, [r3]
  63:Core/Src/Parser.c ****         }
 313              		.loc 1 63 17
 314 00da 00E0     		b	.L12
 315              	.L18:
  55:Core/Src/Parser.c ****             case 28:
 316              		.loc 1 55 17
 317 00dc 00BF     		nop
 318              	.L12:
 319              		.loc 1 65 9 discriminator 2
 320 00de 01E0     		b	.L17
 321              	.L16:
  48:Core/Src/Parser.c ****     case 'G':
 322              		.loc 1 48 9
 323 00e0 00BF     		nop
 324 00e2 00E0     		b	.L6
 325              	.L17:
 326              		.loc 1 65 9
 327 00e4 00BF     		nop
 328              	.L6:
  66:Core/Src/Parser.c ****     }
  67:Core/Src/Parser.c ****     reset_args();
 329              		.loc 1 67 5
 330 00e6 FFF7FEFF 		bl	reset_args
  68:Core/Src/Parser.c ****     memset(&command[0], 0, sizeof(command));
 331              		.loc 1 68 5
 332 00ea 0422     		movs	r2, #4
 333 00ec 0021     		movs	r1, #0
 334 00ee B868     		ldr	r0, [r7, #8]
 335 00f0 FFF7FEFF 		bl	memset
  69:Core/Src/Parser.c **** }
 336              		.loc 1 69 1
 337 00f4 00BF     		nop
 338 00f6 1037     		adds	r7, r7, #16
ARM GAS  C:\Users\isan\AppData\Local\Temp\cckW4hwW.s 			page 8


 339              		.cfi_def_cfa_offset 8
 340 00f8 BD46     		mov	sp, r7
 341              		.cfi_def_cfa_register 13
 342              		@ sp needed
 343 00fa 80BD     		pop	{r7, pc}
 344              	.L20:
 345              		.align	2
 346              	.L19:
 347 00fc 00000000 		.word	.LC0
 348 0100 00000000 		.word	R
 349 0104 00000000 		.word	T
 350 0108 00000000 		.word	S
 351 010c 00000000 		.word	temp_goal
 352 0110 00000000 		.word	interval
 353 0114 00000000 		.word	last_time_X
 354 0118 00000000 		.word	g50_steps
 355 011c 00000000 		.word	G50_works
 356              		.cfi_endproc
 357              	.LFE322:
 359              		.section	.text.split_gcode,"ax",%progbits
 360              		.align	1
 361              		.global	split_gcode
 362              		.syntax unified
 363              		.thumb
 364              		.thumb_func
 366              	split_gcode:
 367              	.LFB323:
  70:Core/Src/Parser.c **** 
  71:Core/Src/Parser.c **** void split_gcode(uint8_t buf[])
  72:Core/Src/Parser.c **** {
 368              		.loc 1 72 1
 369              		.cfi_startproc
 370              		@ args = 0, pretend = 0, frame = 16
 371              		@ frame_needed = 1, uses_anonymous_args = 0
 372 0000 80B5     		push	{r7, lr}
 373              		.cfi_def_cfa_offset 8
 374              		.cfi_offset 7, -8
 375              		.cfi_offset 14, -4
 376 0002 84B0     		sub	sp, sp, #16
 377              		.cfi_def_cfa_offset 24
 378 0004 00AF     		add	r7, sp, #0
 379              		.cfi_def_cfa_register 7
 380 0006 7860     		str	r0, [r7, #4]
  73:Core/Src/Parser.c ****     char *buf2;
  74:Core/Src/Parser.c ****     HAL_Delay(1);
 381              		.loc 1 74 5
 382 0008 0120     		movs	r0, #1
 383 000a FFF7FEFF 		bl	HAL_Delay
  75:Core/Src/Parser.c ****     buf2 = strtok(buf, " ");
 384              		.loc 1 75 12
 385 000e 5449     		ldr	r1, .L35
 386 0010 7868     		ldr	r0, [r7, #4]
 387 0012 FFF7FEFF 		bl	strtok
 388 0016 F860     		str	r0, [r7, #12]
  76:Core/Src/Parser.c ****     while (buf2 != NULL)
 389              		.loc 1 76 11
 390 0018 98E0     		b	.L22
ARM GAS  C:\Users\isan\AppData\Local\Temp\cckW4hwW.s 			page 9


 391              	.L33:
  77:Core/Src/Parser.c ****     {
  78:Core/Src/Parser.c ****         switch (buf2[0])
 392              		.loc 1 78 21
 393 001a FB68     		ldr	r3, [r7, #12]
 394 001c 1B78     		ldrb	r3, [r3]	@ zero_extendqisi2
 395              		.loc 1 78 9
 396 001e 453B     		subs	r3, r3, #69
 397 0020 152B     		cmp	r3, #21
 398 0022 00F28B80 		bhi	.L23
 399 0026 01A2     		adr	r2, .L25
 400 0028 52F823F0 		ldr	pc, [r2, r3, lsl #2]
 401              		.p2align 2
 402              	.L25:
 403 002c 0F010000 		.word	.L32+1
 404 0030 29010000 		.word	.L31+1
 405 0034 3D010000 		.word	.L23+1
 406 0038 3D010000 		.word	.L23+1
 407 003c 3D010000 		.word	.L23+1
 408 0040 3D010000 		.word	.L23+1
 409 0044 3D010000 		.word	.L23+1
 410 0048 3D010000 		.word	.L23+1
 411 004c 3D010000 		.word	.L23+1
 412 0050 3D010000 		.word	.L23+1
 413 0054 3D010000 		.word	.L23+1
 414 0058 3D010000 		.word	.L23+1
 415 005c 3D010000 		.word	.L23+1
 416 0060 85000000 		.word	.L30+1
 417 0064 AD000000 		.word	.L29+1
 418 0068 99000000 		.word	.L28+1
 419 006c 3D010000 		.word	.L23+1
 420 0070 3D010000 		.word	.L23+1
 421 0074 3D010000 		.word	.L23+1
 422 0078 C1000000 		.word	.L27+1
 423 007c DB000000 		.word	.L26+1
 424 0080 F5000000 		.word	.L24+1
 425              		.p2align 1
 426              	.L30:
  79:Core/Src/Parser.c ****         {
  80:Core/Src/Parser.c ****         case 'R':
  81:Core/Src/Parser.c ****             R = atoi(buf2 + 1);
 427              		.loc 1 81 27
 428 0084 FB68     		ldr	r3, [r7, #12]
 429 0086 0133     		adds	r3, r3, #1
 430              		.loc 1 81 17
 431 0088 1846     		mov	r0, r3
 432 008a FFF7FEFF 		bl	atoi
 433 008e 0346     		mov	r3, r0
 434              		.loc 1 81 15
 435 0090 9AB2     		uxth	r2, r3
 436 0092 344B     		ldr	r3, .L35+4
 437 0094 1A80     		strh	r2, [r3]	@ movhi
  82:Core/Src/Parser.c ****             break;
 438              		.loc 1 82 13
 439 0096 51E0     		b	.L23
 440              	.L28:
  83:Core/Src/Parser.c ****         case 'T':
ARM GAS  C:\Users\isan\AppData\Local\Temp\cckW4hwW.s 			page 10


  84:Core/Src/Parser.c ****             T = atoi(buf2 + 1);
 441              		.loc 1 84 27
 442 0098 FB68     		ldr	r3, [r7, #12]
 443 009a 0133     		adds	r3, r3, #1
 444              		.loc 1 84 17
 445 009c 1846     		mov	r0, r3
 446 009e FFF7FEFF 		bl	atoi
 447 00a2 0346     		mov	r3, r0
 448              		.loc 1 84 15
 449 00a4 9AB2     		uxth	r2, r3
 450 00a6 304B     		ldr	r3, .L35+8
 451 00a8 1A80     		strh	r2, [r3]	@ movhi
  85:Core/Src/Parser.c ****             break;
 452              		.loc 1 85 13
 453 00aa 47E0     		b	.L23
 454              	.L29:
  86:Core/Src/Parser.c ****         case 'S':
  87:Core/Src/Parser.c ****             S = atoi(buf2 + 1);
 455              		.loc 1 87 27
 456 00ac FB68     		ldr	r3, [r7, #12]
 457 00ae 0133     		adds	r3, r3, #1
 458              		.loc 1 87 17
 459 00b0 1846     		mov	r0, r3
 460 00b2 FFF7FEFF 		bl	atoi
 461 00b6 0346     		mov	r3, r0
 462              		.loc 1 87 15
 463 00b8 9AB2     		uxth	r2, r3
 464 00ba 2C4B     		ldr	r3, .L35+12
 465 00bc 1A80     		strh	r2, [r3]	@ movhi
  88:Core/Src/Parser.c ****             break;
 466              		.loc 1 88 13
 467 00be 3DE0     		b	.L23
 468              	.L27:
  89:Core/Src/Parser.c ****         case 'X':
  90:Core/Src/Parser.c ****             X = atof(buf2 + 1);
 469              		.loc 1 90 27
 470 00c0 FB68     		ldr	r3, [r7, #12]
 471 00c2 0133     		adds	r3, r3, #1
 472              		.loc 1 90 17
 473 00c4 1846     		mov	r0, r3
 474 00c6 FFF7FEFF 		bl	atof
 475 00ca B0EE407A 		vmov.f32	s14, s0
 476 00ce F0EE607A 		vmov.f32	s15, s1
 477              		.loc 1 90 15
 478 00d2 274B     		ldr	r3, .L35+16
 479 00d4 83ED007B 		vstr.64	d7, [r3]
  91:Core/Src/Parser.c ****             break;
 480              		.loc 1 91 13
 481 00d8 30E0     		b	.L23
 482              	.L26:
  92:Core/Src/Parser.c ****         case 'Y':
  93:Core/Src/Parser.c ****             Y = atof(buf2 + 1);
 483              		.loc 1 93 27
 484 00da FB68     		ldr	r3, [r7, #12]
 485 00dc 0133     		adds	r3, r3, #1
 486              		.loc 1 93 17
 487 00de 1846     		mov	r0, r3
ARM GAS  C:\Users\isan\AppData\Local\Temp\cckW4hwW.s 			page 11


 488 00e0 FFF7FEFF 		bl	atof
 489 00e4 B0EE407A 		vmov.f32	s14, s0
 490 00e8 F0EE607A 		vmov.f32	s15, s1
 491              		.loc 1 93 15
 492 00ec 214B     		ldr	r3, .L35+20
 493 00ee 83ED007B 		vstr.64	d7, [r3]
  94:Core/Src/Parser.c ****             break;
 494              		.loc 1 94 13
 495 00f2 23E0     		b	.L23
 496              	.L24:
  95:Core/Src/Parser.c ****         case 'Z':
  96:Core/Src/Parser.c ****             Z = atof(buf2 + 1);
 497              		.loc 1 96 27
 498 00f4 FB68     		ldr	r3, [r7, #12]
 499 00f6 0133     		adds	r3, r3, #1
 500              		.loc 1 96 17
 501 00f8 1846     		mov	r0, r3
 502 00fa FFF7FEFF 		bl	atof
 503 00fe B0EE407A 		vmov.f32	s14, s0
 504 0102 F0EE607A 		vmov.f32	s15, s1
 505              		.loc 1 96 15
 506 0106 1C4B     		ldr	r3, .L35+24
 507 0108 83ED007B 		vstr.64	d7, [r3]
  97:Core/Src/Parser.c ****             break;
 508              		.loc 1 97 13
 509 010c 16E0     		b	.L23
 510              	.L32:
  98:Core/Src/Parser.c ****         case 'E':
  99:Core/Src/Parser.c ****             E = atof(buf2 + 1);
 511              		.loc 1 99 27
 512 010e FB68     		ldr	r3, [r7, #12]
 513 0110 0133     		adds	r3, r3, #1
 514              		.loc 1 99 17
 515 0112 1846     		mov	r0, r3
 516 0114 FFF7FEFF 		bl	atof
 517 0118 B0EE407A 		vmov.f32	s14, s0
 518 011c F0EE607A 		vmov.f32	s15, s1
 519              		.loc 1 99 15
 520 0120 164B     		ldr	r3, .L35+28
 521 0122 83ED007B 		vstr.64	d7, [r3]
 100:Core/Src/Parser.c ****             break;
 522              		.loc 1 100 13
 523 0126 09E0     		b	.L23
 524              	.L31:
 101:Core/Src/Parser.c ****         case 'F':
 102:Core/Src/Parser.c ****             F = atoi(buf2 + 1);
 525              		.loc 1 102 27
 526 0128 FB68     		ldr	r3, [r7, #12]
 527 012a 0133     		adds	r3, r3, #1
 528              		.loc 1 102 17
 529 012c 1846     		mov	r0, r3
 530 012e FFF7FEFF 		bl	atoi
 531 0132 0346     		mov	r3, r0
 532              		.loc 1 102 15
 533 0134 9AB2     		uxth	r2, r3
 534 0136 124B     		ldr	r3, .L35+32
 535 0138 1A80     		strh	r2, [r3]	@ movhi
ARM GAS  C:\Users\isan\AppData\Local\Temp\cckW4hwW.s 			page 12


 103:Core/Src/Parser.c ****             break;
 536              		.loc 1 103 13
 537 013a 00BF     		nop
 538              	.L23:
 104:Core/Src/Parser.c ****         }
 105:Core/Src/Parser.c ****         HAL_Delay(1);
 539              		.loc 1 105 9
 540 013c 0120     		movs	r0, #1
 541 013e FFF7FEFF 		bl	HAL_Delay
 106:Core/Src/Parser.c ****         buf2 = strtok(NULL, " ");
 542              		.loc 1 106 16
 543 0142 0749     		ldr	r1, .L35
 544 0144 0020     		movs	r0, #0
 545 0146 FFF7FEFF 		bl	strtok
 546 014a F860     		str	r0, [r7, #12]
 547              	.L22:
  76:Core/Src/Parser.c ****     {
 548              		.loc 1 76 17
 549 014c FB68     		ldr	r3, [r7, #12]
 550 014e 002B     		cmp	r3, #0
 551 0150 7FF463AF 		bne	.L33
 107:Core/Src/Parser.c ****     }
 108:Core/Src/Parser.c **** }...
 552              		.loc 1 108 1
 553 0154 00BF     		nop
 554 0156 00BF     		nop
 555 0158 1037     		adds	r7, r7, #16
 556              		.cfi_def_cfa_offset 8
 557 015a BD46     		mov	sp, r7
 558              		.cfi_def_cfa_register 13
 559              		@ sp needed
 560 015c 80BD     		pop	{r7, pc}
 561              	.L36:
 562 015e 00BF     		.align	2
 563              	.L35:
 564 0160 00000000 		.word	.LC0
 565 0164 00000000 		.word	R
 566 0168 00000000 		.word	T
 567 016c 00000000 		.word	S
 568 0170 00000000 		.word	X
 569 0174 00000000 		.word	Y
 570 0178 00000000 		.word	Z
 571 017c 00000000 		.word	E
 572 0180 00000000 		.word	F
 573              		.cfi_endproc
 574              	.LFE323:
 576              		.text
 577              	.Letext0:
 578              		.file 2 "c:\\users\\isan\\appdata\\roaming\\code\\user\\globalstorage\\bmd.stm32-for-vscode\\@xpac
 579              		.file 3 "c:\\users\\isan\\appdata\\roaming\\code\\user\\globalstorage\\bmd.stm32-for-vscode\\@xpac
 580              		.file 4 "c:\\users\\isan\\appdata\\roaming\\code\\user\\globalstorage\\bmd.stm32-for-vscode\\@xpac
 581              		.file 5 "Core/Inc/GCodes.h"
 582              		.file 6 "Core/Inc/main.h"
 583              		.file 7 "Core/Inc/Parser.h"
 584              		.file 8 "c:\\users\\isan\\appdata\\roaming\\code\\user\\globalstorage\\bmd.stm32-for-vscode\\@xpac
 585              		.file 9 "c:\\users\\isan\\appdata\\roaming\\code\\user\\globalstorage\\bmd.stm32-for-vscode\\@xpac
 586              		.file 10 "Drivers/STM32L4xx_HAL_Driver/Inc/stm32l4xx_hal.h"
ARM GAS  C:\Users\isan\AppData\Local\Temp\cckW4hwW.s 			page 13


ARM GAS  C:\Users\isan\AppData\Local\Temp\cckW4hwW.s 			page 14


DEFINED SYMBOLS
                            *ABS*:0000000000000000 Parser.c
C:\Users\isan\AppData\Local\Temp\cckW4hwW.s:20     .bss.msg_buffer:0000000000000000 $d
C:\Users\isan\AppData\Local\Temp\cckW4hwW.s:23     .bss.msg_buffer:0000000000000000 msg_buffer
C:\Users\isan\AppData\Local\Temp\cckW4hwW.s:26     .bss.RxBuf:0000000000000000 $d
C:\Users\isan\AppData\Local\Temp\cckW4hwW.s:29     .bss.RxBuf:0000000000000000 RxBuf
C:\Users\isan\AppData\Local\Temp\cckW4hwW.s:36     .bss.R:0000000000000000 R
C:\Users\isan\AppData\Local\Temp\cckW4hwW.s:33     .bss.R:0000000000000000 $d
C:\Users\isan\AppData\Local\Temp\cckW4hwW.s:43     .bss.T:0000000000000000 T
C:\Users\isan\AppData\Local\Temp\cckW4hwW.s:40     .bss.T:0000000000000000 $d
C:\Users\isan\AppData\Local\Temp\cckW4hwW.s:50     .bss.S:0000000000000000 S
C:\Users\isan\AppData\Local\Temp\cckW4hwW.s:47     .bss.S:0000000000000000 $d
C:\Users\isan\AppData\Local\Temp\cckW4hwW.s:57     .bss.interval:0000000000000000 interval
C:\Users\isan\AppData\Local\Temp\cckW4hwW.s:54     .bss.interval:0000000000000000 $d
C:\Users\isan\AppData\Local\Temp\cckW4hwW.s:64     .bss.F:0000000000000000 F
C:\Users\isan\AppData\Local\Temp\cckW4hwW.s:61     .bss.F:0000000000000000 $d
C:\Users\isan\AppData\Local\Temp\cckW4hwW.s:71     .bss.E:0000000000000000 E
C:\Users\isan\AppData\Local\Temp\cckW4hwW.s:68     .bss.E:0000000000000000 $d
C:\Users\isan\AppData\Local\Temp\cckW4hwW.s:78     .bss.X:0000000000000000 X
C:\Users\isan\AppData\Local\Temp\cckW4hwW.s:75     .bss.X:0000000000000000 $d
C:\Users\isan\AppData\Local\Temp\cckW4hwW.s:85     .bss.Y:0000000000000000 Y
C:\Users\isan\AppData\Local\Temp\cckW4hwW.s:82     .bss.Y:0000000000000000 $d
C:\Users\isan\AppData\Local\Temp\cckW4hwW.s:92     .bss.Z:0000000000000000 Z
C:\Users\isan\AppData\Local\Temp\cckW4hwW.s:89     .bss.Z:0000000000000000 $d
C:\Users\isan\AppData\Local\Temp\cckW4hwW.s:99     .bss.temp_goal:0000000000000000 temp_goal
C:\Users\isan\AppData\Local\Temp\cckW4hwW.s:96     .bss.temp_goal:0000000000000000 $d
C:\Users\isan\AppData\Local\Temp\cckW4hwW.s:106    .bss.Cur_temp:0000000000000000 Cur_temp
C:\Users\isan\AppData\Local\Temp\cckW4hwW.s:103    .bss.Cur_temp:0000000000000000 $d
C:\Users\isan\AppData\Local\Temp\cckW4hwW.s:109    .text.reset_args:0000000000000000 $t
C:\Users\isan\AppData\Local\Temp\cckW4hwW.s:115    .text.reset_args:0000000000000000 reset_args
C:\Users\isan\AppData\Local\Temp\cckW4hwW.s:152    .text.reset_args:0000000000000024 $d
C:\Users\isan\AppData\Local\Temp\cckW4hwW.s:159    .rodata:0000000000000000 $d
C:\Users\isan\AppData\Local\Temp\cckW4hwW.s:163    .text.get_command:0000000000000000 $t
C:\Users\isan\AppData\Local\Temp\cckW4hwW.s:169    .text.get_command:0000000000000000 get_command
C:\Users\isan\AppData\Local\Temp\cckW4hwW.s:366    .text.split_gcode:0000000000000000 split_gcode
C:\Users\isan\AppData\Local\Temp\cckW4hwW.s:347    .text.get_command:00000000000000fc $d
C:\Users\isan\AppData\Local\Temp\cckW4hwW.s:360    .text.split_gcode:0000000000000000 $t
C:\Users\isan\AppData\Local\Temp\cckW4hwW.s:403    .text.split_gcode:000000000000002c $d
C:\Users\isan\AppData\Local\Temp\cckW4hwW.s:425    .text.split_gcode:0000000000000084 $t
C:\Users\isan\AppData\Local\Temp\cckW4hwW.s:564    .text.split_gcode:0000000000000160 $d

UNDEFINED SYMBOLS
strtok
HAL_Delay
atoi
M105
M104
M106
M155
G28
GetTicks
memset
last_time_X
g50_steps
G50_works
atof
