ARM GAS  C:\Users\Morroway\AppData\Local\Temp\ccXhkysf.s 			page 1


   1              		.cpu cortex-m4
   2              		.arch armv7e-m
   3              		.fpu fpv4-sp-d16
   4              		.eabi_attribute 27, 1
   5              		.eabi_attribute 28, 1
   6              		.eabi_attribute 20, 1
   7              		.eabi_attribute 21, 1
   8              		.eabi_attribute 23, 3
   9              		.eabi_attribute 24, 1
  10              		.eabi_attribute 25, 1
  11              		.eabi_attribute 26, 1
  12              		.eabi_attribute 30, 6
  13              		.eabi_attribute 34, 1
  14              		.eabi_attribute 18, 4
  15              		.file	"stm32l4xx_hal_i2c_ex.c"
  16              		.text
  17              	.Ltext0:
  18              		.cfi_sections	.debug_frame
  19              		.section	.text.HAL_I2CEx_ConfigAnalogFilter,"ax",%progbits
  20              		.align	1
  21              		.global	HAL_I2CEx_ConfigAnalogFilter
  22              		.syntax unified
  23              		.thumb
  24              		.thumb_func
  26              	HAL_I2CEx_ConfigAnalogFilter:
  27              	.LFB321:
  28              		.file 1 "Drivers/STM32L4xx_HAL_Driver/Src/stm32l4xx_hal_i2c_ex.c"
   1:Drivers/STM32L4xx_HAL_Driver/Src/stm32l4xx_hal_i2c_ex.c **** /**
   2:Drivers/STM32L4xx_HAL_Driver/Src/stm32l4xx_hal_i2c_ex.c ****   ******************************************************************************
   3:Drivers/STM32L4xx_HAL_Driver/Src/stm32l4xx_hal_i2c_ex.c ****   * @file    stm32l4xx_hal_i2c_ex.c
   4:Drivers/STM32L4xx_HAL_Driver/Src/stm32l4xx_hal_i2c_ex.c ****   * @author  MCD Application Team
   5:Drivers/STM32L4xx_HAL_Driver/Src/stm32l4xx_hal_i2c_ex.c ****   * @brief   I2C Extended HAL module driver.
   6:Drivers/STM32L4xx_HAL_Driver/Src/stm32l4xx_hal_i2c_ex.c ****   *          This file provides firmware functions to manage the following
   7:Drivers/STM32L4xx_HAL_Driver/Src/stm32l4xx_hal_i2c_ex.c ****   *          functionalities of I2C Extended peripheral:
   8:Drivers/STM32L4xx_HAL_Driver/Src/stm32l4xx_hal_i2c_ex.c ****   *           + Filter Mode Functions
   9:Drivers/STM32L4xx_HAL_Driver/Src/stm32l4xx_hal_i2c_ex.c ****   *           + WakeUp Mode Functions
  10:Drivers/STM32L4xx_HAL_Driver/Src/stm32l4xx_hal_i2c_ex.c ****   *           + FastModePlus Functions
  11:Drivers/STM32L4xx_HAL_Driver/Src/stm32l4xx_hal_i2c_ex.c ****   *
  12:Drivers/STM32L4xx_HAL_Driver/Src/stm32l4xx_hal_i2c_ex.c ****   ******************************************************************************
  13:Drivers/STM32L4xx_HAL_Driver/Src/stm32l4xx_hal_i2c_ex.c ****   * @attention
  14:Drivers/STM32L4xx_HAL_Driver/Src/stm32l4xx_hal_i2c_ex.c ****   *
  15:Drivers/STM32L4xx_HAL_Driver/Src/stm32l4xx_hal_i2c_ex.c ****   * Copyright (c) 2017 STMicroelectronics.
  16:Drivers/STM32L4xx_HAL_Driver/Src/stm32l4xx_hal_i2c_ex.c ****   * All rights reserved.
  17:Drivers/STM32L4xx_HAL_Driver/Src/stm32l4xx_hal_i2c_ex.c ****   *
  18:Drivers/STM32L4xx_HAL_Driver/Src/stm32l4xx_hal_i2c_ex.c ****   * This software is licensed under terms that can be found in the LICENSE file
  19:Drivers/STM32L4xx_HAL_Driver/Src/stm32l4xx_hal_i2c_ex.c ****   * in the root directory of this software component.
  20:Drivers/STM32L4xx_HAL_Driver/Src/stm32l4xx_hal_i2c_ex.c ****   * If no LICENSE file comes with this software, it is provided AS-IS.
  21:Drivers/STM32L4xx_HAL_Driver/Src/stm32l4xx_hal_i2c_ex.c ****   *
  22:Drivers/STM32L4xx_HAL_Driver/Src/stm32l4xx_hal_i2c_ex.c ****   ******************************************************************************
  23:Drivers/STM32L4xx_HAL_Driver/Src/stm32l4xx_hal_i2c_ex.c ****   @verbatim
  24:Drivers/STM32L4xx_HAL_Driver/Src/stm32l4xx_hal_i2c_ex.c ****   ==============================================================================
  25:Drivers/STM32L4xx_HAL_Driver/Src/stm32l4xx_hal_i2c_ex.c ****                ##### I2C peripheral Extended features  #####
  26:Drivers/STM32L4xx_HAL_Driver/Src/stm32l4xx_hal_i2c_ex.c ****   ==============================================================================
  27:Drivers/STM32L4xx_HAL_Driver/Src/stm32l4xx_hal_i2c_ex.c **** 
  28:Drivers/STM32L4xx_HAL_Driver/Src/stm32l4xx_hal_i2c_ex.c ****   [..] Comparing to other previous devices, the I2C interface for STM32L4xx
  29:Drivers/STM32L4xx_HAL_Driver/Src/stm32l4xx_hal_i2c_ex.c ****        devices contains the following additional features
  30:Drivers/STM32L4xx_HAL_Driver/Src/stm32l4xx_hal_i2c_ex.c **** 
ARM GAS  C:\Users\Morroway\AppData\Local\Temp\ccXhkysf.s 			page 2


  31:Drivers/STM32L4xx_HAL_Driver/Src/stm32l4xx_hal_i2c_ex.c ****        (+) Possibility to disable or enable Analog Noise Filter
  32:Drivers/STM32L4xx_HAL_Driver/Src/stm32l4xx_hal_i2c_ex.c ****        (+) Use of a configured Digital Noise Filter
  33:Drivers/STM32L4xx_HAL_Driver/Src/stm32l4xx_hal_i2c_ex.c ****        (+) Disable or enable wakeup from Stop mode(s)
  34:Drivers/STM32L4xx_HAL_Driver/Src/stm32l4xx_hal_i2c_ex.c ****        (+) Disable or enable Fast Mode Plus
  35:Drivers/STM32L4xx_HAL_Driver/Src/stm32l4xx_hal_i2c_ex.c **** 
  36:Drivers/STM32L4xx_HAL_Driver/Src/stm32l4xx_hal_i2c_ex.c ****                      ##### How to use this driver #####
  37:Drivers/STM32L4xx_HAL_Driver/Src/stm32l4xx_hal_i2c_ex.c ****   ==============================================================================
  38:Drivers/STM32L4xx_HAL_Driver/Src/stm32l4xx_hal_i2c_ex.c ****   [..] This driver provides functions to configure Noise Filter and Wake Up Feature
  39:Drivers/STM32L4xx_HAL_Driver/Src/stm32l4xx_hal_i2c_ex.c ****     (#) Configure I2C Analog noise filter using the function HAL_I2CEx_ConfigAnalogFilter()
  40:Drivers/STM32L4xx_HAL_Driver/Src/stm32l4xx_hal_i2c_ex.c ****     (#) Configure I2C Digital noise filter using the function HAL_I2CEx_ConfigDigitalFilter()
  41:Drivers/STM32L4xx_HAL_Driver/Src/stm32l4xx_hal_i2c_ex.c ****     (#) Configure the enable or disable of I2C Wake Up Mode using the functions :
  42:Drivers/STM32L4xx_HAL_Driver/Src/stm32l4xx_hal_i2c_ex.c ****           (++) HAL_I2CEx_EnableWakeUp()
  43:Drivers/STM32L4xx_HAL_Driver/Src/stm32l4xx_hal_i2c_ex.c ****           (++) HAL_I2CEx_DisableWakeUp()
  44:Drivers/STM32L4xx_HAL_Driver/Src/stm32l4xx_hal_i2c_ex.c ****     (#) Configure the enable or disable of fast mode plus driving capability using the functions :
  45:Drivers/STM32L4xx_HAL_Driver/Src/stm32l4xx_hal_i2c_ex.c ****           (++) HAL_I2CEx_EnableFastModePlus()
  46:Drivers/STM32L4xx_HAL_Driver/Src/stm32l4xx_hal_i2c_ex.c ****           (++) HAL_I2CEx_DisableFastModePlus()
  47:Drivers/STM32L4xx_HAL_Driver/Src/stm32l4xx_hal_i2c_ex.c ****   @endverbatim
  48:Drivers/STM32L4xx_HAL_Driver/Src/stm32l4xx_hal_i2c_ex.c ****   */
  49:Drivers/STM32L4xx_HAL_Driver/Src/stm32l4xx_hal_i2c_ex.c **** 
  50:Drivers/STM32L4xx_HAL_Driver/Src/stm32l4xx_hal_i2c_ex.c **** /* Includes ------------------------------------------------------------------*/
  51:Drivers/STM32L4xx_HAL_Driver/Src/stm32l4xx_hal_i2c_ex.c **** #include "stm32l4xx_hal.h"
  52:Drivers/STM32L4xx_HAL_Driver/Src/stm32l4xx_hal_i2c_ex.c **** 
  53:Drivers/STM32L4xx_HAL_Driver/Src/stm32l4xx_hal_i2c_ex.c **** /** @addtogroup STM32L4xx_HAL_Driver
  54:Drivers/STM32L4xx_HAL_Driver/Src/stm32l4xx_hal_i2c_ex.c ****   * @{
  55:Drivers/STM32L4xx_HAL_Driver/Src/stm32l4xx_hal_i2c_ex.c ****   */
  56:Drivers/STM32L4xx_HAL_Driver/Src/stm32l4xx_hal_i2c_ex.c **** 
  57:Drivers/STM32L4xx_HAL_Driver/Src/stm32l4xx_hal_i2c_ex.c **** /** @defgroup I2CEx I2CEx
  58:Drivers/STM32L4xx_HAL_Driver/Src/stm32l4xx_hal_i2c_ex.c ****   * @brief I2C Extended HAL module driver
  59:Drivers/STM32L4xx_HAL_Driver/Src/stm32l4xx_hal_i2c_ex.c ****   * @{
  60:Drivers/STM32L4xx_HAL_Driver/Src/stm32l4xx_hal_i2c_ex.c ****   */
  61:Drivers/STM32L4xx_HAL_Driver/Src/stm32l4xx_hal_i2c_ex.c **** 
  62:Drivers/STM32L4xx_HAL_Driver/Src/stm32l4xx_hal_i2c_ex.c **** #ifdef HAL_I2C_MODULE_ENABLED
  63:Drivers/STM32L4xx_HAL_Driver/Src/stm32l4xx_hal_i2c_ex.c **** 
  64:Drivers/STM32L4xx_HAL_Driver/Src/stm32l4xx_hal_i2c_ex.c **** /* Private typedef -----------------------------------------------------------*/
  65:Drivers/STM32L4xx_HAL_Driver/Src/stm32l4xx_hal_i2c_ex.c **** /* Private define ------------------------------------------------------------*/
  66:Drivers/STM32L4xx_HAL_Driver/Src/stm32l4xx_hal_i2c_ex.c **** /* Private macro -------------------------------------------------------------*/
  67:Drivers/STM32L4xx_HAL_Driver/Src/stm32l4xx_hal_i2c_ex.c **** /* Private variables ---------------------------------------------------------*/
  68:Drivers/STM32L4xx_HAL_Driver/Src/stm32l4xx_hal_i2c_ex.c **** /* Private function prototypes -----------------------------------------------*/
  69:Drivers/STM32L4xx_HAL_Driver/Src/stm32l4xx_hal_i2c_ex.c **** /* Private functions ---------------------------------------------------------*/
  70:Drivers/STM32L4xx_HAL_Driver/Src/stm32l4xx_hal_i2c_ex.c **** 
  71:Drivers/STM32L4xx_HAL_Driver/Src/stm32l4xx_hal_i2c_ex.c **** /** @defgroup I2CEx_Exported_Functions I2C Extended Exported Functions
  72:Drivers/STM32L4xx_HAL_Driver/Src/stm32l4xx_hal_i2c_ex.c ****   * @{
  73:Drivers/STM32L4xx_HAL_Driver/Src/stm32l4xx_hal_i2c_ex.c ****   */
  74:Drivers/STM32L4xx_HAL_Driver/Src/stm32l4xx_hal_i2c_ex.c **** 
  75:Drivers/STM32L4xx_HAL_Driver/Src/stm32l4xx_hal_i2c_ex.c **** /** @defgroup I2CEx_Exported_Functions_Group1 Filter Mode Functions
  76:Drivers/STM32L4xx_HAL_Driver/Src/stm32l4xx_hal_i2c_ex.c ****   * @brief    Filter Mode Functions
  77:Drivers/STM32L4xx_HAL_Driver/Src/stm32l4xx_hal_i2c_ex.c ****   *
  78:Drivers/STM32L4xx_HAL_Driver/Src/stm32l4xx_hal_i2c_ex.c **** @verbatim
  79:Drivers/STM32L4xx_HAL_Driver/Src/stm32l4xx_hal_i2c_ex.c ****  ===============================================================================
  80:Drivers/STM32L4xx_HAL_Driver/Src/stm32l4xx_hal_i2c_ex.c ****                       ##### Filter Mode Functions #####
  81:Drivers/STM32L4xx_HAL_Driver/Src/stm32l4xx_hal_i2c_ex.c ****  ===============================================================================
  82:Drivers/STM32L4xx_HAL_Driver/Src/stm32l4xx_hal_i2c_ex.c ****     [..] This section provides functions allowing to:
  83:Drivers/STM32L4xx_HAL_Driver/Src/stm32l4xx_hal_i2c_ex.c ****       (+) Configure Noise Filters
  84:Drivers/STM32L4xx_HAL_Driver/Src/stm32l4xx_hal_i2c_ex.c **** 
  85:Drivers/STM32L4xx_HAL_Driver/Src/stm32l4xx_hal_i2c_ex.c **** @endverbatim
  86:Drivers/STM32L4xx_HAL_Driver/Src/stm32l4xx_hal_i2c_ex.c ****   * @{
  87:Drivers/STM32L4xx_HAL_Driver/Src/stm32l4xx_hal_i2c_ex.c ****   */
ARM GAS  C:\Users\Morroway\AppData\Local\Temp\ccXhkysf.s 			page 3


  88:Drivers/STM32L4xx_HAL_Driver/Src/stm32l4xx_hal_i2c_ex.c **** 
  89:Drivers/STM32L4xx_HAL_Driver/Src/stm32l4xx_hal_i2c_ex.c **** /**
  90:Drivers/STM32L4xx_HAL_Driver/Src/stm32l4xx_hal_i2c_ex.c ****   * @brief  Configure I2C Analog noise filter.
  91:Drivers/STM32L4xx_HAL_Driver/Src/stm32l4xx_hal_i2c_ex.c ****   * @param  hi2c Pointer to a I2C_HandleTypeDef structure that contains
  92:Drivers/STM32L4xx_HAL_Driver/Src/stm32l4xx_hal_i2c_ex.c ****   *                the configuration information for the specified I2Cx peripheral.
  93:Drivers/STM32L4xx_HAL_Driver/Src/stm32l4xx_hal_i2c_ex.c ****   * @param  AnalogFilter New state of the Analog filter.
  94:Drivers/STM32L4xx_HAL_Driver/Src/stm32l4xx_hal_i2c_ex.c ****   * @retval HAL status
  95:Drivers/STM32L4xx_HAL_Driver/Src/stm32l4xx_hal_i2c_ex.c ****   */
  96:Drivers/STM32L4xx_HAL_Driver/Src/stm32l4xx_hal_i2c_ex.c **** HAL_StatusTypeDef HAL_I2CEx_ConfigAnalogFilter(I2C_HandleTypeDef *hi2c, uint32_t AnalogFilter)
  97:Drivers/STM32L4xx_HAL_Driver/Src/stm32l4xx_hal_i2c_ex.c **** {
  29              		.loc 1 97 1
  30              		.cfi_startproc
  31              		@ args = 0, pretend = 0, frame = 8
  32              		@ frame_needed = 1, uses_anonymous_args = 0
  33              		@ link register save eliminated.
  34 0000 80B4     		push	{r7}
  35              		.cfi_def_cfa_offset 4
  36              		.cfi_offset 7, -4
  37 0002 83B0     		sub	sp, sp, #12
  38              		.cfi_def_cfa_offset 16
  39 0004 00AF     		add	r7, sp, #0
  40              		.cfi_def_cfa_register 7
  41 0006 7860     		str	r0, [r7, #4]
  42 0008 3960     		str	r1, [r7]
  98:Drivers/STM32L4xx_HAL_Driver/Src/stm32l4xx_hal_i2c_ex.c ****   /* Check the parameters */
  99:Drivers/STM32L4xx_HAL_Driver/Src/stm32l4xx_hal_i2c_ex.c ****   assert_param(IS_I2C_ALL_INSTANCE(hi2c->Instance));
 100:Drivers/STM32L4xx_HAL_Driver/Src/stm32l4xx_hal_i2c_ex.c ****   assert_param(IS_I2C_ANALOG_FILTER(AnalogFilter));
 101:Drivers/STM32L4xx_HAL_Driver/Src/stm32l4xx_hal_i2c_ex.c **** 
 102:Drivers/STM32L4xx_HAL_Driver/Src/stm32l4xx_hal_i2c_ex.c ****   if (hi2c->State == HAL_I2C_STATE_READY)
  43              		.loc 1 102 11
  44 000a 7B68     		ldr	r3, [r7, #4]
  45 000c 93F84130 		ldrb	r3, [r3, #65]
  46 0010 DBB2     		uxtb	r3, r3
  47              		.loc 1 102 6
  48 0012 202B     		cmp	r3, #32
  49 0014 38D1     		bne	.L2
 103:Drivers/STM32L4xx_HAL_Driver/Src/stm32l4xx_hal_i2c_ex.c ****   {
 104:Drivers/STM32L4xx_HAL_Driver/Src/stm32l4xx_hal_i2c_ex.c ****     /* Process Locked */
 105:Drivers/STM32L4xx_HAL_Driver/Src/stm32l4xx_hal_i2c_ex.c ****     __HAL_LOCK(hi2c);
  50              		.loc 1 105 5
  51 0016 7B68     		ldr	r3, [r7, #4]
  52 0018 93F84030 		ldrb	r3, [r3, #64]	@ zero_extendqisi2
  53 001c 012B     		cmp	r3, #1
  54 001e 01D1     		bne	.L3
  55              		.loc 1 105 5 is_stmt 0 discriminator 1
  56 0020 0223     		movs	r3, #2
  57 0022 32E0     		b	.L4
  58              	.L3:
  59              		.loc 1 105 5 discriminator 2
  60 0024 7B68     		ldr	r3, [r7, #4]
  61 0026 0122     		movs	r2, #1
  62 0028 83F84020 		strb	r2, [r3, #64]
 106:Drivers/STM32L4xx_HAL_Driver/Src/stm32l4xx_hal_i2c_ex.c **** 
 107:Drivers/STM32L4xx_HAL_Driver/Src/stm32l4xx_hal_i2c_ex.c ****     hi2c->State = HAL_I2C_STATE_BUSY;
  63              		.loc 1 107 17 is_stmt 1 discriminator 2
  64 002c 7B68     		ldr	r3, [r7, #4]
  65 002e 2422     		movs	r2, #36
ARM GAS  C:\Users\Morroway\AppData\Local\Temp\ccXhkysf.s 			page 4


  66 0030 83F84120 		strb	r2, [r3, #65]
 108:Drivers/STM32L4xx_HAL_Driver/Src/stm32l4xx_hal_i2c_ex.c **** 
 109:Drivers/STM32L4xx_HAL_Driver/Src/stm32l4xx_hal_i2c_ex.c ****     /* Disable the selected I2C peripheral */
 110:Drivers/STM32L4xx_HAL_Driver/Src/stm32l4xx_hal_i2c_ex.c ****     __HAL_I2C_DISABLE(hi2c);
  67              		.loc 1 110 5 discriminator 2
  68 0034 7B68     		ldr	r3, [r7, #4]
  69 0036 1B68     		ldr	r3, [r3]
  70 0038 1A68     		ldr	r2, [r3]
  71 003a 7B68     		ldr	r3, [r7, #4]
  72 003c 1B68     		ldr	r3, [r3]
  73 003e 22F00102 		bic	r2, r2, #1
  74 0042 1A60     		str	r2, [r3]
 111:Drivers/STM32L4xx_HAL_Driver/Src/stm32l4xx_hal_i2c_ex.c **** 
 112:Drivers/STM32L4xx_HAL_Driver/Src/stm32l4xx_hal_i2c_ex.c ****     /* Reset I2Cx ANOFF bit */
 113:Drivers/STM32L4xx_HAL_Driver/Src/stm32l4xx_hal_i2c_ex.c ****     hi2c->Instance->CR1 &= ~(I2C_CR1_ANFOFF);
  75              		.loc 1 113 9 discriminator 2
  76 0044 7B68     		ldr	r3, [r7, #4]
  77 0046 1B68     		ldr	r3, [r3]
  78              		.loc 1 113 25 discriminator 2
  79 0048 1A68     		ldr	r2, [r3]
  80              		.loc 1 113 9 discriminator 2
  81 004a 7B68     		ldr	r3, [r7, #4]
  82 004c 1B68     		ldr	r3, [r3]
  83              		.loc 1 113 25 discriminator 2
  84 004e 22F48052 		bic	r2, r2, #4096
  85 0052 1A60     		str	r2, [r3]
 114:Drivers/STM32L4xx_HAL_Driver/Src/stm32l4xx_hal_i2c_ex.c **** 
 115:Drivers/STM32L4xx_HAL_Driver/Src/stm32l4xx_hal_i2c_ex.c ****     /* Set analog filter bit*/
 116:Drivers/STM32L4xx_HAL_Driver/Src/stm32l4xx_hal_i2c_ex.c ****     hi2c->Instance->CR1 |= AnalogFilter;
  86              		.loc 1 116 9 discriminator 2
  87 0054 7B68     		ldr	r3, [r7, #4]
  88 0056 1B68     		ldr	r3, [r3]
  89              		.loc 1 116 25 discriminator 2
  90 0058 1968     		ldr	r1, [r3]
  91              		.loc 1 116 9 discriminator 2
  92 005a 7B68     		ldr	r3, [r7, #4]
  93 005c 1B68     		ldr	r3, [r3]
  94              		.loc 1 116 25 discriminator 2
  95 005e 3A68     		ldr	r2, [r7]
  96 0060 0A43     		orrs	r2, r2, r1
  97 0062 1A60     		str	r2, [r3]
 117:Drivers/STM32L4xx_HAL_Driver/Src/stm32l4xx_hal_i2c_ex.c **** 
 118:Drivers/STM32L4xx_HAL_Driver/Src/stm32l4xx_hal_i2c_ex.c ****     __HAL_I2C_ENABLE(hi2c);
  98              		.loc 1 118 5 discriminator 2
  99 0064 7B68     		ldr	r3, [r7, #4]
 100 0066 1B68     		ldr	r3, [r3]
 101 0068 1A68     		ldr	r2, [r3]
 102 006a 7B68     		ldr	r3, [r7, #4]
 103 006c 1B68     		ldr	r3, [r3]
 104 006e 42F00102 		orr	r2, r2, #1
 105 0072 1A60     		str	r2, [r3]
 119:Drivers/STM32L4xx_HAL_Driver/Src/stm32l4xx_hal_i2c_ex.c **** 
 120:Drivers/STM32L4xx_HAL_Driver/Src/stm32l4xx_hal_i2c_ex.c ****     hi2c->State = HAL_I2C_STATE_READY;
 106              		.loc 1 120 17 discriminator 2
 107 0074 7B68     		ldr	r3, [r7, #4]
 108 0076 2022     		movs	r2, #32
 109 0078 83F84120 		strb	r2, [r3, #65]
ARM GAS  C:\Users\Morroway\AppData\Local\Temp\ccXhkysf.s 			page 5


 121:Drivers/STM32L4xx_HAL_Driver/Src/stm32l4xx_hal_i2c_ex.c **** 
 122:Drivers/STM32L4xx_HAL_Driver/Src/stm32l4xx_hal_i2c_ex.c ****     /* Process Unlocked */
 123:Drivers/STM32L4xx_HAL_Driver/Src/stm32l4xx_hal_i2c_ex.c ****     __HAL_UNLOCK(hi2c);
 110              		.loc 1 123 5 discriminator 2
 111 007c 7B68     		ldr	r3, [r7, #4]
 112 007e 0022     		movs	r2, #0
 113 0080 83F84020 		strb	r2, [r3, #64]
 124:Drivers/STM32L4xx_HAL_Driver/Src/stm32l4xx_hal_i2c_ex.c **** 
 125:Drivers/STM32L4xx_HAL_Driver/Src/stm32l4xx_hal_i2c_ex.c ****     return HAL_OK;
 114              		.loc 1 125 12 discriminator 2
 115 0084 0023     		movs	r3, #0
 116 0086 00E0     		b	.L4
 117              	.L2:
 126:Drivers/STM32L4xx_HAL_Driver/Src/stm32l4xx_hal_i2c_ex.c ****   }
 127:Drivers/STM32L4xx_HAL_Driver/Src/stm32l4xx_hal_i2c_ex.c ****   else
 128:Drivers/STM32L4xx_HAL_Driver/Src/stm32l4xx_hal_i2c_ex.c ****   {
 129:Drivers/STM32L4xx_HAL_Driver/Src/stm32l4xx_hal_i2c_ex.c ****     return HAL_BUSY;
 118              		.loc 1 129 12
 119 0088 0223     		movs	r3, #2
 120              	.L4:
 130:Drivers/STM32L4xx_HAL_Driver/Src/stm32l4xx_hal_i2c_ex.c ****   }
 131:Drivers/STM32L4xx_HAL_Driver/Src/stm32l4xx_hal_i2c_ex.c **** }
 121              		.loc 1 131 1
 122 008a 1846     		mov	r0, r3
 123 008c 0C37     		adds	r7, r7, #12
 124              		.cfi_def_cfa_offset 4
 125 008e BD46     		mov	sp, r7
 126              		.cfi_def_cfa_register 13
 127              		@ sp needed
 128 0090 5DF8047B 		ldr	r7, [sp], #4
 129              		.cfi_restore 7
 130              		.cfi_def_cfa_offset 0
 131 0094 7047     		bx	lr
 132              		.cfi_endproc
 133              	.LFE321:
 135              		.section	.text.HAL_I2CEx_ConfigDigitalFilter,"ax",%progbits
 136              		.align	1
 137              		.global	HAL_I2CEx_ConfigDigitalFilter
 138              		.syntax unified
 139              		.thumb
 140              		.thumb_func
 142              	HAL_I2CEx_ConfigDigitalFilter:
 143              	.LFB322:
 132:Drivers/STM32L4xx_HAL_Driver/Src/stm32l4xx_hal_i2c_ex.c **** 
 133:Drivers/STM32L4xx_HAL_Driver/Src/stm32l4xx_hal_i2c_ex.c **** /**
 134:Drivers/STM32L4xx_HAL_Driver/Src/stm32l4xx_hal_i2c_ex.c ****   * @brief  Configure I2C Digital noise filter.
 135:Drivers/STM32L4xx_HAL_Driver/Src/stm32l4xx_hal_i2c_ex.c ****   * @param  hi2c Pointer to a I2C_HandleTypeDef structure that contains
 136:Drivers/STM32L4xx_HAL_Driver/Src/stm32l4xx_hal_i2c_ex.c ****   *                the configuration information for the specified I2Cx peripheral.
 137:Drivers/STM32L4xx_HAL_Driver/Src/stm32l4xx_hal_i2c_ex.c ****   * @param  DigitalFilter Coefficient of digital noise filter between Min_Data=0x00 and Max_Data=0x
 138:Drivers/STM32L4xx_HAL_Driver/Src/stm32l4xx_hal_i2c_ex.c ****   * @retval HAL status
 139:Drivers/STM32L4xx_HAL_Driver/Src/stm32l4xx_hal_i2c_ex.c ****   */
 140:Drivers/STM32L4xx_HAL_Driver/Src/stm32l4xx_hal_i2c_ex.c **** HAL_StatusTypeDef HAL_I2CEx_ConfigDigitalFilter(I2C_HandleTypeDef *hi2c, uint32_t DigitalFilter)
 141:Drivers/STM32L4xx_HAL_Driver/Src/stm32l4xx_hal_i2c_ex.c **** {
 144              		.loc 1 141 1
 145              		.cfi_startproc
 146              		@ args = 0, pretend = 0, frame = 16
 147              		@ frame_needed = 1, uses_anonymous_args = 0
ARM GAS  C:\Users\Morroway\AppData\Local\Temp\ccXhkysf.s 			page 6


 148              		@ link register save eliminated.
 149 0000 80B4     		push	{r7}
 150              		.cfi_def_cfa_offset 4
 151              		.cfi_offset 7, -4
 152 0002 85B0     		sub	sp, sp, #20
 153              		.cfi_def_cfa_offset 24
 154 0004 00AF     		add	r7, sp, #0
 155              		.cfi_def_cfa_register 7
 156 0006 7860     		str	r0, [r7, #4]
 157 0008 3960     		str	r1, [r7]
 142:Drivers/STM32L4xx_HAL_Driver/Src/stm32l4xx_hal_i2c_ex.c ****   uint32_t tmpreg;
 143:Drivers/STM32L4xx_HAL_Driver/Src/stm32l4xx_hal_i2c_ex.c **** 
 144:Drivers/STM32L4xx_HAL_Driver/Src/stm32l4xx_hal_i2c_ex.c ****   /* Check the parameters */
 145:Drivers/STM32L4xx_HAL_Driver/Src/stm32l4xx_hal_i2c_ex.c ****   assert_param(IS_I2C_ALL_INSTANCE(hi2c->Instance));
 146:Drivers/STM32L4xx_HAL_Driver/Src/stm32l4xx_hal_i2c_ex.c ****   assert_param(IS_I2C_DIGITAL_FILTER(DigitalFilter));
 147:Drivers/STM32L4xx_HAL_Driver/Src/stm32l4xx_hal_i2c_ex.c **** 
 148:Drivers/STM32L4xx_HAL_Driver/Src/stm32l4xx_hal_i2c_ex.c ****   if (hi2c->State == HAL_I2C_STATE_READY)
 158              		.loc 1 148 11
 159 000a 7B68     		ldr	r3, [r7, #4]
 160 000c 93F84130 		ldrb	r3, [r3, #65]
 161 0010 DBB2     		uxtb	r3, r3
 162              		.loc 1 148 6
 163 0012 202B     		cmp	r3, #32
 164 0014 39D1     		bne	.L6
 149:Drivers/STM32L4xx_HAL_Driver/Src/stm32l4xx_hal_i2c_ex.c ****   {
 150:Drivers/STM32L4xx_HAL_Driver/Src/stm32l4xx_hal_i2c_ex.c ****     /* Process Locked */
 151:Drivers/STM32L4xx_HAL_Driver/Src/stm32l4xx_hal_i2c_ex.c ****     __HAL_LOCK(hi2c);
 165              		.loc 1 151 5
 166 0016 7B68     		ldr	r3, [r7, #4]
 167 0018 93F84030 		ldrb	r3, [r3, #64]	@ zero_extendqisi2
 168 001c 012B     		cmp	r3, #1
 169 001e 01D1     		bne	.L7
 170              		.loc 1 151 5 is_stmt 0 discriminator 1
 171 0020 0223     		movs	r3, #2
 172 0022 33E0     		b	.L8
 173              	.L7:
 174              		.loc 1 151 5 discriminator 2
 175 0024 7B68     		ldr	r3, [r7, #4]
 176 0026 0122     		movs	r2, #1
 177 0028 83F84020 		strb	r2, [r3, #64]
 152:Drivers/STM32L4xx_HAL_Driver/Src/stm32l4xx_hal_i2c_ex.c **** 
 153:Drivers/STM32L4xx_HAL_Driver/Src/stm32l4xx_hal_i2c_ex.c ****     hi2c->State = HAL_I2C_STATE_BUSY;
 178              		.loc 1 153 17 is_stmt 1 discriminator 2
 179 002c 7B68     		ldr	r3, [r7, #4]
 180 002e 2422     		movs	r2, #36
 181 0030 83F84120 		strb	r2, [r3, #65]
 154:Drivers/STM32L4xx_HAL_Driver/Src/stm32l4xx_hal_i2c_ex.c **** 
 155:Drivers/STM32L4xx_HAL_Driver/Src/stm32l4xx_hal_i2c_ex.c ****     /* Disable the selected I2C peripheral */
 156:Drivers/STM32L4xx_HAL_Driver/Src/stm32l4xx_hal_i2c_ex.c ****     __HAL_I2C_DISABLE(hi2c);
 182              		.loc 1 156 5 discriminator 2
 183 0034 7B68     		ldr	r3, [r7, #4]
 184 0036 1B68     		ldr	r3, [r3]
 185 0038 1A68     		ldr	r2, [r3]
 186 003a 7B68     		ldr	r3, [r7, #4]
 187 003c 1B68     		ldr	r3, [r3]
 188 003e 22F00102 		bic	r2, r2, #1
 189 0042 1A60     		str	r2, [r3]
ARM GAS  C:\Users\Morroway\AppData\Local\Temp\ccXhkysf.s 			page 7


 157:Drivers/STM32L4xx_HAL_Driver/Src/stm32l4xx_hal_i2c_ex.c **** 
 158:Drivers/STM32L4xx_HAL_Driver/Src/stm32l4xx_hal_i2c_ex.c ****     /* Get the old register value */
 159:Drivers/STM32L4xx_HAL_Driver/Src/stm32l4xx_hal_i2c_ex.c ****     tmpreg = hi2c->Instance->CR1;
 190              		.loc 1 159 18 discriminator 2
 191 0044 7B68     		ldr	r3, [r7, #4]
 192 0046 1B68     		ldr	r3, [r3]
 193              		.loc 1 159 12 discriminator 2
 194 0048 1B68     		ldr	r3, [r3]
 195 004a FB60     		str	r3, [r7, #12]
 160:Drivers/STM32L4xx_HAL_Driver/Src/stm32l4xx_hal_i2c_ex.c **** 
 161:Drivers/STM32L4xx_HAL_Driver/Src/stm32l4xx_hal_i2c_ex.c ****     /* Reset I2Cx DNF bits [11:8] */
 162:Drivers/STM32L4xx_HAL_Driver/Src/stm32l4xx_hal_i2c_ex.c ****     tmpreg &= ~(I2C_CR1_DNF);
 196              		.loc 1 162 12 discriminator 2
 197 004c FB68     		ldr	r3, [r7, #12]
 198 004e 23F47063 		bic	r3, r3, #3840
 199 0052 FB60     		str	r3, [r7, #12]
 163:Drivers/STM32L4xx_HAL_Driver/Src/stm32l4xx_hal_i2c_ex.c **** 
 164:Drivers/STM32L4xx_HAL_Driver/Src/stm32l4xx_hal_i2c_ex.c ****     /* Set I2Cx DNF coefficient */
 165:Drivers/STM32L4xx_HAL_Driver/Src/stm32l4xx_hal_i2c_ex.c ****     tmpreg |= DigitalFilter << 8U;
 200              		.loc 1 165 29 discriminator 2
 201 0054 3B68     		ldr	r3, [r7]
 202 0056 1B02     		lsls	r3, r3, #8
 203              		.loc 1 165 12 discriminator 2
 204 0058 FA68     		ldr	r2, [r7, #12]
 205 005a 1343     		orrs	r3, r3, r2
 206 005c FB60     		str	r3, [r7, #12]
 166:Drivers/STM32L4xx_HAL_Driver/Src/stm32l4xx_hal_i2c_ex.c **** 
 167:Drivers/STM32L4xx_HAL_Driver/Src/stm32l4xx_hal_i2c_ex.c ****     /* Store the new register value */
 168:Drivers/STM32L4xx_HAL_Driver/Src/stm32l4xx_hal_i2c_ex.c ****     hi2c->Instance->CR1 = tmpreg;
 207              		.loc 1 168 9 discriminator 2
 208 005e 7B68     		ldr	r3, [r7, #4]
 209 0060 1B68     		ldr	r3, [r3]
 210              		.loc 1 168 25 discriminator 2
 211 0062 FA68     		ldr	r2, [r7, #12]
 212 0064 1A60     		str	r2, [r3]
 169:Drivers/STM32L4xx_HAL_Driver/Src/stm32l4xx_hal_i2c_ex.c **** 
 170:Drivers/STM32L4xx_HAL_Driver/Src/stm32l4xx_hal_i2c_ex.c ****     __HAL_I2C_ENABLE(hi2c);
 213              		.loc 1 170 5 discriminator 2
 214 0066 7B68     		ldr	r3, [r7, #4]
 215 0068 1B68     		ldr	r3, [r3]
 216 006a 1A68     		ldr	r2, [r3]
 217 006c 7B68     		ldr	r3, [r7, #4]
 218 006e 1B68     		ldr	r3, [r3]
 219 0070 42F00102 		orr	r2, r2, #1
 220 0074 1A60     		str	r2, [r3]
 171:Drivers/STM32L4xx_HAL_Driver/Src/stm32l4xx_hal_i2c_ex.c **** 
 172:Drivers/STM32L4xx_HAL_Driver/Src/stm32l4xx_hal_i2c_ex.c ****     hi2c->State = HAL_I2C_STATE_READY;
 221              		.loc 1 172 17 discriminator 2
 222 0076 7B68     		ldr	r3, [r7, #4]
 223 0078 2022     		movs	r2, #32
 224 007a 83F84120 		strb	r2, [r3, #65]
 173:Drivers/STM32L4xx_HAL_Driver/Src/stm32l4xx_hal_i2c_ex.c **** 
 174:Drivers/STM32L4xx_HAL_Driver/Src/stm32l4xx_hal_i2c_ex.c ****     /* Process Unlocked */
 175:Drivers/STM32L4xx_HAL_Driver/Src/stm32l4xx_hal_i2c_ex.c ****     __HAL_UNLOCK(hi2c);
 225              		.loc 1 175 5 discriminator 2
 226 007e 7B68     		ldr	r3, [r7, #4]
 227 0080 0022     		movs	r2, #0
ARM GAS  C:\Users\Morroway\AppData\Local\Temp\ccXhkysf.s 			page 8


 228 0082 83F84020 		strb	r2, [r3, #64]
 176:Drivers/STM32L4xx_HAL_Driver/Src/stm32l4xx_hal_i2c_ex.c **** 
 177:Drivers/STM32L4xx_HAL_Driver/Src/stm32l4xx_hal_i2c_ex.c ****     return HAL_OK;
 229              		.loc 1 177 12 discriminator 2
 230 0086 0023     		movs	r3, #0
 231 0088 00E0     		b	.L8
 232              	.L6:
 178:Drivers/STM32L4xx_HAL_Driver/Src/stm32l4xx_hal_i2c_ex.c ****   }
 179:Drivers/STM32L4xx_HAL_Driver/Src/stm32l4xx_hal_i2c_ex.c ****   else
 180:Drivers/STM32L4xx_HAL_Driver/Src/stm32l4xx_hal_i2c_ex.c ****   {
 181:Drivers/STM32L4xx_HAL_Driver/Src/stm32l4xx_hal_i2c_ex.c ****     return HAL_BUSY;
 233              		.loc 1 181 12
 234 008a 0223     		movs	r3, #2
 235              	.L8:
 182:Drivers/STM32L4xx_HAL_Driver/Src/stm32l4xx_hal_i2c_ex.c ****   }
 183:Drivers/STM32L4xx_HAL_Driver/Src/stm32l4xx_hal_i2c_ex.c **** }
 236              		.loc 1 183 1
 237 008c 1846     		mov	r0, r3
 238 008e 1437     		adds	r7, r7, #20
 239              		.cfi_def_cfa_offset 4
 240 0090 BD46     		mov	sp, r7
 241              		.cfi_def_cfa_register 13
 242              		@ sp needed
 243 0092 5DF8047B 		ldr	r7, [sp], #4
 244              		.cfi_restore 7
 245              		.cfi_def_cfa_offset 0
 246 0096 7047     		bx	lr
 247              		.cfi_endproc
 248              	.LFE322:
 250              		.section	.text.HAL_I2CEx_EnableWakeUp,"ax",%progbits
 251              		.align	1
 252              		.global	HAL_I2CEx_EnableWakeUp
 253              		.syntax unified
 254              		.thumb
 255              		.thumb_func
 257              	HAL_I2CEx_EnableWakeUp:
 258              	.LFB323:
 184:Drivers/STM32L4xx_HAL_Driver/Src/stm32l4xx_hal_i2c_ex.c **** /**
 185:Drivers/STM32L4xx_HAL_Driver/Src/stm32l4xx_hal_i2c_ex.c ****   * @}
 186:Drivers/STM32L4xx_HAL_Driver/Src/stm32l4xx_hal_i2c_ex.c ****   */
 187:Drivers/STM32L4xx_HAL_Driver/Src/stm32l4xx_hal_i2c_ex.c **** 
 188:Drivers/STM32L4xx_HAL_Driver/Src/stm32l4xx_hal_i2c_ex.c **** /** @defgroup I2CEx_Exported_Functions_Group2 WakeUp Mode Functions
 189:Drivers/STM32L4xx_HAL_Driver/Src/stm32l4xx_hal_i2c_ex.c ****   * @brief    WakeUp Mode Functions
 190:Drivers/STM32L4xx_HAL_Driver/Src/stm32l4xx_hal_i2c_ex.c ****   *
 191:Drivers/STM32L4xx_HAL_Driver/Src/stm32l4xx_hal_i2c_ex.c **** @verbatim
 192:Drivers/STM32L4xx_HAL_Driver/Src/stm32l4xx_hal_i2c_ex.c ****  ===============================================================================
 193:Drivers/STM32L4xx_HAL_Driver/Src/stm32l4xx_hal_i2c_ex.c ****                       ##### WakeUp Mode Functions #####
 194:Drivers/STM32L4xx_HAL_Driver/Src/stm32l4xx_hal_i2c_ex.c ****  ===============================================================================
 195:Drivers/STM32L4xx_HAL_Driver/Src/stm32l4xx_hal_i2c_ex.c ****     [..] This section provides functions allowing to:
 196:Drivers/STM32L4xx_HAL_Driver/Src/stm32l4xx_hal_i2c_ex.c ****       (+) Configure Wake Up Feature
 197:Drivers/STM32L4xx_HAL_Driver/Src/stm32l4xx_hal_i2c_ex.c **** 
 198:Drivers/STM32L4xx_HAL_Driver/Src/stm32l4xx_hal_i2c_ex.c **** @endverbatim
 199:Drivers/STM32L4xx_HAL_Driver/Src/stm32l4xx_hal_i2c_ex.c ****   * @{
 200:Drivers/STM32L4xx_HAL_Driver/Src/stm32l4xx_hal_i2c_ex.c ****   */
 201:Drivers/STM32L4xx_HAL_Driver/Src/stm32l4xx_hal_i2c_ex.c **** 
 202:Drivers/STM32L4xx_HAL_Driver/Src/stm32l4xx_hal_i2c_ex.c **** /**
 203:Drivers/STM32L4xx_HAL_Driver/Src/stm32l4xx_hal_i2c_ex.c ****   * @brief  Enable I2C wakeup from Stop mode(s).
ARM GAS  C:\Users\Morroway\AppData\Local\Temp\ccXhkysf.s 			page 9


 204:Drivers/STM32L4xx_HAL_Driver/Src/stm32l4xx_hal_i2c_ex.c ****   * @param  hi2c Pointer to a I2C_HandleTypeDef structure that contains
 205:Drivers/STM32L4xx_HAL_Driver/Src/stm32l4xx_hal_i2c_ex.c ****   *                the configuration information for the specified I2Cx peripheral.
 206:Drivers/STM32L4xx_HAL_Driver/Src/stm32l4xx_hal_i2c_ex.c ****   * @retval HAL status
 207:Drivers/STM32L4xx_HAL_Driver/Src/stm32l4xx_hal_i2c_ex.c ****   */
 208:Drivers/STM32L4xx_HAL_Driver/Src/stm32l4xx_hal_i2c_ex.c **** HAL_StatusTypeDef HAL_I2CEx_EnableWakeUp(I2C_HandleTypeDef *hi2c)
 209:Drivers/STM32L4xx_HAL_Driver/Src/stm32l4xx_hal_i2c_ex.c **** {
 259              		.loc 1 209 1
 260              		.cfi_startproc
 261              		@ args = 0, pretend = 0, frame = 8
 262              		@ frame_needed = 1, uses_anonymous_args = 0
 263              		@ link register save eliminated.
 264 0000 80B4     		push	{r7}
 265              		.cfi_def_cfa_offset 4
 266              		.cfi_offset 7, -4
 267 0002 83B0     		sub	sp, sp, #12
 268              		.cfi_def_cfa_offset 16
 269 0004 00AF     		add	r7, sp, #0
 270              		.cfi_def_cfa_register 7
 271 0006 7860     		str	r0, [r7, #4]
 210:Drivers/STM32L4xx_HAL_Driver/Src/stm32l4xx_hal_i2c_ex.c ****   /* Check the parameters */
 211:Drivers/STM32L4xx_HAL_Driver/Src/stm32l4xx_hal_i2c_ex.c ****   assert_param(IS_I2C_WAKEUP_FROMSTOP_INSTANCE(hi2c->Instance));
 212:Drivers/STM32L4xx_HAL_Driver/Src/stm32l4xx_hal_i2c_ex.c **** 
 213:Drivers/STM32L4xx_HAL_Driver/Src/stm32l4xx_hal_i2c_ex.c ****   if (hi2c->State == HAL_I2C_STATE_READY)
 272              		.loc 1 213 11
 273 0008 7B68     		ldr	r3, [r7, #4]
 274 000a 93F84130 		ldrb	r3, [r3, #65]
 275 000e DBB2     		uxtb	r3, r3
 276              		.loc 1 213 6
 277 0010 202B     		cmp	r3, #32
 278 0012 30D1     		bne	.L10
 214:Drivers/STM32L4xx_HAL_Driver/Src/stm32l4xx_hal_i2c_ex.c ****   {
 215:Drivers/STM32L4xx_HAL_Driver/Src/stm32l4xx_hal_i2c_ex.c ****     /* Process Locked */
 216:Drivers/STM32L4xx_HAL_Driver/Src/stm32l4xx_hal_i2c_ex.c ****     __HAL_LOCK(hi2c);
 279              		.loc 1 216 5
 280 0014 7B68     		ldr	r3, [r7, #4]
 281 0016 93F84030 		ldrb	r3, [r3, #64]	@ zero_extendqisi2
 282 001a 012B     		cmp	r3, #1
 283 001c 01D1     		bne	.L11
 284              		.loc 1 216 5 is_stmt 0 discriminator 1
 285 001e 0223     		movs	r3, #2
 286 0020 2AE0     		b	.L12
 287              	.L11:
 288              		.loc 1 216 5 discriminator 2
 289 0022 7B68     		ldr	r3, [r7, #4]
 290 0024 0122     		movs	r2, #1
 291 0026 83F84020 		strb	r2, [r3, #64]
 217:Drivers/STM32L4xx_HAL_Driver/Src/stm32l4xx_hal_i2c_ex.c **** 
 218:Drivers/STM32L4xx_HAL_Driver/Src/stm32l4xx_hal_i2c_ex.c ****     hi2c->State = HAL_I2C_STATE_BUSY;
 292              		.loc 1 218 17 is_stmt 1 discriminator 2
 293 002a 7B68     		ldr	r3, [r7, #4]
 294 002c 2422     		movs	r2, #36
 295 002e 83F84120 		strb	r2, [r3, #65]
 219:Drivers/STM32L4xx_HAL_Driver/Src/stm32l4xx_hal_i2c_ex.c **** 
 220:Drivers/STM32L4xx_HAL_Driver/Src/stm32l4xx_hal_i2c_ex.c ****     /* Disable the selected I2C peripheral */
 221:Drivers/STM32L4xx_HAL_Driver/Src/stm32l4xx_hal_i2c_ex.c ****     __HAL_I2C_DISABLE(hi2c);
 296              		.loc 1 221 5 discriminator 2
 297 0032 7B68     		ldr	r3, [r7, #4]
ARM GAS  C:\Users\Morroway\AppData\Local\Temp\ccXhkysf.s 			page 10


 298 0034 1B68     		ldr	r3, [r3]
 299 0036 1A68     		ldr	r2, [r3]
 300 0038 7B68     		ldr	r3, [r7, #4]
 301 003a 1B68     		ldr	r3, [r3]
 302 003c 22F00102 		bic	r2, r2, #1
 303 0040 1A60     		str	r2, [r3]
 222:Drivers/STM32L4xx_HAL_Driver/Src/stm32l4xx_hal_i2c_ex.c **** 
 223:Drivers/STM32L4xx_HAL_Driver/Src/stm32l4xx_hal_i2c_ex.c ****     /* Enable wakeup from stop mode */
 224:Drivers/STM32L4xx_HAL_Driver/Src/stm32l4xx_hal_i2c_ex.c ****     hi2c->Instance->CR1 |= I2C_CR1_WUPEN;
 304              		.loc 1 224 9 discriminator 2
 305 0042 7B68     		ldr	r3, [r7, #4]
 306 0044 1B68     		ldr	r3, [r3]
 307              		.loc 1 224 25 discriminator 2
 308 0046 1A68     		ldr	r2, [r3]
 309              		.loc 1 224 9 discriminator 2
 310 0048 7B68     		ldr	r3, [r7, #4]
 311 004a 1B68     		ldr	r3, [r3]
 312              		.loc 1 224 25 discriminator 2
 313 004c 42F48022 		orr	r2, r2, #262144
 314 0050 1A60     		str	r2, [r3]
 225:Drivers/STM32L4xx_HAL_Driver/Src/stm32l4xx_hal_i2c_ex.c **** 
 226:Drivers/STM32L4xx_HAL_Driver/Src/stm32l4xx_hal_i2c_ex.c ****     __HAL_I2C_ENABLE(hi2c);
 315              		.loc 1 226 5 discriminator 2
 316 0052 7B68     		ldr	r3, [r7, #4]
 317 0054 1B68     		ldr	r3, [r3]
 318 0056 1A68     		ldr	r2, [r3]
 319 0058 7B68     		ldr	r3, [r7, #4]
 320 005a 1B68     		ldr	r3, [r3]
 321 005c 42F00102 		orr	r2, r2, #1
 322 0060 1A60     		str	r2, [r3]
 227:Drivers/STM32L4xx_HAL_Driver/Src/stm32l4xx_hal_i2c_ex.c **** 
 228:Drivers/STM32L4xx_HAL_Driver/Src/stm32l4xx_hal_i2c_ex.c ****     hi2c->State = HAL_I2C_STATE_READY;
 323              		.loc 1 228 17 discriminator 2
 324 0062 7B68     		ldr	r3, [r7, #4]
 325 0064 2022     		movs	r2, #32
 326 0066 83F84120 		strb	r2, [r3, #65]
 229:Drivers/STM32L4xx_HAL_Driver/Src/stm32l4xx_hal_i2c_ex.c **** 
 230:Drivers/STM32L4xx_HAL_Driver/Src/stm32l4xx_hal_i2c_ex.c ****     /* Process Unlocked */
 231:Drivers/STM32L4xx_HAL_Driver/Src/stm32l4xx_hal_i2c_ex.c ****     __HAL_UNLOCK(hi2c);
 327              		.loc 1 231 5 discriminator 2
 328 006a 7B68     		ldr	r3, [r7, #4]
 329 006c 0022     		movs	r2, #0
 330 006e 83F84020 		strb	r2, [r3, #64]
 232:Drivers/STM32L4xx_HAL_Driver/Src/stm32l4xx_hal_i2c_ex.c **** 
 233:Drivers/STM32L4xx_HAL_Driver/Src/stm32l4xx_hal_i2c_ex.c ****     return HAL_OK;
 331              		.loc 1 233 12 discriminator 2
 332 0072 0023     		movs	r3, #0
 333 0074 00E0     		b	.L12
 334              	.L10:
 234:Drivers/STM32L4xx_HAL_Driver/Src/stm32l4xx_hal_i2c_ex.c ****   }
 235:Drivers/STM32L4xx_HAL_Driver/Src/stm32l4xx_hal_i2c_ex.c ****   else
 236:Drivers/STM32L4xx_HAL_Driver/Src/stm32l4xx_hal_i2c_ex.c ****   {
 237:Drivers/STM32L4xx_HAL_Driver/Src/stm32l4xx_hal_i2c_ex.c ****     return HAL_BUSY;
 335              		.loc 1 237 12
 336 0076 0223     		movs	r3, #2
 337              	.L12:
 238:Drivers/STM32L4xx_HAL_Driver/Src/stm32l4xx_hal_i2c_ex.c ****   }
ARM GAS  C:\Users\Morroway\AppData\Local\Temp\ccXhkysf.s 			page 11


 239:Drivers/STM32L4xx_HAL_Driver/Src/stm32l4xx_hal_i2c_ex.c **** }
 338              		.loc 1 239 1
 339 0078 1846     		mov	r0, r3
 340 007a 0C37     		adds	r7, r7, #12
 341              		.cfi_def_cfa_offset 4
 342 007c BD46     		mov	sp, r7
 343              		.cfi_def_cfa_register 13
 344              		@ sp needed
 345 007e 5DF8047B 		ldr	r7, [sp], #4
 346              		.cfi_restore 7
 347              		.cfi_def_cfa_offset 0
 348 0082 7047     		bx	lr
 349              		.cfi_endproc
 350              	.LFE323:
 352              		.section	.text.HAL_I2CEx_DisableWakeUp,"ax",%progbits
 353              		.align	1
 354              		.global	HAL_I2CEx_DisableWakeUp
 355              		.syntax unified
 356              		.thumb
 357              		.thumb_func
 359              	HAL_I2CEx_DisableWakeUp:
 360              	.LFB324:
 240:Drivers/STM32L4xx_HAL_Driver/Src/stm32l4xx_hal_i2c_ex.c **** 
 241:Drivers/STM32L4xx_HAL_Driver/Src/stm32l4xx_hal_i2c_ex.c **** /**
 242:Drivers/STM32L4xx_HAL_Driver/Src/stm32l4xx_hal_i2c_ex.c ****   * @brief  Disable I2C wakeup from Stop mode(s).
 243:Drivers/STM32L4xx_HAL_Driver/Src/stm32l4xx_hal_i2c_ex.c ****   * @param  hi2c Pointer to a I2C_HandleTypeDef structure that contains
 244:Drivers/STM32L4xx_HAL_Driver/Src/stm32l4xx_hal_i2c_ex.c ****   *                the configuration information for the specified I2Cx peripheral.
 245:Drivers/STM32L4xx_HAL_Driver/Src/stm32l4xx_hal_i2c_ex.c ****   * @retval HAL status
 246:Drivers/STM32L4xx_HAL_Driver/Src/stm32l4xx_hal_i2c_ex.c ****   */
 247:Drivers/STM32L4xx_HAL_Driver/Src/stm32l4xx_hal_i2c_ex.c **** HAL_StatusTypeDef HAL_I2CEx_DisableWakeUp(I2C_HandleTypeDef *hi2c)
 248:Drivers/STM32L4xx_HAL_Driver/Src/stm32l4xx_hal_i2c_ex.c **** {
 361              		.loc 1 248 1
 362              		.cfi_startproc
 363              		@ args = 0, pretend = 0, frame = 8
 364              		@ frame_needed = 1, uses_anonymous_args = 0
 365              		@ link register save eliminated.
 366 0000 80B4     		push	{r7}
 367              		.cfi_def_cfa_offset 4
 368              		.cfi_offset 7, -4
 369 0002 83B0     		sub	sp, sp, #12
 370              		.cfi_def_cfa_offset 16
 371 0004 00AF     		add	r7, sp, #0
 372              		.cfi_def_cfa_register 7
 373 0006 7860     		str	r0, [r7, #4]
 249:Drivers/STM32L4xx_HAL_Driver/Src/stm32l4xx_hal_i2c_ex.c ****   /* Check the parameters */
 250:Drivers/STM32L4xx_HAL_Driver/Src/stm32l4xx_hal_i2c_ex.c ****   assert_param(IS_I2C_WAKEUP_FROMSTOP_INSTANCE(hi2c->Instance));
 251:Drivers/STM32L4xx_HAL_Driver/Src/stm32l4xx_hal_i2c_ex.c **** 
 252:Drivers/STM32L4xx_HAL_Driver/Src/stm32l4xx_hal_i2c_ex.c ****   if (hi2c->State == HAL_I2C_STATE_READY)
 374              		.loc 1 252 11
 375 0008 7B68     		ldr	r3, [r7, #4]
 376 000a 93F84130 		ldrb	r3, [r3, #65]
 377 000e DBB2     		uxtb	r3, r3
 378              		.loc 1 252 6
 379 0010 202B     		cmp	r3, #32
 380 0012 30D1     		bne	.L14
 253:Drivers/STM32L4xx_HAL_Driver/Src/stm32l4xx_hal_i2c_ex.c ****   {
 254:Drivers/STM32L4xx_HAL_Driver/Src/stm32l4xx_hal_i2c_ex.c ****     /* Process Locked */
ARM GAS  C:\Users\Morroway\AppData\Local\Temp\ccXhkysf.s 			page 12


 255:Drivers/STM32L4xx_HAL_Driver/Src/stm32l4xx_hal_i2c_ex.c ****     __HAL_LOCK(hi2c);
 381              		.loc 1 255 5
 382 0014 7B68     		ldr	r3, [r7, #4]
 383 0016 93F84030 		ldrb	r3, [r3, #64]	@ zero_extendqisi2
 384 001a 012B     		cmp	r3, #1
 385 001c 01D1     		bne	.L15
 386              		.loc 1 255 5 is_stmt 0 discriminator 1
 387 001e 0223     		movs	r3, #2
 388 0020 2AE0     		b	.L16
 389              	.L15:
 390              		.loc 1 255 5 discriminator 2
 391 0022 7B68     		ldr	r3, [r7, #4]
 392 0024 0122     		movs	r2, #1
 393 0026 83F84020 		strb	r2, [r3, #64]
 256:Drivers/STM32L4xx_HAL_Driver/Src/stm32l4xx_hal_i2c_ex.c **** 
 257:Drivers/STM32L4xx_HAL_Driver/Src/stm32l4xx_hal_i2c_ex.c ****     hi2c->State = HAL_I2C_STATE_BUSY;
 394              		.loc 1 257 17 is_stmt 1 discriminator 2
 395 002a 7B68     		ldr	r3, [r7, #4]
 396 002c 2422     		movs	r2, #36
 397 002e 83F84120 		strb	r2, [r3, #65]
 258:Drivers/STM32L4xx_HAL_Driver/Src/stm32l4xx_hal_i2c_ex.c **** 
 259:Drivers/STM32L4xx_HAL_Driver/Src/stm32l4xx_hal_i2c_ex.c ****     /* Disable the selected I2C peripheral */
 260:Drivers/STM32L4xx_HAL_Driver/Src/stm32l4xx_hal_i2c_ex.c ****     __HAL_I2C_DISABLE(hi2c);
 398              		.loc 1 260 5 discriminator 2
 399 0032 7B68     		ldr	r3, [r7, #4]
 400 0034 1B68     		ldr	r3, [r3]
 401 0036 1A68     		ldr	r2, [r3]
 402 0038 7B68     		ldr	r3, [r7, #4]
 403 003a 1B68     		ldr	r3, [r3]
 404 003c 22F00102 		bic	r2, r2, #1
 405 0040 1A60     		str	r2, [r3]
 261:Drivers/STM32L4xx_HAL_Driver/Src/stm32l4xx_hal_i2c_ex.c **** 
 262:Drivers/STM32L4xx_HAL_Driver/Src/stm32l4xx_hal_i2c_ex.c ****     /* Enable wakeup from stop mode */
 263:Drivers/STM32L4xx_HAL_Driver/Src/stm32l4xx_hal_i2c_ex.c ****     hi2c->Instance->CR1 &= ~(I2C_CR1_WUPEN);
 406              		.loc 1 263 9 discriminator 2
 407 0042 7B68     		ldr	r3, [r7, #4]
 408 0044 1B68     		ldr	r3, [r3]
 409              		.loc 1 263 25 discriminator 2
 410 0046 1A68     		ldr	r2, [r3]
 411              		.loc 1 263 9 discriminator 2
 412 0048 7B68     		ldr	r3, [r7, #4]
 413 004a 1B68     		ldr	r3, [r3]
 414              		.loc 1 263 25 discriminator 2
 415 004c 22F48022 		bic	r2, r2, #262144
 416 0050 1A60     		str	r2, [r3]
 264:Drivers/STM32L4xx_HAL_Driver/Src/stm32l4xx_hal_i2c_ex.c **** 
 265:Drivers/STM32L4xx_HAL_Driver/Src/stm32l4xx_hal_i2c_ex.c ****     __HAL_I2C_ENABLE(hi2c);
 417              		.loc 1 265 5 discriminator 2
 418 0052 7B68     		ldr	r3, [r7, #4]
 419 0054 1B68     		ldr	r3, [r3]
 420 0056 1A68     		ldr	r2, [r3]
 421 0058 7B68     		ldr	r3, [r7, #4]
 422 005a 1B68     		ldr	r3, [r3]
 423 005c 42F00102 		orr	r2, r2, #1
 424 0060 1A60     		str	r2, [r3]
 266:Drivers/STM32L4xx_HAL_Driver/Src/stm32l4xx_hal_i2c_ex.c **** 
 267:Drivers/STM32L4xx_HAL_Driver/Src/stm32l4xx_hal_i2c_ex.c ****     hi2c->State = HAL_I2C_STATE_READY;
ARM GAS  C:\Users\Morroway\AppData\Local\Temp\ccXhkysf.s 			page 13


 425              		.loc 1 267 17 discriminator 2
 426 0062 7B68     		ldr	r3, [r7, #4]
 427 0064 2022     		movs	r2, #32
 428 0066 83F84120 		strb	r2, [r3, #65]
 268:Drivers/STM32L4xx_HAL_Driver/Src/stm32l4xx_hal_i2c_ex.c **** 
 269:Drivers/STM32L4xx_HAL_Driver/Src/stm32l4xx_hal_i2c_ex.c ****     /* Process Unlocked */
 270:Drivers/STM32L4xx_HAL_Driver/Src/stm32l4xx_hal_i2c_ex.c ****     __HAL_UNLOCK(hi2c);
 429              		.loc 1 270 5 discriminator 2
 430 006a 7B68     		ldr	r3, [r7, #4]
 431 006c 0022     		movs	r2, #0
 432 006e 83F84020 		strb	r2, [r3, #64]
 271:Drivers/STM32L4xx_HAL_Driver/Src/stm32l4xx_hal_i2c_ex.c **** 
 272:Drivers/STM32L4xx_HAL_Driver/Src/stm32l4xx_hal_i2c_ex.c ****     return HAL_OK;
 433              		.loc 1 272 12 discriminator 2
 434 0072 0023     		movs	r3, #0
 435 0074 00E0     		b	.L16
 436              	.L14:
 273:Drivers/STM32L4xx_HAL_Driver/Src/stm32l4xx_hal_i2c_ex.c ****   }
 274:Drivers/STM32L4xx_HAL_Driver/Src/stm32l4xx_hal_i2c_ex.c ****   else
 275:Drivers/STM32L4xx_HAL_Driver/Src/stm32l4xx_hal_i2c_ex.c ****   {
 276:Drivers/STM32L4xx_HAL_Driver/Src/stm32l4xx_hal_i2c_ex.c ****     return HAL_BUSY;
 437              		.loc 1 276 12
 438 0076 0223     		movs	r3, #2
 439              	.L16:
 277:Drivers/STM32L4xx_HAL_Driver/Src/stm32l4xx_hal_i2c_ex.c ****   }
 278:Drivers/STM32L4xx_HAL_Driver/Src/stm32l4xx_hal_i2c_ex.c **** }
 440              		.loc 1 278 1
 441 0078 1846     		mov	r0, r3
 442 007a 0C37     		adds	r7, r7, #12
 443              		.cfi_def_cfa_offset 4
 444 007c BD46     		mov	sp, r7
 445              		.cfi_def_cfa_register 13
 446              		@ sp needed
 447 007e 5DF8047B 		ldr	r7, [sp], #4
 448              		.cfi_restore 7
 449              		.cfi_def_cfa_offset 0
 450 0082 7047     		bx	lr
 451              		.cfi_endproc
 452              	.LFE324:
 454              		.section	.text.HAL_I2CEx_EnableFastModePlus,"ax",%progbits
 455              		.align	1
 456              		.global	HAL_I2CEx_EnableFastModePlus
 457              		.syntax unified
 458              		.thumb
 459              		.thumb_func
 461              	HAL_I2CEx_EnableFastModePlus:
 462              	.LFB325:
 279:Drivers/STM32L4xx_HAL_Driver/Src/stm32l4xx_hal_i2c_ex.c **** /**
 280:Drivers/STM32L4xx_HAL_Driver/Src/stm32l4xx_hal_i2c_ex.c ****   * @}
 281:Drivers/STM32L4xx_HAL_Driver/Src/stm32l4xx_hal_i2c_ex.c ****   */
 282:Drivers/STM32L4xx_HAL_Driver/Src/stm32l4xx_hal_i2c_ex.c **** 
 283:Drivers/STM32L4xx_HAL_Driver/Src/stm32l4xx_hal_i2c_ex.c **** /** @defgroup I2CEx_Exported_Functions_Group3 Fast Mode Plus Functions
 284:Drivers/STM32L4xx_HAL_Driver/Src/stm32l4xx_hal_i2c_ex.c ****   * @brief    Fast Mode Plus Functions
 285:Drivers/STM32L4xx_HAL_Driver/Src/stm32l4xx_hal_i2c_ex.c ****   *
 286:Drivers/STM32L4xx_HAL_Driver/Src/stm32l4xx_hal_i2c_ex.c **** @verbatim
 287:Drivers/STM32L4xx_HAL_Driver/Src/stm32l4xx_hal_i2c_ex.c ****  ===============================================================================
 288:Drivers/STM32L4xx_HAL_Driver/Src/stm32l4xx_hal_i2c_ex.c ****                       ##### Fast Mode Plus Functions #####
ARM GAS  C:\Users\Morroway\AppData\Local\Temp\ccXhkysf.s 			page 14


 289:Drivers/STM32L4xx_HAL_Driver/Src/stm32l4xx_hal_i2c_ex.c ****  ===============================================================================
 290:Drivers/STM32L4xx_HAL_Driver/Src/stm32l4xx_hal_i2c_ex.c ****     [..] This section provides functions allowing to:
 291:Drivers/STM32L4xx_HAL_Driver/Src/stm32l4xx_hal_i2c_ex.c ****       (+) Configure Fast Mode Plus
 292:Drivers/STM32L4xx_HAL_Driver/Src/stm32l4xx_hal_i2c_ex.c **** 
 293:Drivers/STM32L4xx_HAL_Driver/Src/stm32l4xx_hal_i2c_ex.c **** @endverbatim
 294:Drivers/STM32L4xx_HAL_Driver/Src/stm32l4xx_hal_i2c_ex.c ****   * @{
 295:Drivers/STM32L4xx_HAL_Driver/Src/stm32l4xx_hal_i2c_ex.c ****   */
 296:Drivers/STM32L4xx_HAL_Driver/Src/stm32l4xx_hal_i2c_ex.c **** 
 297:Drivers/STM32L4xx_HAL_Driver/Src/stm32l4xx_hal_i2c_ex.c **** /**
 298:Drivers/STM32L4xx_HAL_Driver/Src/stm32l4xx_hal_i2c_ex.c ****   * @brief Enable the I2C fast mode plus driving capability.
 299:Drivers/STM32L4xx_HAL_Driver/Src/stm32l4xx_hal_i2c_ex.c ****   * @param ConfigFastModePlus Selects the pin.
 300:Drivers/STM32L4xx_HAL_Driver/Src/stm32l4xx_hal_i2c_ex.c ****   *   This parameter can be one of the @ref I2CEx_FastModePlus values
 301:Drivers/STM32L4xx_HAL_Driver/Src/stm32l4xx_hal_i2c_ex.c ****   * @note  For I2C1, fast mode plus driving capability can be enabled on all selected
 302:Drivers/STM32L4xx_HAL_Driver/Src/stm32l4xx_hal_i2c_ex.c ****   *        I2C1 pins using I2C_FASTMODEPLUS_I2C1 parameter or independently
 303:Drivers/STM32L4xx_HAL_Driver/Src/stm32l4xx_hal_i2c_ex.c ****   *        on each one of the following pins PB6, PB7, PB8 and PB9.
 304:Drivers/STM32L4xx_HAL_Driver/Src/stm32l4xx_hal_i2c_ex.c ****   * @note  For remaining I2C1 pins (PA14, PA15...) fast mode plus driving capability
 305:Drivers/STM32L4xx_HAL_Driver/Src/stm32l4xx_hal_i2c_ex.c ****   *        can be enabled only by using I2C_FASTMODEPLUS_I2C1 parameter.
 306:Drivers/STM32L4xx_HAL_Driver/Src/stm32l4xx_hal_i2c_ex.c ****   * @note  For all I2C2 pins fast mode plus driving capability can be enabled
 307:Drivers/STM32L4xx_HAL_Driver/Src/stm32l4xx_hal_i2c_ex.c ****   *        only by using I2C_FASTMODEPLUS_I2C2 parameter.
 308:Drivers/STM32L4xx_HAL_Driver/Src/stm32l4xx_hal_i2c_ex.c ****   * @note  For all I2C3 pins fast mode plus driving capability can be enabled
 309:Drivers/STM32L4xx_HAL_Driver/Src/stm32l4xx_hal_i2c_ex.c ****   *        only by using I2C_FASTMODEPLUS_I2C3 parameter.
 310:Drivers/STM32L4xx_HAL_Driver/Src/stm32l4xx_hal_i2c_ex.c ****   * @note  For all I2C4 pins fast mode plus driving capability can be enabled
 311:Drivers/STM32L4xx_HAL_Driver/Src/stm32l4xx_hal_i2c_ex.c ****   *        only by using I2C_FASTMODEPLUS_I2C4 parameter.
 312:Drivers/STM32L4xx_HAL_Driver/Src/stm32l4xx_hal_i2c_ex.c ****   * @retval None
 313:Drivers/STM32L4xx_HAL_Driver/Src/stm32l4xx_hal_i2c_ex.c ****   */
 314:Drivers/STM32L4xx_HAL_Driver/Src/stm32l4xx_hal_i2c_ex.c **** void HAL_I2CEx_EnableFastModePlus(uint32_t ConfigFastModePlus)
 315:Drivers/STM32L4xx_HAL_Driver/Src/stm32l4xx_hal_i2c_ex.c **** {
 463              		.loc 1 315 1
 464              		.cfi_startproc
 465              		@ args = 0, pretend = 0, frame = 16
 466              		@ frame_needed = 1, uses_anonymous_args = 0
 467              		@ link register save eliminated.
 468 0000 80B4     		push	{r7}
 469              		.cfi_def_cfa_offset 4
 470              		.cfi_offset 7, -4
 471 0002 85B0     		sub	sp, sp, #20
 472              		.cfi_def_cfa_offset 24
 473 0004 00AF     		add	r7, sp, #0
 474              		.cfi_def_cfa_register 7
 475 0006 7860     		str	r0, [r7, #4]
 476              	.LBB2:
 316:Drivers/STM32L4xx_HAL_Driver/Src/stm32l4xx_hal_i2c_ex.c ****   /* Check the parameter */
 317:Drivers/STM32L4xx_HAL_Driver/Src/stm32l4xx_hal_i2c_ex.c ****   assert_param(IS_I2C_FASTMODEPLUS(ConfigFastModePlus));
 318:Drivers/STM32L4xx_HAL_Driver/Src/stm32l4xx_hal_i2c_ex.c **** 
 319:Drivers/STM32L4xx_HAL_Driver/Src/stm32l4xx_hal_i2c_ex.c ****   /* Enable SYSCFG clock */
 320:Drivers/STM32L4xx_HAL_Driver/Src/stm32l4xx_hal_i2c_ex.c ****   __HAL_RCC_SYSCFG_CLK_ENABLE();
 477              		.loc 1 320 3
 478 0008 0B4B     		ldr	r3, .L18
 479 000a 1B6E     		ldr	r3, [r3, #96]
 480 000c 0A4A     		ldr	r2, .L18
 481 000e 43F00103 		orr	r3, r3, #1
 482 0012 1366     		str	r3, [r2, #96]
 483 0014 084B     		ldr	r3, .L18
 484 0016 1B6E     		ldr	r3, [r3, #96]
 485 0018 03F00103 		and	r3, r3, #1
 486 001c FB60     		str	r3, [r7, #12]
 487 001e FB68     		ldr	r3, [r7, #12]
ARM GAS  C:\Users\Morroway\AppData\Local\Temp\ccXhkysf.s 			page 15


 488              	.LBE2:
 321:Drivers/STM32L4xx_HAL_Driver/Src/stm32l4xx_hal_i2c_ex.c **** 
 322:Drivers/STM32L4xx_HAL_Driver/Src/stm32l4xx_hal_i2c_ex.c ****   /* Enable fast mode plus driving capability for selected pin */
 323:Drivers/STM32L4xx_HAL_Driver/Src/stm32l4xx_hal_i2c_ex.c ****   SET_BIT(SYSCFG->CFGR1, (uint32_t)ConfigFastModePlus);
 489              		.loc 1 323 3
 490 0020 064B     		ldr	r3, .L18+4
 491 0022 5A68     		ldr	r2, [r3, #4]
 492 0024 0549     		ldr	r1, .L18+4
 493 0026 7B68     		ldr	r3, [r7, #4]
 494 0028 1343     		orrs	r3, r3, r2
 495 002a 4B60     		str	r3, [r1, #4]
 324:Drivers/STM32L4xx_HAL_Driver/Src/stm32l4xx_hal_i2c_ex.c **** }
 496              		.loc 1 324 1
 497 002c 00BF     		nop
 498 002e 1437     		adds	r7, r7, #20
 499              		.cfi_def_cfa_offset 4
 500 0030 BD46     		mov	sp, r7
 501              		.cfi_def_cfa_register 13
 502              		@ sp needed
 503 0032 5DF8047B 		ldr	r7, [sp], #4
 504              		.cfi_restore 7
 505              		.cfi_def_cfa_offset 0
 506 0036 7047     		bx	lr
 507              	.L19:
 508              		.align	2
 509              	.L18:
 510 0038 00100240 		.word	1073876992
 511 003c 00000140 		.word	1073807360
 512              		.cfi_endproc
 513              	.LFE325:
 515              		.section	.text.HAL_I2CEx_DisableFastModePlus,"ax",%progbits
 516              		.align	1
 517              		.global	HAL_I2CEx_DisableFastModePlus
 518              		.syntax unified
 519              		.thumb
 520              		.thumb_func
 522              	HAL_I2CEx_DisableFastModePlus:
 523              	.LFB326:
 325:Drivers/STM32L4xx_HAL_Driver/Src/stm32l4xx_hal_i2c_ex.c **** 
 326:Drivers/STM32L4xx_HAL_Driver/Src/stm32l4xx_hal_i2c_ex.c **** /**
 327:Drivers/STM32L4xx_HAL_Driver/Src/stm32l4xx_hal_i2c_ex.c ****   * @brief Disable the I2C fast mode plus driving capability.
 328:Drivers/STM32L4xx_HAL_Driver/Src/stm32l4xx_hal_i2c_ex.c ****   * @param ConfigFastModePlus Selects the pin.
 329:Drivers/STM32L4xx_HAL_Driver/Src/stm32l4xx_hal_i2c_ex.c ****   *   This parameter can be one of the @ref I2CEx_FastModePlus values
 330:Drivers/STM32L4xx_HAL_Driver/Src/stm32l4xx_hal_i2c_ex.c ****   * @note  For I2C1, fast mode plus driving capability can be disabled on all selected
 331:Drivers/STM32L4xx_HAL_Driver/Src/stm32l4xx_hal_i2c_ex.c ****   *        I2C1 pins using I2C_FASTMODEPLUS_I2C1 parameter or independently
 332:Drivers/STM32L4xx_HAL_Driver/Src/stm32l4xx_hal_i2c_ex.c ****   *        on each one of the following pins PB6, PB7, PB8 and PB9.
 333:Drivers/STM32L4xx_HAL_Driver/Src/stm32l4xx_hal_i2c_ex.c ****   * @note  For remaining I2C1 pins (PA14, PA15...) fast mode plus driving capability
 334:Drivers/STM32L4xx_HAL_Driver/Src/stm32l4xx_hal_i2c_ex.c ****   *        can be disabled only by using I2C_FASTMODEPLUS_I2C1 parameter.
 335:Drivers/STM32L4xx_HAL_Driver/Src/stm32l4xx_hal_i2c_ex.c ****   * @note  For all I2C2 pins fast mode plus driving capability can be disabled
 336:Drivers/STM32L4xx_HAL_Driver/Src/stm32l4xx_hal_i2c_ex.c ****   *        only by using I2C_FASTMODEPLUS_I2C2 parameter.
 337:Drivers/STM32L4xx_HAL_Driver/Src/stm32l4xx_hal_i2c_ex.c ****   * @note  For all I2C3 pins fast mode plus driving capability can be disabled
 338:Drivers/STM32L4xx_HAL_Driver/Src/stm32l4xx_hal_i2c_ex.c ****   *        only by using I2C_FASTMODEPLUS_I2C3 parameter.
 339:Drivers/STM32L4xx_HAL_Driver/Src/stm32l4xx_hal_i2c_ex.c ****   * @note  For all I2C4 pins fast mode plus driving capability can be disabled
 340:Drivers/STM32L4xx_HAL_Driver/Src/stm32l4xx_hal_i2c_ex.c ****   *        only by using I2C_FASTMODEPLUS_I2C4 parameter.
 341:Drivers/STM32L4xx_HAL_Driver/Src/stm32l4xx_hal_i2c_ex.c ****   * @retval None
 342:Drivers/STM32L4xx_HAL_Driver/Src/stm32l4xx_hal_i2c_ex.c ****   */
 343:Drivers/STM32L4xx_HAL_Driver/Src/stm32l4xx_hal_i2c_ex.c **** void HAL_I2CEx_DisableFastModePlus(uint32_t ConfigFastModePlus)
ARM GAS  C:\Users\Morroway\AppData\Local\Temp\ccXhkysf.s 			page 16


 344:Drivers/STM32L4xx_HAL_Driver/Src/stm32l4xx_hal_i2c_ex.c **** {
 524              		.loc 1 344 1
 525              		.cfi_startproc
 526              		@ args = 0, pretend = 0, frame = 16
 527              		@ frame_needed = 1, uses_anonymous_args = 0
 528              		@ link register save eliminated.
 529 0000 80B4     		push	{r7}
 530              		.cfi_def_cfa_offset 4
 531              		.cfi_offset 7, -4
 532 0002 85B0     		sub	sp, sp, #20
 533              		.cfi_def_cfa_offset 24
 534 0004 00AF     		add	r7, sp, #0
 535              		.cfi_def_cfa_register 7
 536 0006 7860     		str	r0, [r7, #4]
 537              	.LBB3:
 345:Drivers/STM32L4xx_HAL_Driver/Src/stm32l4xx_hal_i2c_ex.c ****   /* Check the parameter */
 346:Drivers/STM32L4xx_HAL_Driver/Src/stm32l4xx_hal_i2c_ex.c ****   assert_param(IS_I2C_FASTMODEPLUS(ConfigFastModePlus));
 347:Drivers/STM32L4xx_HAL_Driver/Src/stm32l4xx_hal_i2c_ex.c **** 
 348:Drivers/STM32L4xx_HAL_Driver/Src/stm32l4xx_hal_i2c_ex.c ****   /* Enable SYSCFG clock */
 349:Drivers/STM32L4xx_HAL_Driver/Src/stm32l4xx_hal_i2c_ex.c ****   __HAL_RCC_SYSCFG_CLK_ENABLE();
 538              		.loc 1 349 3
 539 0008 0C4B     		ldr	r3, .L21
 540 000a 1B6E     		ldr	r3, [r3, #96]
 541 000c 0B4A     		ldr	r2, .L21
 542 000e 43F00103 		orr	r3, r3, #1
 543 0012 1366     		str	r3, [r2, #96]
 544 0014 094B     		ldr	r3, .L21
 545 0016 1B6E     		ldr	r3, [r3, #96]
 546 0018 03F00103 		and	r3, r3, #1
 547 001c FB60     		str	r3, [r7, #12]
 548 001e FB68     		ldr	r3, [r7, #12]
 549              	.LBE3:
 350:Drivers/STM32L4xx_HAL_Driver/Src/stm32l4xx_hal_i2c_ex.c **** 
 351:Drivers/STM32L4xx_HAL_Driver/Src/stm32l4xx_hal_i2c_ex.c ****   /* Disable fast mode plus driving capability for selected pin */
 352:Drivers/STM32L4xx_HAL_Driver/Src/stm32l4xx_hal_i2c_ex.c ****   CLEAR_BIT(SYSCFG->CFGR1, (uint32_t)ConfigFastModePlus);
 550              		.loc 1 352 3
 551 0020 074B     		ldr	r3, .L21+4
 552 0022 5A68     		ldr	r2, [r3, #4]
 553 0024 7B68     		ldr	r3, [r7, #4]
 554 0026 DB43     		mvns	r3, r3
 555 0028 0549     		ldr	r1, .L21+4
 556 002a 1340     		ands	r3, r3, r2
 557 002c 4B60     		str	r3, [r1, #4]
 353:Drivers/STM32L4xx_HAL_Driver/Src/stm32l4xx_hal_i2c_ex.c **** }
 558              		.loc 1 353 1
 559 002e 00BF     		nop
 560 0030 1437     		adds	r7, r7, #20
 561              		.cfi_def_cfa_offset 4
 562 0032 BD46     		mov	sp, r7
 563              		.cfi_def_cfa_register 13
 564              		@ sp needed
 565 0034 5DF8047B 		ldr	r7, [sp], #4
 566              		.cfi_restore 7
 567              		.cfi_def_cfa_offset 0
 568 0038 7047     		bx	lr
 569              	.L22:
 570 003a 00BF     		.align	2
ARM GAS  C:\Users\Morroway\AppData\Local\Temp\ccXhkysf.s 			page 17


 571              	.L21:
 572 003c 00100240 		.word	1073876992
 573 0040 00000140 		.word	1073807360
 574              		.cfi_endproc
 575              	.LFE326:
 577              		.text
 578              	.Letext0:
 579              		.file 2 "c:\\users\\morroway\\appdata\\roaming\\code\\user\\globalstorage\\bmd.stm32-for-vscode\\@
 580              		.file 3 "c:\\users\\morroway\\appdata\\roaming\\code\\user\\globalstorage\\bmd.stm32-for-vscode\\@
 581              		.file 4 "Drivers/CMSIS/Device/ST/STM32L4xx/Include/stm32l4p5xx.h"
 582              		.file 5 "Drivers/STM32L4xx_HAL_Driver/Inc/stm32l4xx_hal_def.h"
 583              		.file 6 "Drivers/STM32L4xx_HAL_Driver/Inc/stm32l4xx_hal_dma.h"
 584              		.file 7 "Drivers/STM32L4xx_HAL_Driver/Inc/stm32l4xx_hal_i2c.h"
ARM GAS  C:\Users\Morroway\AppData\Local\Temp\ccXhkysf.s 			page 18


DEFINED SYMBOLS
                            *ABS*:0000000000000000 stm32l4xx_hal_i2c_ex.c
C:\Users\Morroway\AppData\Local\Temp\ccXhkysf.s:20     .text.HAL_I2CEx_ConfigAnalogFilter:0000000000000000 $t
C:\Users\Morroway\AppData\Local\Temp\ccXhkysf.s:26     .text.HAL_I2CEx_ConfigAnalogFilter:0000000000000000 HAL_I2CEx_ConfigAnalogFilter
C:\Users\Morroway\AppData\Local\Temp\ccXhkysf.s:136    .text.HAL_I2CEx_ConfigDigitalFilter:0000000000000000 $t
C:\Users\Morroway\AppData\Local\Temp\ccXhkysf.s:142    .text.HAL_I2CEx_ConfigDigitalFilter:0000000000000000 HAL_I2CEx_ConfigDigitalFilter
C:\Users\Morroway\AppData\Local\Temp\ccXhkysf.s:251    .text.HAL_I2CEx_EnableWakeUp:0000000000000000 $t
C:\Users\Morroway\AppData\Local\Temp\ccXhkysf.s:257    .text.HAL_I2CEx_EnableWakeUp:0000000000000000 HAL_I2CEx_EnableWakeUp
C:\Users\Morroway\AppData\Local\Temp\ccXhkysf.s:353    .text.HAL_I2CEx_DisableWakeUp:0000000000000000 $t
C:\Users\Morroway\AppData\Local\Temp\ccXhkysf.s:359    .text.HAL_I2CEx_DisableWakeUp:0000000000000000 HAL_I2CEx_DisableWakeUp
C:\Users\Morroway\AppData\Local\Temp\ccXhkysf.s:455    .text.HAL_I2CEx_EnableFastModePlus:0000000000000000 $t
C:\Users\Morroway\AppData\Local\Temp\ccXhkysf.s:461    .text.HAL_I2CEx_EnableFastModePlus:0000000000000000 HAL_I2CEx_EnableFastModePlus
C:\Users\Morroway\AppData\Local\Temp\ccXhkysf.s:510    .text.HAL_I2CEx_EnableFastModePlus:0000000000000038 $d
C:\Users\Morroway\AppData\Local\Temp\ccXhkysf.s:516    .text.HAL_I2CEx_DisableFastModePlus:0000000000000000 $t
C:\Users\Morroway\AppData\Local\Temp\ccXhkysf.s:522    .text.HAL_I2CEx_DisableFastModePlus:0000000000000000 HAL_I2CEx_DisableFastModePlus
C:\Users\Morroway\AppData\Local\Temp\ccXhkysf.s:572    .text.HAL_I2CEx_DisableFastModePlus:000000000000003c $d

NO UNDEFINED SYMBOLS
