ARM GAS  C:\Users\Morroway\AppData\Local\Temp\ccKjKmcB.s 			page 1


   1              		.cpu cortex-m4
   2              		.arch armv7e-m
   3              		.fpu fpv4-sp-d16
   4              		.eabi_attribute 27, 1
   5              		.eabi_attribute 28, 1
   6              		.eabi_attribute 20, 1
   7              		.eabi_attribute 21, 1
   8              		.eabi_attribute 23, 3
   9              		.eabi_attribute 24, 1
  10              		.eabi_attribute 25, 1
  11              		.eabi_attribute 26, 1
  12              		.eabi_attribute 30, 6
  13              		.eabi_attribute 34, 1
  14              		.eabi_attribute 18, 4
  15              		.file	"stm32l4xx_it.c"
  16              		.text
  17              	.Ltext0:
  18              		.cfi_sections	.debug_frame
  19              		.section	.bss.R,"aw",%nobits
  20              		.align	1
  23              	R:
  24 0000 0000     		.space	2
  25              		.section	.bss.T,"aw",%nobits
  26              		.align	1
  29              	T:
  30 0000 0000     		.space	2
  31              		.section	.bss.S,"aw",%nobits
  32              		.align	1
  35              	S:
  36 0000 0000     		.space	2
  37              		.section	.bss.msg_buffer,"aw",%nobits
  38              		.align	2
  41              	msg_buffer:
  42 0000 00000000 		.space	30
  42      00000000 
  42      00000000 
  42      00000000 
  42      00000000 
  43              		.section	.bss.value,"aw",%nobits
  44              		.align	2
  47              	value:
  48 0000 00000000 		.space	12
  48      00000000 
  48      00000000 
  49              		.section	.bss.RxBuf,"aw",%nobits
  50              		.align	2
  53              	RxBuf:
  54 0000 00000000 		.space	20
  54      00000000 
  54      00000000 
  54      00000000 
  54      00000000 
  55              		.section	.bss.interval,"aw",%nobits
  56              		.align	1
  59              	interval:
  60 0000 0000     		.space	2
  61              		.section	.text.NMI_Handler,"ax",%progbits
ARM GAS  C:\Users\Morroway\AppData\Local\Temp\ccKjKmcB.s 			page 2


  62              		.align	1
  63              		.global	NMI_Handler
  64              		.syntax unified
  65              		.thumb
  66              		.thumb_func
  68              	NMI_Handler:
  69              	.LFB321:
  70              		.file 1 "Core/Src/stm32l4xx_it.c"
   1:Core/Src/stm32l4xx_it.c **** /* USER CODE BEGIN Header */
   2:Core/Src/stm32l4xx_it.c **** /**
   3:Core/Src/stm32l4xx_it.c ****   ******************************************************************************
   4:Core/Src/stm32l4xx_it.c ****   * @file    stm32l4xx_it.c
   5:Core/Src/stm32l4xx_it.c ****   * @brief   Interrupt Service Routines.
   6:Core/Src/stm32l4xx_it.c ****   ******************************************************************************
   7:Core/Src/stm32l4xx_it.c ****   * @attention
   8:Core/Src/stm32l4xx_it.c ****   *
   9:Core/Src/stm32l4xx_it.c ****   * Copyright (c) 2022 STMicroelectronics.
  10:Core/Src/stm32l4xx_it.c ****   * All rights reserved.
  11:Core/Src/stm32l4xx_it.c ****   *
  12:Core/Src/stm32l4xx_it.c ****   * This software is licensed under terms that can be found in the LICENSE file
  13:Core/Src/stm32l4xx_it.c ****   * in the root directory of this software component.
  14:Core/Src/stm32l4xx_it.c ****   * If no LICENSE file comes with this software, it is provided AS-IS.
  15:Core/Src/stm32l4xx_it.c ****   *
  16:Core/Src/stm32l4xx_it.c ****   ******************************************************************************
  17:Core/Src/stm32l4xx_it.c ****   */
  18:Core/Src/stm32l4xx_it.c **** /* USER CODE END Header */
  19:Core/Src/stm32l4xx_it.c **** 
  20:Core/Src/stm32l4xx_it.c **** /* Includes ------------------------------------------------------------------*/
  21:Core/Src/stm32l4xx_it.c **** #include "main.h"
  22:Core/Src/stm32l4xx_it.c **** #include "stm32l4xx_it.h"
  23:Core/Src/stm32l4xx_it.c **** /* Private includes ----------------------------------------------------------*/
  24:Core/Src/stm32l4xx_it.c **** /* USER CODE BEGIN Includes */
  25:Core/Src/stm32l4xx_it.c **** /* USER CODE END Includes */
  26:Core/Src/stm32l4xx_it.c **** 
  27:Core/Src/stm32l4xx_it.c **** /* Private typedef -----------------------------------------------------------*/
  28:Core/Src/stm32l4xx_it.c **** /* USER CODE BEGIN TD */
  29:Core/Src/stm32l4xx_it.c **** 
  30:Core/Src/stm32l4xx_it.c **** /* USER CODE END TD */
  31:Core/Src/stm32l4xx_it.c **** 
  32:Core/Src/stm32l4xx_it.c **** /* Private define ------------------------------------------------------------*/
  33:Core/Src/stm32l4xx_it.c **** /* USER CODE BEGIN PD */
  34:Core/Src/stm32l4xx_it.c **** 
  35:Core/Src/stm32l4xx_it.c **** /* USER CODE END PD */
  36:Core/Src/stm32l4xx_it.c **** 
  37:Core/Src/stm32l4xx_it.c **** /* Private macro -------------------------------------------------------------*/
  38:Core/Src/stm32l4xx_it.c **** /* USER CODE BEGIN PM */
  39:Core/Src/stm32l4xx_it.c **** 
  40:Core/Src/stm32l4xx_it.c **** /* USER CODE END PM */
  41:Core/Src/stm32l4xx_it.c **** 
  42:Core/Src/stm32l4xx_it.c **** /* Private variables ---------------------------------------------------------*/
  43:Core/Src/stm32l4xx_it.c **** /* USER CODE BEGIN PV */
  44:Core/Src/stm32l4xx_it.c **** 
  45:Core/Src/stm32l4xx_it.c **** /* USER CODE END PV */
  46:Core/Src/stm32l4xx_it.c **** 
  47:Core/Src/stm32l4xx_it.c **** /* Private function prototypes -----------------------------------------------*/
  48:Core/Src/stm32l4xx_it.c **** /* USER CODE BEGIN PFP */
  49:Core/Src/stm32l4xx_it.c **** 
ARM GAS  C:\Users\Morroway\AppData\Local\Temp\ccKjKmcB.s 			page 3


  50:Core/Src/stm32l4xx_it.c **** /* USER CODE END PFP */
  51:Core/Src/stm32l4xx_it.c **** 
  52:Core/Src/stm32l4xx_it.c **** /* Private user code ---------------------------------------------------------*/
  53:Core/Src/stm32l4xx_it.c **** /* USER CODE BEGIN 0 */
  54:Core/Src/stm32l4xx_it.c **** 
  55:Core/Src/stm32l4xx_it.c **** /* USER CODE END 0 */
  56:Core/Src/stm32l4xx_it.c **** 
  57:Core/Src/stm32l4xx_it.c **** /* External variables --------------------------------------------------------*/
  58:Core/Src/stm32l4xx_it.c **** extern DMA_HandleTypeDef hdma_adc1;
  59:Core/Src/stm32l4xx_it.c **** extern DMA_HandleTypeDef hdma_lpuart1_rx;
  60:Core/Src/stm32l4xx_it.c **** extern UART_HandleTypeDef hlpuart1;
  61:Core/Src/stm32l4xx_it.c **** /* USER CODE BEGIN EV */
  62:Core/Src/stm32l4xx_it.c **** 
  63:Core/Src/stm32l4xx_it.c **** /* USER CODE END EV */
  64:Core/Src/stm32l4xx_it.c **** 
  65:Core/Src/stm32l4xx_it.c **** /******************************************************************************/
  66:Core/Src/stm32l4xx_it.c **** /*           Cortex-M4 Processor Interruption and Exception Handlers          */
  67:Core/Src/stm32l4xx_it.c **** /******************************************************************************/
  68:Core/Src/stm32l4xx_it.c **** /**
  69:Core/Src/stm32l4xx_it.c ****   * @brief This function handles Non maskable interrupt.
  70:Core/Src/stm32l4xx_it.c ****   */
  71:Core/Src/stm32l4xx_it.c **** void NMI_Handler(void)
  72:Core/Src/stm32l4xx_it.c **** {
  71              		.loc 1 72 1
  72              		.cfi_startproc
  73              		@ args = 0, pretend = 0, frame = 0
  74              		@ frame_needed = 1, uses_anonymous_args = 0
  75              		@ link register save eliminated.
  76 0000 80B4     		push	{r7}
  77              		.cfi_def_cfa_offset 4
  78              		.cfi_offset 7, -4
  79 0002 00AF     		add	r7, sp, #0
  80              		.cfi_def_cfa_register 7
  81              	.L2:
  73:Core/Src/stm32l4xx_it.c ****   /* USER CODE BEGIN NonMaskableInt_IRQn 0 */
  74:Core/Src/stm32l4xx_it.c **** 
  75:Core/Src/stm32l4xx_it.c ****   /* USER CODE END NonMaskableInt_IRQn 0 */
  76:Core/Src/stm32l4xx_it.c ****   /* USER CODE BEGIN NonMaskableInt_IRQn 1 */
  77:Core/Src/stm32l4xx_it.c ****   while (1)
  82              		.loc 1 77 9 discriminator 1
  83 0004 FEE7     		b	.L2
  84              		.cfi_endproc
  85              	.LFE321:
  87              		.section	.text.HardFault_Handler,"ax",%progbits
  88              		.align	1
  89              		.global	HardFault_Handler
  90              		.syntax unified
  91              		.thumb
  92              		.thumb_func
  94              	HardFault_Handler:
  95              	.LFB322:
  78:Core/Src/stm32l4xx_it.c ****   {
  79:Core/Src/stm32l4xx_it.c ****   }
  80:Core/Src/stm32l4xx_it.c ****   /* USER CODE END NonMaskableInt_IRQn 1 */
  81:Core/Src/stm32l4xx_it.c **** }
  82:Core/Src/stm32l4xx_it.c **** 
  83:Core/Src/stm32l4xx_it.c **** /**
ARM GAS  C:\Users\Morroway\AppData\Local\Temp\ccKjKmcB.s 			page 4


  84:Core/Src/stm32l4xx_it.c ****   * @brief This function handles Hard fault interrupt.
  85:Core/Src/stm32l4xx_it.c ****   */
  86:Core/Src/stm32l4xx_it.c **** void HardFault_Handler(void)
  87:Core/Src/stm32l4xx_it.c **** {
  96              		.loc 1 87 1
  97              		.cfi_startproc
  98              		@ args = 0, pretend = 0, frame = 0
  99              		@ frame_needed = 1, uses_anonymous_args = 0
 100              		@ link register save eliminated.
 101 0000 80B4     		push	{r7}
 102              		.cfi_def_cfa_offset 4
 103              		.cfi_offset 7, -4
 104 0002 00AF     		add	r7, sp, #0
 105              		.cfi_def_cfa_register 7
 106              	.L4:
  88:Core/Src/stm32l4xx_it.c ****   /* USER CODE BEGIN HardFault_IRQn 0 */
  89:Core/Src/stm32l4xx_it.c **** 
  90:Core/Src/stm32l4xx_it.c ****   /* USER CODE END HardFault_IRQn 0 */
  91:Core/Src/stm32l4xx_it.c ****   while (1)
 107              		.loc 1 91 9 discriminator 1
 108 0004 FEE7     		b	.L4
 109              		.cfi_endproc
 110              	.LFE322:
 112              		.section	.text.MemManage_Handler,"ax",%progbits
 113              		.align	1
 114              		.global	MemManage_Handler
 115              		.syntax unified
 116              		.thumb
 117              		.thumb_func
 119              	MemManage_Handler:
 120              	.LFB323:
  92:Core/Src/stm32l4xx_it.c ****   {
  93:Core/Src/stm32l4xx_it.c ****     /* USER CODE BEGIN W1_HardFault_IRQn 0 */
  94:Core/Src/stm32l4xx_it.c ****     /* USER CODE END W1_HardFault_IRQn 0 */
  95:Core/Src/stm32l4xx_it.c ****   }
  96:Core/Src/stm32l4xx_it.c **** }
  97:Core/Src/stm32l4xx_it.c **** 
  98:Core/Src/stm32l4xx_it.c **** /**
  99:Core/Src/stm32l4xx_it.c ****   * @brief This function handles Memory management fault.
 100:Core/Src/stm32l4xx_it.c ****   */
 101:Core/Src/stm32l4xx_it.c **** void MemManage_Handler(void)
 102:Core/Src/stm32l4xx_it.c **** {
 121              		.loc 1 102 1
 122              		.cfi_startproc
 123              		@ args = 0, pretend = 0, frame = 0
 124              		@ frame_needed = 1, uses_anonymous_args = 0
 125              		@ link register save eliminated.
 126 0000 80B4     		push	{r7}
 127              		.cfi_def_cfa_offset 4
 128              		.cfi_offset 7, -4
 129 0002 00AF     		add	r7, sp, #0
 130              		.cfi_def_cfa_register 7
 131              	.L6:
 103:Core/Src/stm32l4xx_it.c ****   /* USER CODE BEGIN MemoryManagement_IRQn 0 */
 104:Core/Src/stm32l4xx_it.c **** 
 105:Core/Src/stm32l4xx_it.c ****   /* USER CODE END MemoryManagement_IRQn 0 */
 106:Core/Src/stm32l4xx_it.c ****   while (1)
ARM GAS  C:\Users\Morroway\AppData\Local\Temp\ccKjKmcB.s 			page 5


 132              		.loc 1 106 9 discriminator 1
 133 0004 FEE7     		b	.L6
 134              		.cfi_endproc
 135              	.LFE323:
 137              		.section	.text.BusFault_Handler,"ax",%progbits
 138              		.align	1
 139              		.global	BusFault_Handler
 140              		.syntax unified
 141              		.thumb
 142              		.thumb_func
 144              	BusFault_Handler:
 145              	.LFB324:
 107:Core/Src/stm32l4xx_it.c ****   {
 108:Core/Src/stm32l4xx_it.c ****     /* USER CODE BEGIN W1_MemoryManagement_IRQn 0 */
 109:Core/Src/stm32l4xx_it.c ****     /* USER CODE END W1_MemoryManagement_IRQn 0 */
 110:Core/Src/stm32l4xx_it.c ****   }
 111:Core/Src/stm32l4xx_it.c **** }
 112:Core/Src/stm32l4xx_it.c **** 
 113:Core/Src/stm32l4xx_it.c **** /**
 114:Core/Src/stm32l4xx_it.c ****   * @brief This function handles Prefetch fault, memory access fault.
 115:Core/Src/stm32l4xx_it.c ****   */
 116:Core/Src/stm32l4xx_it.c **** void BusFault_Handler(void)
 117:Core/Src/stm32l4xx_it.c **** {
 146              		.loc 1 117 1
 147              		.cfi_startproc
 148              		@ args = 0, pretend = 0, frame = 0
 149              		@ frame_needed = 1, uses_anonymous_args = 0
 150              		@ link register save eliminated.
 151 0000 80B4     		push	{r7}
 152              		.cfi_def_cfa_offset 4
 153              		.cfi_offset 7, -4
 154 0002 00AF     		add	r7, sp, #0
 155              		.cfi_def_cfa_register 7
 156              	.L8:
 118:Core/Src/stm32l4xx_it.c ****   /* USER CODE BEGIN BusFault_IRQn 0 */
 119:Core/Src/stm32l4xx_it.c **** 
 120:Core/Src/stm32l4xx_it.c ****   /* USER CODE END BusFault_IRQn 0 */
 121:Core/Src/stm32l4xx_it.c ****   while (1)
 157              		.loc 1 121 9 discriminator 1
 158 0004 FEE7     		b	.L8
 159              		.cfi_endproc
 160              	.LFE324:
 162              		.section	.text.UsageFault_Handler,"ax",%progbits
 163              		.align	1
 164              		.global	UsageFault_Handler
 165              		.syntax unified
 166              		.thumb
 167              		.thumb_func
 169              	UsageFault_Handler:
 170              	.LFB325:
 122:Core/Src/stm32l4xx_it.c ****   {
 123:Core/Src/stm32l4xx_it.c ****     /* USER CODE BEGIN W1_BusFault_IRQn 0 */
 124:Core/Src/stm32l4xx_it.c ****     /* USER CODE END W1_BusFault_IRQn 0 */
 125:Core/Src/stm32l4xx_it.c ****   }
 126:Core/Src/stm32l4xx_it.c **** }
 127:Core/Src/stm32l4xx_it.c **** 
 128:Core/Src/stm32l4xx_it.c **** /**
ARM GAS  C:\Users\Morroway\AppData\Local\Temp\ccKjKmcB.s 			page 6


 129:Core/Src/stm32l4xx_it.c ****   * @brief This function handles Undefined instruction or illegal state.
 130:Core/Src/stm32l4xx_it.c ****   */
 131:Core/Src/stm32l4xx_it.c **** void UsageFault_Handler(void)
 132:Core/Src/stm32l4xx_it.c **** {
 171              		.loc 1 132 1
 172              		.cfi_startproc
 173              		@ args = 0, pretend = 0, frame = 0
 174              		@ frame_needed = 1, uses_anonymous_args = 0
 175              		@ link register save eliminated.
 176 0000 80B4     		push	{r7}
 177              		.cfi_def_cfa_offset 4
 178              		.cfi_offset 7, -4
 179 0002 00AF     		add	r7, sp, #0
 180              		.cfi_def_cfa_register 7
 181              	.L10:
 133:Core/Src/stm32l4xx_it.c ****   /* USER CODE BEGIN UsageFault_IRQn 0 */
 134:Core/Src/stm32l4xx_it.c **** 
 135:Core/Src/stm32l4xx_it.c ****   /* USER CODE END UsageFault_IRQn 0 */
 136:Core/Src/stm32l4xx_it.c ****   while (1)
 182              		.loc 1 136 9 discriminator 1
 183 0004 FEE7     		b	.L10
 184              		.cfi_endproc
 185              	.LFE325:
 187              		.section	.text.SVC_Handler,"ax",%progbits
 188              		.align	1
 189              		.global	SVC_Handler
 190              		.syntax unified
 191              		.thumb
 192              		.thumb_func
 194              	SVC_Handler:
 195              	.LFB326:
 137:Core/Src/stm32l4xx_it.c ****   {
 138:Core/Src/stm32l4xx_it.c ****     /* USER CODE BEGIN W1_UsageFault_IRQn 0 */
 139:Core/Src/stm32l4xx_it.c ****     /* USER CODE END W1_UsageFault_IRQn 0 */
 140:Core/Src/stm32l4xx_it.c ****   }
 141:Core/Src/stm32l4xx_it.c **** }
 142:Core/Src/stm32l4xx_it.c **** 
 143:Core/Src/stm32l4xx_it.c **** /**
 144:Core/Src/stm32l4xx_it.c ****   * @brief This function handles System service call via SWI instruction.
 145:Core/Src/stm32l4xx_it.c ****   */
 146:Core/Src/stm32l4xx_it.c **** void SVC_Handler(void)
 147:Core/Src/stm32l4xx_it.c **** {
 196              		.loc 1 147 1
 197              		.cfi_startproc
 198              		@ args = 0, pretend = 0, frame = 0
 199              		@ frame_needed = 1, uses_anonymous_args = 0
 200              		@ link register save eliminated.
 201 0000 80B4     		push	{r7}
 202              		.cfi_def_cfa_offset 4
 203              		.cfi_offset 7, -4
 204 0002 00AF     		add	r7, sp, #0
 205              		.cfi_def_cfa_register 7
 148:Core/Src/stm32l4xx_it.c ****   /* USER CODE BEGIN SVCall_IRQn 0 */
 149:Core/Src/stm32l4xx_it.c **** 
 150:Core/Src/stm32l4xx_it.c ****   /* USER CODE END SVCall_IRQn 0 */
 151:Core/Src/stm32l4xx_it.c ****   /* USER CODE BEGIN SVCall_IRQn 1 */
 152:Core/Src/stm32l4xx_it.c **** 
ARM GAS  C:\Users\Morroway\AppData\Local\Temp\ccKjKmcB.s 			page 7


 153:Core/Src/stm32l4xx_it.c ****   /* USER CODE END SVCall_IRQn 1 */
 154:Core/Src/stm32l4xx_it.c **** }
 206              		.loc 1 154 1
 207 0004 00BF     		nop
 208 0006 BD46     		mov	sp, r7
 209              		.cfi_def_cfa_register 13
 210              		@ sp needed
 211 0008 5DF8047B 		ldr	r7, [sp], #4
 212              		.cfi_restore 7
 213              		.cfi_def_cfa_offset 0
 214 000c 7047     		bx	lr
 215              		.cfi_endproc
 216              	.LFE326:
 218              		.section	.text.DebugMon_Handler,"ax",%progbits
 219              		.align	1
 220              		.global	DebugMon_Handler
 221              		.syntax unified
 222              		.thumb
 223              		.thumb_func
 225              	DebugMon_Handler:
 226              	.LFB327:
 155:Core/Src/stm32l4xx_it.c **** 
 156:Core/Src/stm32l4xx_it.c **** /**
 157:Core/Src/stm32l4xx_it.c ****   * @brief This function handles Debug monitor.
 158:Core/Src/stm32l4xx_it.c ****   */
 159:Core/Src/stm32l4xx_it.c **** void DebugMon_Handler(void)
 160:Core/Src/stm32l4xx_it.c **** {
 227              		.loc 1 160 1
 228              		.cfi_startproc
 229              		@ args = 0, pretend = 0, frame = 0
 230              		@ frame_needed = 1, uses_anonymous_args = 0
 231              		@ link register save eliminated.
 232 0000 80B4     		push	{r7}
 233              		.cfi_def_cfa_offset 4
 234              		.cfi_offset 7, -4
 235 0002 00AF     		add	r7, sp, #0
 236              		.cfi_def_cfa_register 7
 161:Core/Src/stm32l4xx_it.c ****   /* USER CODE BEGIN DebugMonitor_IRQn 0 */
 162:Core/Src/stm32l4xx_it.c **** 
 163:Core/Src/stm32l4xx_it.c ****   /* USER CODE END DebugMonitor_IRQn 0 */
 164:Core/Src/stm32l4xx_it.c ****   /* USER CODE BEGIN DebugMonitor_IRQn 1 */
 165:Core/Src/stm32l4xx_it.c **** 
 166:Core/Src/stm32l4xx_it.c ****   /* USER CODE END DebugMonitor_IRQn 1 */
 167:Core/Src/stm32l4xx_it.c **** }
 237              		.loc 1 167 1
 238 0004 00BF     		nop
 239 0006 BD46     		mov	sp, r7
 240              		.cfi_def_cfa_register 13
 241              		@ sp needed
 242 0008 5DF8047B 		ldr	r7, [sp], #4
 243              		.cfi_restore 7
 244              		.cfi_def_cfa_offset 0
 245 000c 7047     		bx	lr
 246              		.cfi_endproc
 247              	.LFE327:
 249              		.section	.text.PendSV_Handler,"ax",%progbits
 250              		.align	1
ARM GAS  C:\Users\Morroway\AppData\Local\Temp\ccKjKmcB.s 			page 8


 251              		.global	PendSV_Handler
 252              		.syntax unified
 253              		.thumb
 254              		.thumb_func
 256              	PendSV_Handler:
 257              	.LFB328:
 168:Core/Src/stm32l4xx_it.c **** 
 169:Core/Src/stm32l4xx_it.c **** /**
 170:Core/Src/stm32l4xx_it.c ****   * @brief This function handles Pendable request for system service.
 171:Core/Src/stm32l4xx_it.c ****   */
 172:Core/Src/stm32l4xx_it.c **** void PendSV_Handler(void)
 173:Core/Src/stm32l4xx_it.c **** {
 258              		.loc 1 173 1
 259              		.cfi_startproc
 260              		@ args = 0, pretend = 0, frame = 0
 261              		@ frame_needed = 1, uses_anonymous_args = 0
 262              		@ link register save eliminated.
 263 0000 80B4     		push	{r7}
 264              		.cfi_def_cfa_offset 4
 265              		.cfi_offset 7, -4
 266 0002 00AF     		add	r7, sp, #0
 267              		.cfi_def_cfa_register 7
 174:Core/Src/stm32l4xx_it.c ****   /* USER CODE BEGIN PendSV_IRQn 0 */
 175:Core/Src/stm32l4xx_it.c **** 
 176:Core/Src/stm32l4xx_it.c ****   /* USER CODE END PendSV_IRQn 0 */
 177:Core/Src/stm32l4xx_it.c ****   /* USER CODE BEGIN PendSV_IRQn 1 */
 178:Core/Src/stm32l4xx_it.c **** 
 179:Core/Src/stm32l4xx_it.c ****   /* USER CODE END PendSV_IRQn 1 */
 180:Core/Src/stm32l4xx_it.c **** }
 268              		.loc 1 180 1
 269 0004 00BF     		nop
 270 0006 BD46     		mov	sp, r7
 271              		.cfi_def_cfa_register 13
 272              		@ sp needed
 273 0008 5DF8047B 		ldr	r7, [sp], #4
 274              		.cfi_restore 7
 275              		.cfi_def_cfa_offset 0
 276 000c 7047     		bx	lr
 277              		.cfi_endproc
 278              	.LFE328:
 280              		.section	.text.SysTick_Handler,"ax",%progbits
 281              		.align	1
 282              		.global	SysTick_Handler
 283              		.syntax unified
 284              		.thumb
 285              		.thumb_func
 287              	SysTick_Handler:
 288              	.LFB329:
 181:Core/Src/stm32l4xx_it.c **** 
 182:Core/Src/stm32l4xx_it.c **** /**
 183:Core/Src/stm32l4xx_it.c ****   * @brief This function handles System tick timer.
 184:Core/Src/stm32l4xx_it.c ****   */
 185:Core/Src/stm32l4xx_it.c **** void SysTick_Handler(void)
 186:Core/Src/stm32l4xx_it.c **** {
 289              		.loc 1 186 1
 290              		.cfi_startproc
 291              		@ args = 0, pretend = 0, frame = 0
ARM GAS  C:\Users\Morroway\AppData\Local\Temp\ccKjKmcB.s 			page 9


 292              		@ frame_needed = 1, uses_anonymous_args = 0
 293 0000 80B5     		push	{r7, lr}
 294              		.cfi_def_cfa_offset 8
 295              		.cfi_offset 7, -8
 296              		.cfi_offset 14, -4
 297 0002 00AF     		add	r7, sp, #0
 298              		.cfi_def_cfa_register 7
 187:Core/Src/stm32l4xx_it.c ****   /* USER CODE BEGIN SysTick_IRQn 0 */
 188:Core/Src/stm32l4xx_it.c **** 
 189:Core/Src/stm32l4xx_it.c ****   /* USER CODE END SysTick_IRQn 0 */
 190:Core/Src/stm32l4xx_it.c ****   HAL_IncTick();
 299              		.loc 1 190 3
 300 0004 FFF7FEFF 		bl	HAL_IncTick
 191:Core/Src/stm32l4xx_it.c ****   /* USER CODE BEGIN SysTick_IRQn 1 */
 192:Core/Src/stm32l4xx_it.c **** 
 193:Core/Src/stm32l4xx_it.c ****   /* USER CODE END SysTick_IRQn 1 */
 194:Core/Src/stm32l4xx_it.c **** }
 301              		.loc 1 194 1
 302 0008 00BF     		nop
 303 000a 80BD     		pop	{r7, pc}
 304              		.cfi_endproc
 305              	.LFE329:
 307              		.section	.text.DMA1_Channel1_IRQHandler,"ax",%progbits
 308              		.align	1
 309              		.global	DMA1_Channel1_IRQHandler
 310              		.syntax unified
 311              		.thumb
 312              		.thumb_func
 314              	DMA1_Channel1_IRQHandler:
 315              	.LFB330:
 195:Core/Src/stm32l4xx_it.c **** 
 196:Core/Src/stm32l4xx_it.c **** /******************************************************************************/
 197:Core/Src/stm32l4xx_it.c **** /* STM32L4xx Peripheral Interrupt Handlers                                    */
 198:Core/Src/stm32l4xx_it.c **** /* Add here the Interrupt Handlers for the used peripherals.                  */
 199:Core/Src/stm32l4xx_it.c **** /* For the available peripheral interrupt handler names,                      */
 200:Core/Src/stm32l4xx_it.c **** /* please refer to the startup file (startup_stm32l4xx.s).                    */
 201:Core/Src/stm32l4xx_it.c **** /******************************************************************************/
 202:Core/Src/stm32l4xx_it.c **** 
 203:Core/Src/stm32l4xx_it.c **** /**
 204:Core/Src/stm32l4xx_it.c ****   * @brief This function handles DMA1 channel1 global interrupt.
 205:Core/Src/stm32l4xx_it.c ****   */
 206:Core/Src/stm32l4xx_it.c **** void DMA1_Channel1_IRQHandler(void)
 207:Core/Src/stm32l4xx_it.c **** {
 316              		.loc 1 207 1
 317              		.cfi_startproc
 318              		@ args = 0, pretend = 0, frame = 0
 319              		@ frame_needed = 1, uses_anonymous_args = 0
 320 0000 80B5     		push	{r7, lr}
 321              		.cfi_def_cfa_offset 8
 322              		.cfi_offset 7, -8
 323              		.cfi_offset 14, -4
 324 0002 00AF     		add	r7, sp, #0
 325              		.cfi_def_cfa_register 7
 208:Core/Src/stm32l4xx_it.c ****   /* USER CODE BEGIN DMA1_Channel1_IRQn 0 */
 209:Core/Src/stm32l4xx_it.c **** 
 210:Core/Src/stm32l4xx_it.c ****   /* USER CODE END DMA1_Channel1_IRQn 0 */
 211:Core/Src/stm32l4xx_it.c ****   HAL_DMA_IRQHandler(&hdma_adc1);
ARM GAS  C:\Users\Morroway\AppData\Local\Temp\ccKjKmcB.s 			page 10


 326              		.loc 1 211 3
 327 0004 0248     		ldr	r0, .L16
 328 0006 FFF7FEFF 		bl	HAL_DMA_IRQHandler
 212:Core/Src/stm32l4xx_it.c ****   /* USER CODE BEGIN DMA1_Channel1_IRQn 1 */
 213:Core/Src/stm32l4xx_it.c **** 
 214:Core/Src/stm32l4xx_it.c ****   /* USER CODE END DMA1_Channel1_IRQn 1 */
 215:Core/Src/stm32l4xx_it.c **** }
 329              		.loc 1 215 1
 330 000a 00BF     		nop
 331 000c 80BD     		pop	{r7, pc}
 332              	.L17:
 333 000e 00BF     		.align	2
 334              	.L16:
 335 0010 00000000 		.word	hdma_adc1
 336              		.cfi_endproc
 337              	.LFE330:
 339              		.section	.text.DMA1_Channel2_IRQHandler,"ax",%progbits
 340              		.align	1
 341              		.global	DMA1_Channel2_IRQHandler
 342              		.syntax unified
 343              		.thumb
 344              		.thumb_func
 346              	DMA1_Channel2_IRQHandler:
 347              	.LFB331:
 216:Core/Src/stm32l4xx_it.c **** 
 217:Core/Src/stm32l4xx_it.c **** /**
 218:Core/Src/stm32l4xx_it.c ****   * @brief This function handles DMA1 channel2 global interrupt.
 219:Core/Src/stm32l4xx_it.c ****   */
 220:Core/Src/stm32l4xx_it.c **** void DMA1_Channel2_IRQHandler(void)
 221:Core/Src/stm32l4xx_it.c **** {
 348              		.loc 1 221 1
 349              		.cfi_startproc
 350              		@ args = 0, pretend = 0, frame = 0
 351              		@ frame_needed = 1, uses_anonymous_args = 0
 352 0000 80B5     		push	{r7, lr}
 353              		.cfi_def_cfa_offset 8
 354              		.cfi_offset 7, -8
 355              		.cfi_offset 14, -4
 356 0002 00AF     		add	r7, sp, #0
 357              		.cfi_def_cfa_register 7
 222:Core/Src/stm32l4xx_it.c ****   /* USER CODE BEGIN DMA1_Channel2_IRQn 0 */
 223:Core/Src/stm32l4xx_it.c **** 
 224:Core/Src/stm32l4xx_it.c ****   /* USER CODE END DMA1_Channel2_IRQn 0 */
 225:Core/Src/stm32l4xx_it.c ****   HAL_DMA_IRQHandler(&hdma_lpuart1_rx);
 358              		.loc 1 225 3
 359 0004 0248     		ldr	r0, .L19
 360 0006 FFF7FEFF 		bl	HAL_DMA_IRQHandler
 226:Core/Src/stm32l4xx_it.c ****   /* USER CODE BEGIN DMA1_Channel2_IRQn 1 */
 227:Core/Src/stm32l4xx_it.c **** 
 228:Core/Src/stm32l4xx_it.c ****   /* USER CODE END DMA1_Channel2_IRQn 1 */
 229:Core/Src/stm32l4xx_it.c **** }
 361              		.loc 1 229 1
 362 000a 00BF     		nop
 363 000c 80BD     		pop	{r7, pc}
 364              	.L20:
 365 000e 00BF     		.align	2
 366              	.L19:
ARM GAS  C:\Users\Morroway\AppData\Local\Temp\ccKjKmcB.s 			page 11


 367 0010 00000000 		.word	hdma_lpuart1_rx
 368              		.cfi_endproc
 369              	.LFE331:
 371              		.section	.text.LPUART1_IRQHandler,"ax",%progbits
 372              		.align	1
 373              		.global	LPUART1_IRQHandler
 374              		.syntax unified
 375              		.thumb
 376              		.thumb_func
 378              	LPUART1_IRQHandler:
 379              	.LFB332:
 230:Core/Src/stm32l4xx_it.c **** 
 231:Core/Src/stm32l4xx_it.c **** /**
 232:Core/Src/stm32l4xx_it.c ****   * @brief This function handles LPUART1 global interrupt.
 233:Core/Src/stm32l4xx_it.c ****   */
 234:Core/Src/stm32l4xx_it.c **** void LPUART1_IRQHandler(void)
 235:Core/Src/stm32l4xx_it.c **** {
 380              		.loc 1 235 1
 381              		.cfi_startproc
 382              		@ args = 0, pretend = 0, frame = 0
 383              		@ frame_needed = 1, uses_anonymous_args = 0
 384 0000 80B5     		push	{r7, lr}
 385              		.cfi_def_cfa_offset 8
 386              		.cfi_offset 7, -8
 387              		.cfi_offset 14, -4
 388 0002 00AF     		add	r7, sp, #0
 389              		.cfi_def_cfa_register 7
 236:Core/Src/stm32l4xx_it.c ****   /* USER CODE BEGIN LPUART1_IRQn 0 */
 237:Core/Src/stm32l4xx_it.c **** 
 238:Core/Src/stm32l4xx_it.c ****   /* USER CODE END LPUART1_IRQn 0 */
 239:Core/Src/stm32l4xx_it.c ****   HAL_UART_IRQHandler(&hlpuart1);
 390              		.loc 1 239 3
 391 0004 0248     		ldr	r0, .L22
 392 0006 FFF7FEFF 		bl	HAL_UART_IRQHandler
 240:Core/Src/stm32l4xx_it.c ****   /* USER CODE BEGIN LPUART1_IRQn 1 */
 241:Core/Src/stm32l4xx_it.c **** 
 242:Core/Src/stm32l4xx_it.c ****   /* USER CODE END LPUART1_IRQn 1 */
 243:Core/Src/stm32l4xx_it.c **** }
 393              		.loc 1 243 1
 394 000a 00BF     		nop
 395 000c 80BD     		pop	{r7, pc}
 396              	.L23:
 397 000e 00BF     		.align	2
 398              	.L22:
 399 0010 00000000 		.word	hlpuart1
 400              		.cfi_endproc
 401              	.LFE332:
 403              		.text
 404              	.Letext0:
 405              		.file 2 "c:\\users\\morroway\\appdata\\roaming\\code\\user\\globalstorage\\bmd.stm32-for-vscode\\@
 406              		.file 3 "c:\\users\\morroway\\appdata\\roaming\\code\\user\\globalstorage\\bmd.stm32-for-vscode\\@
 407              		.file 4 "Drivers/CMSIS/Device/ST/STM32L4xx/Include/stm32l4p5xx.h"
 408              		.file 5 "Drivers/STM32L4xx_HAL_Driver/Inc/stm32l4xx_hal_def.h"
 409              		.file 6 "Drivers/STM32L4xx_HAL_Driver/Inc/stm32l4xx_hal_dma.h"
 410              		.file 7 "Drivers/STM32L4xx_HAL_Driver/Inc/stm32l4xx_hal_uart.h"
 411              		.file 8 "Core/Inc/Parser.h"
 412              		.file 9 "Core/Inc/main.h"
ARM GAS  C:\Users\Morroway\AppData\Local\Temp\ccKjKmcB.s 			page 12


 413              		.file 10 "Drivers/STM32L4xx_HAL_Driver/Inc/stm32l4xx_hal.h"
ARM GAS  C:\Users\Morroway\AppData\Local\Temp\ccKjKmcB.s 			page 13


DEFINED SYMBOLS
                            *ABS*:0000000000000000 stm32l4xx_it.c
C:\Users\Morroway\AppData\Local\Temp\ccKjKmcB.s:20     .bss.R:0000000000000000 $d
C:\Users\Morroway\AppData\Local\Temp\ccKjKmcB.s:23     .bss.R:0000000000000000 R
C:\Users\Morroway\AppData\Local\Temp\ccKjKmcB.s:26     .bss.T:0000000000000000 $d
C:\Users\Morroway\AppData\Local\Temp\ccKjKmcB.s:29     .bss.T:0000000000000000 T
C:\Users\Morroway\AppData\Local\Temp\ccKjKmcB.s:32     .bss.S:0000000000000000 $d
C:\Users\Morroway\AppData\Local\Temp\ccKjKmcB.s:35     .bss.S:0000000000000000 S
C:\Users\Morroway\AppData\Local\Temp\ccKjKmcB.s:38     .bss.msg_buffer:0000000000000000 $d
C:\Users\Morroway\AppData\Local\Temp\ccKjKmcB.s:41     .bss.msg_buffer:0000000000000000 msg_buffer
C:\Users\Morroway\AppData\Local\Temp\ccKjKmcB.s:44     .bss.value:0000000000000000 $d
C:\Users\Morroway\AppData\Local\Temp\ccKjKmcB.s:47     .bss.value:0000000000000000 value
C:\Users\Morroway\AppData\Local\Temp\ccKjKmcB.s:50     .bss.RxBuf:0000000000000000 $d
C:\Users\Morroway\AppData\Local\Temp\ccKjKmcB.s:53     .bss.RxBuf:0000000000000000 RxBuf
C:\Users\Morroway\AppData\Local\Temp\ccKjKmcB.s:56     .bss.interval:0000000000000000 $d
C:\Users\Morroway\AppData\Local\Temp\ccKjKmcB.s:59     .bss.interval:0000000000000000 interval
C:\Users\Morroway\AppData\Local\Temp\ccKjKmcB.s:62     .text.NMI_Handler:0000000000000000 $t
C:\Users\Morroway\AppData\Local\Temp\ccKjKmcB.s:68     .text.NMI_Handler:0000000000000000 NMI_Handler
C:\Users\Morroway\AppData\Local\Temp\ccKjKmcB.s:88     .text.HardFault_Handler:0000000000000000 $t
C:\Users\Morroway\AppData\Local\Temp\ccKjKmcB.s:94     .text.HardFault_Handler:0000000000000000 HardFault_Handler
C:\Users\Morroway\AppData\Local\Temp\ccKjKmcB.s:113    .text.MemManage_Handler:0000000000000000 $t
C:\Users\Morroway\AppData\Local\Temp\ccKjKmcB.s:119    .text.MemManage_Handler:0000000000000000 MemManage_Handler
C:\Users\Morroway\AppData\Local\Temp\ccKjKmcB.s:138    .text.BusFault_Handler:0000000000000000 $t
C:\Users\Morroway\AppData\Local\Temp\ccKjKmcB.s:144    .text.BusFault_Handler:0000000000000000 BusFault_Handler
C:\Users\Morroway\AppData\Local\Temp\ccKjKmcB.s:163    .text.UsageFault_Handler:0000000000000000 $t
C:\Users\Morroway\AppData\Local\Temp\ccKjKmcB.s:169    .text.UsageFault_Handler:0000000000000000 UsageFault_Handler
C:\Users\Morroway\AppData\Local\Temp\ccKjKmcB.s:188    .text.SVC_Handler:0000000000000000 $t
C:\Users\Morroway\AppData\Local\Temp\ccKjKmcB.s:194    .text.SVC_Handler:0000000000000000 SVC_Handler
C:\Users\Morroway\AppData\Local\Temp\ccKjKmcB.s:219    .text.DebugMon_Handler:0000000000000000 $t
C:\Users\Morroway\AppData\Local\Temp\ccKjKmcB.s:225    .text.DebugMon_Handler:0000000000000000 DebugMon_Handler
C:\Users\Morroway\AppData\Local\Temp\ccKjKmcB.s:250    .text.PendSV_Handler:0000000000000000 $t
C:\Users\Morroway\AppData\Local\Temp\ccKjKmcB.s:256    .text.PendSV_Handler:0000000000000000 PendSV_Handler
C:\Users\Morroway\AppData\Local\Temp\ccKjKmcB.s:281    .text.SysTick_Handler:0000000000000000 $t
C:\Users\Morroway\AppData\Local\Temp\ccKjKmcB.s:287    .text.SysTick_Handler:0000000000000000 SysTick_Handler
C:\Users\Morroway\AppData\Local\Temp\ccKjKmcB.s:308    .text.DMA1_Channel1_IRQHandler:0000000000000000 $t
C:\Users\Morroway\AppData\Local\Temp\ccKjKmcB.s:314    .text.DMA1_Channel1_IRQHandler:0000000000000000 DMA1_Channel1_IRQHandler
C:\Users\Morroway\AppData\Local\Temp\ccKjKmcB.s:335    .text.DMA1_Channel1_IRQHandler:0000000000000010 $d
C:\Users\Morroway\AppData\Local\Temp\ccKjKmcB.s:340    .text.DMA1_Channel2_IRQHandler:0000000000000000 $t
C:\Users\Morroway\AppData\Local\Temp\ccKjKmcB.s:346    .text.DMA1_Channel2_IRQHandler:0000000000000000 DMA1_Channel2_IRQHandler
C:\Users\Morroway\AppData\Local\Temp\ccKjKmcB.s:367    .text.DMA1_Channel2_IRQHandler:0000000000000010 $d
C:\Users\Morroway\AppData\Local\Temp\ccKjKmcB.s:372    .text.LPUART1_IRQHandler:0000000000000000 $t
C:\Users\Morroway\AppData\Local\Temp\ccKjKmcB.s:378    .text.LPUART1_IRQHandler:0000000000000000 LPUART1_IRQHandler
C:\Users\Morroway\AppData\Local\Temp\ccKjKmcB.s:399    .text.LPUART1_IRQHandler:0000000000000010 $d

UNDEFINED SYMBOLS
HAL_IncTick
HAL_DMA_IRQHandler
hdma_adc1
hdma_lpuart1_rx
HAL_UART_IRQHandler
hlpuart1
