ARM GAS  C:\Users\Morroway\AppData\Local\Temp\ccYDwSzq.s 			page 1


   1              		.cpu cortex-m4
   2              		.arch armv7e-m
   3              		.fpu fpv4-sp-d16
   4              		.eabi_attribute 27, 1
   5              		.eabi_attribute 28, 1
   6              		.eabi_attribute 20, 1
   7              		.eabi_attribute 21, 1
   8              		.eabi_attribute 23, 3
   9              		.eabi_attribute 24, 1
  10              		.eabi_attribute 25, 1
  11              		.eabi_attribute 26, 1
  12              		.eabi_attribute 30, 6
  13              		.eabi_attribute 34, 1
  14              		.eabi_attribute 18, 4
  15              		.file	"syscall.c"
  16              		.text
  17              	.Ltext0:
  18              		.cfi_sections	.debug_frame
  19              		.section	.bss.msg_buffer,"aw",%nobits
  20              		.align	2
  23              	msg_buffer:
  24 0000 00000000 		.space	30
  24      00000000 
  24      00000000 
  24      00000000 
  24      00000000 
  25              		.section	.bss.RxBuf,"aw",%nobits
  26              		.align	2
  29              	RxBuf:
  30 0000 00000000 		.space	20
  30      00000000 
  30      00000000 
  30      00000000 
  30      00000000 
  31              		.text
  32              	.Letext0:
  33              		.file 1 "c:\\users\\morroway\\appdata\\roaming\\code\\user\\globalstorage\\bmd.stm32-for-vscode\\@
  34              		.file 2 "c:\\users\\morroway\\appdata\\roaming\\code\\user\\globalstorage\\bmd.stm32-for-vscode\\@
  35              		.file 3 "Core/Inc/main.h"
ARM GAS  C:\Users\Morroway\AppData\Local\Temp\ccYDwSzq.s 			page 2


DEFINED SYMBOLS
                            *ABS*:0000000000000000 syscall.c
C:\Users\Morroway\AppData\Local\Temp\ccYDwSzq.s:20     .bss.msg_buffer:0000000000000000 $d
C:\Users\Morroway\AppData\Local\Temp\ccYDwSzq.s:23     .bss.msg_buffer:0000000000000000 msg_buffer
C:\Users\Morroway\AppData\Local\Temp\ccYDwSzq.s:26     .bss.RxBuf:0000000000000000 $d
C:\Users\Morroway\AppData\Local\Temp\ccYDwSzq.s:29     .bss.RxBuf:0000000000000000 RxBuf

NO UNDEFINED SYMBOLS
