ARM GAS  C:\Users\Morroway\AppData\Local\Temp\ccOT2Hga.s 			page 1


   1              		.cpu cortex-m4
   2              		.arch armv7e-m
   3              		.fpu fpv4-sp-d16
   4              		.eabi_attribute 27, 1
   5              		.eabi_attribute 28, 1
   6              		.eabi_attribute 20, 1
   7              		.eabi_attribute 21, 1
   8              		.eabi_attribute 23, 3
   9              		.eabi_attribute 24, 1
  10              		.eabi_attribute 25, 1
  11              		.eabi_attribute 26, 1
  12              		.eabi_attribute 30, 6
  13              		.eabi_attribute 34, 1
  14              		.eabi_attribute 18, 4
  15              		.file	"system_stm32l4xx.c"
  16              		.text
  17              	.Ltext0:
  18              		.cfi_sections	.debug_frame
  19              		.global	SystemCoreClock
  20              		.section	.data.SystemCoreClock,"aw"
  21              		.align	2
  24              	SystemCoreClock:
  25 0000 00093D00 		.word	4000000
  26              		.global	AHBPrescTable
  27              		.section	.rodata.AHBPrescTable,"a"
  28              		.align	2
  31              	AHBPrescTable:
  32 0000 00000000 		.ascii	"\000\000\000\000\000\000\000\000\001\002\003\004\006"
  32      00000000 
  32      01020304 
  32      06
  33 000d 070809   		.ascii	"\007\010\011"
  34              		.global	APBPrescTable
  35              		.section	.rodata.APBPrescTable,"a"
  36              		.align	2
  39              	APBPrescTable:
  40 0000 00000000 		.ascii	"\000\000\000\000\001\002\003\004"
  40      01020304 
  41              		.global	MSIRangeTable
  42              		.section	.rodata.MSIRangeTable,"a"
  43              		.align	2
  46              	MSIRangeTable:
  47 0000 A0860100 		.word	100000
  48 0004 400D0300 		.word	200000
  49 0008 801A0600 		.word	400000
  50 000c 00350C00 		.word	800000
  51 0010 40420F00 		.word	1000000
  52 0014 80841E00 		.word	2000000
  53 0018 00093D00 		.word	4000000
  54 001c 00127A00 		.word	8000000
  55 0020 0024F400 		.word	16000000
  56 0024 00366E01 		.word	24000000
  57 0028 0048E801 		.word	32000000
  58 002c 006CDC02 		.word	48000000
  59              		.section	.text.SystemInit,"ax",%progbits
  60              		.align	1
  61              		.global	SystemInit
ARM GAS  C:\Users\Morroway\AppData\Local\Temp\ccOT2Hga.s 			page 2


  62              		.syntax unified
  63              		.thumb
  64              		.thumb_func
  66              	SystemInit:
  67              	.LFB321:
  68              		.file 1 "Core/Src/system_stm32l4xx.c"
   1:Core/Src/system_stm32l4xx.c **** /**
   2:Core/Src/system_stm32l4xx.c ****   ******************************************************************************
   3:Core/Src/system_stm32l4xx.c ****   * @file    system_stm32l4xx.c
   4:Core/Src/system_stm32l4xx.c ****   * @author  MCD Application Team
   5:Core/Src/system_stm32l4xx.c ****   * @brief   CMSIS Cortex-M4 Device Peripheral Access Layer System Source File
   6:Core/Src/system_stm32l4xx.c ****   *
   7:Core/Src/system_stm32l4xx.c ****   *   This file provides two functions and one global variable to be called from
   8:Core/Src/system_stm32l4xx.c ****   *   user application:
   9:Core/Src/system_stm32l4xx.c ****   *      - SystemInit(): This function is called at startup just after reset and
  10:Core/Src/system_stm32l4xx.c ****   *                      before branch to main program. This call is made inside
  11:Core/Src/system_stm32l4xx.c ****   *                      the "startup_stm32l4xx.s" file.
  12:Core/Src/system_stm32l4xx.c ****   *
  13:Core/Src/system_stm32l4xx.c ****   *      - SystemCoreClock variable: Contains the core clock (HCLK), it can be used
  14:Core/Src/system_stm32l4xx.c ****   *                                  by the user application to setup the SysTick
  15:Core/Src/system_stm32l4xx.c ****   *                                  timer or configure other parameters.
  16:Core/Src/system_stm32l4xx.c ****   *
  17:Core/Src/system_stm32l4xx.c ****   *      - SystemCoreClockUpdate(): Updates the variable SystemCoreClock and must
  18:Core/Src/system_stm32l4xx.c ****   *                                 be called whenever the core clock is changed
  19:Core/Src/system_stm32l4xx.c ****   *                                 during program execution.
  20:Core/Src/system_stm32l4xx.c ****   *
  21:Core/Src/system_stm32l4xx.c ****   *   After each device reset the MSI (4 MHz) is used as system clock source.
  22:Core/Src/system_stm32l4xx.c ****   *   Then SystemInit() function is called, in "startup_stm32l4xx.s" file, to
  23:Core/Src/system_stm32l4xx.c ****   *   configure the system clock before to branch to main program.
  24:Core/Src/system_stm32l4xx.c ****   *
  25:Core/Src/system_stm32l4xx.c ****   *   This file configures the system clock as follows:
  26:Core/Src/system_stm32l4xx.c ****   *=============================================================================
  27:Core/Src/system_stm32l4xx.c ****   *-----------------------------------------------------------------------------
  28:Core/Src/system_stm32l4xx.c ****   *        System Clock source                    | MSI
  29:Core/Src/system_stm32l4xx.c ****   *-----------------------------------------------------------------------------
  30:Core/Src/system_stm32l4xx.c ****   *        SYSCLK(Hz)                             | 4000000
  31:Core/Src/system_stm32l4xx.c ****   *-----------------------------------------------------------------------------
  32:Core/Src/system_stm32l4xx.c ****   *        HCLK(Hz)                               | 4000000
  33:Core/Src/system_stm32l4xx.c ****   *-----------------------------------------------------------------------------
  34:Core/Src/system_stm32l4xx.c ****   *        AHB Prescaler                          | 1
  35:Core/Src/system_stm32l4xx.c ****   *-----------------------------------------------------------------------------
  36:Core/Src/system_stm32l4xx.c ****   *        APB1 Prescaler                         | 1
  37:Core/Src/system_stm32l4xx.c ****   *-----------------------------------------------------------------------------
  38:Core/Src/system_stm32l4xx.c ****   *        APB2 Prescaler                         | 1
  39:Core/Src/system_stm32l4xx.c ****   *-----------------------------------------------------------------------------
  40:Core/Src/system_stm32l4xx.c ****   *        PLL_M                                  | 1
  41:Core/Src/system_stm32l4xx.c ****   *-----------------------------------------------------------------------------
  42:Core/Src/system_stm32l4xx.c ****   *        PLL_N                                  | 8
  43:Core/Src/system_stm32l4xx.c ****   *-----------------------------------------------------------------------------
  44:Core/Src/system_stm32l4xx.c ****   *        PLL_P                                  | 7
  45:Core/Src/system_stm32l4xx.c ****   *-----------------------------------------------------------------------------
  46:Core/Src/system_stm32l4xx.c ****   *        PLL_Q                                  | 2
  47:Core/Src/system_stm32l4xx.c ****   *-----------------------------------------------------------------------------
  48:Core/Src/system_stm32l4xx.c ****   *        PLL_R                                  | 2
  49:Core/Src/system_stm32l4xx.c ****   *-----------------------------------------------------------------------------
  50:Core/Src/system_stm32l4xx.c ****   *        PLLSAI1_P                              | NA
  51:Core/Src/system_stm32l4xx.c ****   *-----------------------------------------------------------------------------
ARM GAS  C:\Users\Morroway\AppData\Local\Temp\ccOT2Hga.s 			page 3


  52:Core/Src/system_stm32l4xx.c ****   *        PLLSAI1_Q                              | NA
  53:Core/Src/system_stm32l4xx.c ****   *-----------------------------------------------------------------------------
  54:Core/Src/system_stm32l4xx.c ****   *        PLLSAI1_R                              | NA
  55:Core/Src/system_stm32l4xx.c ****   *-----------------------------------------------------------------------------
  56:Core/Src/system_stm32l4xx.c ****   *        PLLSAI2_P                              | NA
  57:Core/Src/system_stm32l4xx.c ****   *-----------------------------------------------------------------------------
  58:Core/Src/system_stm32l4xx.c ****   *        PLLSAI2_Q                              | NA
  59:Core/Src/system_stm32l4xx.c ****   *-----------------------------------------------------------------------------
  60:Core/Src/system_stm32l4xx.c ****   *        PLLSAI2_R                              | NA
  61:Core/Src/system_stm32l4xx.c ****   *-----------------------------------------------------------------------------
  62:Core/Src/system_stm32l4xx.c ****   *        Require 48MHz for USB OTG FS,          | Disabled
  63:Core/Src/system_stm32l4xx.c ****   *        SDIO and RNG clock                     |
  64:Core/Src/system_stm32l4xx.c ****   *-----------------------------------------------------------------------------
  65:Core/Src/system_stm32l4xx.c ****   *=============================================================================
  66:Core/Src/system_stm32l4xx.c ****   ******************************************************************************
  67:Core/Src/system_stm32l4xx.c ****   * @attention
  68:Core/Src/system_stm32l4xx.c ****   *
  69:Core/Src/system_stm32l4xx.c ****   * Copyright (c) 2017 STMicroelectronics.
  70:Core/Src/system_stm32l4xx.c ****   * All rights reserved.
  71:Core/Src/system_stm32l4xx.c ****   *
  72:Core/Src/system_stm32l4xx.c ****   * This software is licensed under terms that can be found in the LICENSE file
  73:Core/Src/system_stm32l4xx.c ****   * in the root directory of this software component.
  74:Core/Src/system_stm32l4xx.c ****   * If no LICENSE file comes with this software, it is provided AS-IS.
  75:Core/Src/system_stm32l4xx.c ****   *
  76:Core/Src/system_stm32l4xx.c ****   ******************************************************************************
  77:Core/Src/system_stm32l4xx.c ****   */
  78:Core/Src/system_stm32l4xx.c **** 
  79:Core/Src/system_stm32l4xx.c **** /** @addtogroup CMSIS
  80:Core/Src/system_stm32l4xx.c ****   * @{
  81:Core/Src/system_stm32l4xx.c ****   */
  82:Core/Src/system_stm32l4xx.c **** 
  83:Core/Src/system_stm32l4xx.c **** /** @addtogroup stm32l4xx_system
  84:Core/Src/system_stm32l4xx.c ****   * @{
  85:Core/Src/system_stm32l4xx.c ****   */
  86:Core/Src/system_stm32l4xx.c **** 
  87:Core/Src/system_stm32l4xx.c **** /** @addtogroup STM32L4xx_System_Private_Includes
  88:Core/Src/system_stm32l4xx.c ****   * @{
  89:Core/Src/system_stm32l4xx.c ****   */
  90:Core/Src/system_stm32l4xx.c **** 
  91:Core/Src/system_stm32l4xx.c **** #include "stm32l4xx.h"
  92:Core/Src/system_stm32l4xx.c **** 
  93:Core/Src/system_stm32l4xx.c **** /**
  94:Core/Src/system_stm32l4xx.c ****   * @}
  95:Core/Src/system_stm32l4xx.c ****   */
  96:Core/Src/system_stm32l4xx.c **** 
  97:Core/Src/system_stm32l4xx.c **** /** @addtogroup STM32L4xx_System_Private_TypesDefinitions
  98:Core/Src/system_stm32l4xx.c ****   * @{
  99:Core/Src/system_stm32l4xx.c ****   */
 100:Core/Src/system_stm32l4xx.c **** 
 101:Core/Src/system_stm32l4xx.c **** /**
 102:Core/Src/system_stm32l4xx.c ****   * @}
 103:Core/Src/system_stm32l4xx.c ****   */
 104:Core/Src/system_stm32l4xx.c **** 
 105:Core/Src/system_stm32l4xx.c **** /** @addtogroup STM32L4xx_System_Private_Defines
 106:Core/Src/system_stm32l4xx.c ****   * @{
 107:Core/Src/system_stm32l4xx.c ****   */
 108:Core/Src/system_stm32l4xx.c **** 
ARM GAS  C:\Users\Morroway\AppData\Local\Temp\ccOT2Hga.s 			page 4


 109:Core/Src/system_stm32l4xx.c **** #if !defined  (HSE_VALUE)
 110:Core/Src/system_stm32l4xx.c ****   #define HSE_VALUE    8000000U  /*!< Value of the External oscillator in Hz */
 111:Core/Src/system_stm32l4xx.c **** #endif /* HSE_VALUE */
 112:Core/Src/system_stm32l4xx.c **** 
 113:Core/Src/system_stm32l4xx.c **** #if !defined  (MSI_VALUE)
 114:Core/Src/system_stm32l4xx.c ****   #define MSI_VALUE    4000000U  /*!< Value of the Internal oscillator in Hz*/
 115:Core/Src/system_stm32l4xx.c **** #endif /* MSI_VALUE */
 116:Core/Src/system_stm32l4xx.c **** 
 117:Core/Src/system_stm32l4xx.c **** #if !defined  (HSI_VALUE)
 118:Core/Src/system_stm32l4xx.c ****   #define HSI_VALUE    16000000U /*!< Value of the Internal oscillator in Hz*/
 119:Core/Src/system_stm32l4xx.c **** #endif /* HSI_VALUE */
 120:Core/Src/system_stm32l4xx.c **** 
 121:Core/Src/system_stm32l4xx.c **** /* Note: Following vector table addresses must be defined in line with linker
 122:Core/Src/system_stm32l4xx.c ****          configuration. */
 123:Core/Src/system_stm32l4xx.c **** /*!< Uncomment the following line if you need to relocate the vector table
 124:Core/Src/system_stm32l4xx.c ****      anywhere in Flash or Sram, else the vector table is kept at the automatic
 125:Core/Src/system_stm32l4xx.c ****      remap of boot address selected */
 126:Core/Src/system_stm32l4xx.c **** /* #define USER_VECT_TAB_ADDRESS */
 127:Core/Src/system_stm32l4xx.c **** 
 128:Core/Src/system_stm32l4xx.c **** #if defined(USER_VECT_TAB_ADDRESS)
 129:Core/Src/system_stm32l4xx.c **** /*!< Uncomment the following line if you need to relocate your vector Table
 130:Core/Src/system_stm32l4xx.c ****      in Sram else user remap will be done in Flash. */
 131:Core/Src/system_stm32l4xx.c **** /* #define VECT_TAB_SRAM */
 132:Core/Src/system_stm32l4xx.c **** 
 133:Core/Src/system_stm32l4xx.c **** #if defined(VECT_TAB_SRAM)
 134:Core/Src/system_stm32l4xx.c **** #define VECT_TAB_BASE_ADDRESS   SRAM1_BASE      /*!< Vector Table base address field.
 135:Core/Src/system_stm32l4xx.c ****                                                      This value must be a multiple of 0x200. */
 136:Core/Src/system_stm32l4xx.c **** #define VECT_TAB_OFFSET         0x00000000U     /*!< Vector Table base offset field.
 137:Core/Src/system_stm32l4xx.c ****                                                      This value must be a multiple of 0x200. */
 138:Core/Src/system_stm32l4xx.c **** #else
 139:Core/Src/system_stm32l4xx.c **** #define VECT_TAB_BASE_ADDRESS   FLASH_BASE      /*!< Vector Table base address field.
 140:Core/Src/system_stm32l4xx.c ****                                                      This value must be a multiple of 0x200. */
 141:Core/Src/system_stm32l4xx.c **** #define VECT_TAB_OFFSET         0x00000000U     /*!< Vector Table base offset field.
 142:Core/Src/system_stm32l4xx.c ****                                                      This value must be a multiple of 0x200. */
 143:Core/Src/system_stm32l4xx.c **** #endif /* VECT_TAB_SRAM */
 144:Core/Src/system_stm32l4xx.c **** #endif /* USER_VECT_TAB_ADDRESS */
 145:Core/Src/system_stm32l4xx.c **** 
 146:Core/Src/system_stm32l4xx.c **** /******************************************************************************/
 147:Core/Src/system_stm32l4xx.c **** /**
 148:Core/Src/system_stm32l4xx.c ****   * @}
 149:Core/Src/system_stm32l4xx.c ****   */
 150:Core/Src/system_stm32l4xx.c **** 
 151:Core/Src/system_stm32l4xx.c **** /** @addtogroup STM32L4xx_System_Private_Macros
 152:Core/Src/system_stm32l4xx.c ****   * @{
 153:Core/Src/system_stm32l4xx.c ****   */
 154:Core/Src/system_stm32l4xx.c **** 
 155:Core/Src/system_stm32l4xx.c **** /**
 156:Core/Src/system_stm32l4xx.c ****   * @}
 157:Core/Src/system_stm32l4xx.c ****   */
 158:Core/Src/system_stm32l4xx.c **** 
 159:Core/Src/system_stm32l4xx.c **** /** @addtogroup STM32L4xx_System_Private_Variables
 160:Core/Src/system_stm32l4xx.c ****   * @{
 161:Core/Src/system_stm32l4xx.c ****   */
 162:Core/Src/system_stm32l4xx.c ****   /* The SystemCoreClock variable is updated in three ways:
 163:Core/Src/system_stm32l4xx.c ****       1) by calling CMSIS function SystemCoreClockUpdate()
 164:Core/Src/system_stm32l4xx.c ****       2) by calling HAL API function HAL_RCC_GetHCLKFreq()
 165:Core/Src/system_stm32l4xx.c ****       3) each time HAL_RCC_ClockConfig() is called to configure the system clock frequency
ARM GAS  C:\Users\Morroway\AppData\Local\Temp\ccOT2Hga.s 			page 5


 166:Core/Src/system_stm32l4xx.c ****          Note: If you use this function to configure the system clock; then there
 167:Core/Src/system_stm32l4xx.c ****                is no need to call the 2 first functions listed above, since SystemCoreClock
 168:Core/Src/system_stm32l4xx.c ****                variable is updated automatically.
 169:Core/Src/system_stm32l4xx.c ****   */
 170:Core/Src/system_stm32l4xx.c ****   uint32_t SystemCoreClock = 4000000U;
 171:Core/Src/system_stm32l4xx.c **** 
 172:Core/Src/system_stm32l4xx.c ****   const uint8_t  AHBPrescTable[16] = {0U, 0U, 0U, 0U, 0U, 0U, 0U, 0U, 1U, 2U, 3U, 4U, 6U, 7U, 8U, 9
 173:Core/Src/system_stm32l4xx.c ****   const uint8_t  APBPrescTable[8] =  {0U, 0U, 0U, 0U, 1U, 2U, 3U, 4U};
 174:Core/Src/system_stm32l4xx.c ****   const uint32_t MSIRangeTable[12] = {100000U,   200000U,   400000U,   800000U,  1000000U,  2000000
 175:Core/Src/system_stm32l4xx.c ****                                       4000000U, 8000000U, 16000000U, 24000000U, 32000000U, 48000000
 176:Core/Src/system_stm32l4xx.c **** /**
 177:Core/Src/system_stm32l4xx.c ****   * @}
 178:Core/Src/system_stm32l4xx.c ****   */
 179:Core/Src/system_stm32l4xx.c **** 
 180:Core/Src/system_stm32l4xx.c **** /** @addtogroup STM32L4xx_System_Private_FunctionPrototypes
 181:Core/Src/system_stm32l4xx.c ****   * @{
 182:Core/Src/system_stm32l4xx.c ****   */
 183:Core/Src/system_stm32l4xx.c **** 
 184:Core/Src/system_stm32l4xx.c **** /**
 185:Core/Src/system_stm32l4xx.c ****   * @}
 186:Core/Src/system_stm32l4xx.c ****   */
 187:Core/Src/system_stm32l4xx.c **** 
 188:Core/Src/system_stm32l4xx.c **** /** @addtogroup STM32L4xx_System_Private_Functions
 189:Core/Src/system_stm32l4xx.c ****   * @{
 190:Core/Src/system_stm32l4xx.c ****   */
 191:Core/Src/system_stm32l4xx.c **** 
 192:Core/Src/system_stm32l4xx.c **** /**
 193:Core/Src/system_stm32l4xx.c ****   * @brief  Setup the microcontroller system.
 194:Core/Src/system_stm32l4xx.c ****   * @retval None
 195:Core/Src/system_stm32l4xx.c ****   */
 196:Core/Src/system_stm32l4xx.c **** 
 197:Core/Src/system_stm32l4xx.c **** void SystemInit(void)
 198:Core/Src/system_stm32l4xx.c **** {
  69              		.loc 1 198 1
  70              		.cfi_startproc
  71              		@ args = 0, pretend = 0, frame = 0
  72              		@ frame_needed = 1, uses_anonymous_args = 0
  73              		@ link register save eliminated.
  74 0000 80B4     		push	{r7}
  75              		.cfi_def_cfa_offset 4
  76              		.cfi_offset 7, -4
  77 0002 00AF     		add	r7, sp, #0
  78              		.cfi_def_cfa_register 7
 199:Core/Src/system_stm32l4xx.c **** #if defined(USER_VECT_TAB_ADDRESS)
 200:Core/Src/system_stm32l4xx.c ****   /* Configure the Vector Table location -------------------------------------*/
 201:Core/Src/system_stm32l4xx.c ****   SCB->VTOR = VECT_TAB_BASE_ADDRESS | VECT_TAB_OFFSET;
 202:Core/Src/system_stm32l4xx.c **** #endif
 203:Core/Src/system_stm32l4xx.c **** 
 204:Core/Src/system_stm32l4xx.c ****   /* FPU settings ------------------------------------------------------------*/
 205:Core/Src/system_stm32l4xx.c **** #if (__FPU_PRESENT == 1) && (__FPU_USED == 1)
 206:Core/Src/system_stm32l4xx.c ****   SCB->CPACR |= ((3UL << 20U)|(3UL << 22U));  /* set CP10 and CP11 Full Access */
  79              		.loc 1 206 14
  80 0004 064B     		ldr	r3, .L2
  81 0006 D3F88830 		ldr	r3, [r3, #136]
  82 000a 054A     		ldr	r2, .L2
  83 000c 43F47003 		orr	r3, r3, #15728640
  84 0010 C2F88830 		str	r3, [r2, #136]
ARM GAS  C:\Users\Morroway\AppData\Local\Temp\ccOT2Hga.s 			page 6


 207:Core/Src/system_stm32l4xx.c **** #endif
 208:Core/Src/system_stm32l4xx.c **** }
  85              		.loc 1 208 1
  86 0014 00BF     		nop
  87 0016 BD46     		mov	sp, r7
  88              		.cfi_def_cfa_register 13
  89              		@ sp needed
  90 0018 5DF8047B 		ldr	r7, [sp], #4
  91              		.cfi_restore 7
  92              		.cfi_def_cfa_offset 0
  93 001c 7047     		bx	lr
  94              	.L3:
  95 001e 00BF     		.align	2
  96              	.L2:
  97 0020 00ED00E0 		.word	-536810240
  98              		.cfi_endproc
  99              	.LFE321:
 101              		.section	.text.SystemCoreClockUpdate,"ax",%progbits
 102              		.align	1
 103              		.global	SystemCoreClockUpdate
 104              		.syntax unified
 105              		.thumb
 106              		.thumb_func
 108              	SystemCoreClockUpdate:
 109              	.LFB322:
 209:Core/Src/system_stm32l4xx.c **** 
 210:Core/Src/system_stm32l4xx.c **** /**
 211:Core/Src/system_stm32l4xx.c ****   * @brief  Update SystemCoreClock variable according to Clock Register Values.
 212:Core/Src/system_stm32l4xx.c ****   *         The SystemCoreClock variable contains the core clock (HCLK), it can
 213:Core/Src/system_stm32l4xx.c ****   *         be used by the user application to setup the SysTick timer or configure
 214:Core/Src/system_stm32l4xx.c ****   *         other parameters.
 215:Core/Src/system_stm32l4xx.c ****   *
 216:Core/Src/system_stm32l4xx.c ****   * @note   Each time the core clock (HCLK) changes, this function must be called
 217:Core/Src/system_stm32l4xx.c ****   *         to update SystemCoreClock variable value. Otherwise, any configuration
 218:Core/Src/system_stm32l4xx.c ****   *         based on this variable will be incorrect.
 219:Core/Src/system_stm32l4xx.c ****   *
 220:Core/Src/system_stm32l4xx.c ****   * @note   - The system frequency computed by this function is not the real
 221:Core/Src/system_stm32l4xx.c ****   *           frequency in the chip. It is calculated based on the predefined
 222:Core/Src/system_stm32l4xx.c ****   *           constant and the selected clock source:
 223:Core/Src/system_stm32l4xx.c ****   *
 224:Core/Src/system_stm32l4xx.c ****   *           - If SYSCLK source is MSI, SystemCoreClock will contain the MSI_VALUE(*)
 225:Core/Src/system_stm32l4xx.c ****   *
 226:Core/Src/system_stm32l4xx.c ****   *           - If SYSCLK source is HSI, SystemCoreClock will contain the HSI_VALUE(**)
 227:Core/Src/system_stm32l4xx.c ****   *
 228:Core/Src/system_stm32l4xx.c ****   *           - If SYSCLK source is HSE, SystemCoreClock will contain the HSE_VALUE(***)
 229:Core/Src/system_stm32l4xx.c ****   *
 230:Core/Src/system_stm32l4xx.c ****   *           - If SYSCLK source is PLL, SystemCoreClock will contain the HSE_VALUE(***)
 231:Core/Src/system_stm32l4xx.c ****   *             or HSI_VALUE(*) or MSI_VALUE(*) multiplied/divided by the PLL factors.
 232:Core/Src/system_stm32l4xx.c ****   *
 233:Core/Src/system_stm32l4xx.c ****   *         (*) MSI_VALUE is a constant defined in stm32l4xx_hal.h file (default value
 234:Core/Src/system_stm32l4xx.c ****   *             4 MHz) but the real value may vary depending on the variations
 235:Core/Src/system_stm32l4xx.c ****   *             in voltage and temperature.
 236:Core/Src/system_stm32l4xx.c ****   *
 237:Core/Src/system_stm32l4xx.c ****   *         (**) HSI_VALUE is a constant defined in stm32l4xx_hal.h file (default value
 238:Core/Src/system_stm32l4xx.c ****   *              16 MHz) but the real value may vary depending on the variations
 239:Core/Src/system_stm32l4xx.c ****   *              in voltage and temperature.
 240:Core/Src/system_stm32l4xx.c ****   *
ARM GAS  C:\Users\Morroway\AppData\Local\Temp\ccOT2Hga.s 			page 7


 241:Core/Src/system_stm32l4xx.c ****   *         (***) HSE_VALUE is a constant defined in stm32l4xx_hal.h file (default value
 242:Core/Src/system_stm32l4xx.c ****   *              8 MHz), user has to ensure that HSE_VALUE is same as the real
 243:Core/Src/system_stm32l4xx.c ****   *              frequency of the crystal used. Otherwise, this function may
 244:Core/Src/system_stm32l4xx.c ****   *              have wrong result.
 245:Core/Src/system_stm32l4xx.c ****   *
 246:Core/Src/system_stm32l4xx.c ****   *         - The result of this function could be not correct when using fractional
 247:Core/Src/system_stm32l4xx.c ****   *           value for HSE crystal.
 248:Core/Src/system_stm32l4xx.c ****   *
 249:Core/Src/system_stm32l4xx.c ****   * @retval None
 250:Core/Src/system_stm32l4xx.c ****   */
 251:Core/Src/system_stm32l4xx.c **** void SystemCoreClockUpdate(void)
 252:Core/Src/system_stm32l4xx.c **** {
 110              		.loc 1 252 1
 111              		.cfi_startproc
 112              		@ args = 0, pretend = 0, frame = 24
 113              		@ frame_needed = 1, uses_anonymous_args = 0
 114              		@ link register save eliminated.
 115 0000 80B4     		push	{r7}
 116              		.cfi_def_cfa_offset 4
 117              		.cfi_offset 7, -4
 118 0002 87B0     		sub	sp, sp, #28
 119              		.cfi_def_cfa_offset 32
 120 0004 00AF     		add	r7, sp, #0
 121              		.cfi_def_cfa_register 7
 253:Core/Src/system_stm32l4xx.c ****   uint32_t tmp, msirange, pllvco, pllsource, pllm, pllr;
 254:Core/Src/system_stm32l4xx.c **** 
 255:Core/Src/system_stm32l4xx.c ****   /* Get MSI Range frequency--------------------------------------------------*/
 256:Core/Src/system_stm32l4xx.c ****   if ((RCC->CR & RCC_CR_MSIRGSEL) == 0U)
 122              		.loc 1 256 11
 123 0006 4F4B     		ldr	r3, .L19
 124 0008 1B68     		ldr	r3, [r3]
 125              		.loc 1 256 16
 126 000a 03F00803 		and	r3, r3, #8
 127              		.loc 1 256 6
 128 000e 002B     		cmp	r3, #0
 129 0010 07D1     		bne	.L5
 257:Core/Src/system_stm32l4xx.c ****   { /* MSISRANGE from RCC_CSR applies */
 258:Core/Src/system_stm32l4xx.c ****     msirange = (RCC->CSR & RCC_CSR_MSISRANGE) >> 8U;
 130              		.loc 1 258 20
 131 0012 4C4B     		ldr	r3, .L19
 132 0014 D3F89430 		ldr	r3, [r3, #148]
 133              		.loc 1 258 47
 134 0018 1B0A     		lsrs	r3, r3, #8
 135              		.loc 1 258 14
 136 001a 03F00F03 		and	r3, r3, #15
 137 001e 7B61     		str	r3, [r7, #20]
 138 0020 05E0     		b	.L6
 139              	.L5:
 259:Core/Src/system_stm32l4xx.c ****   }
 260:Core/Src/system_stm32l4xx.c ****   else
 261:Core/Src/system_stm32l4xx.c ****   { /* MSIRANGE from RCC_CR applies */
 262:Core/Src/system_stm32l4xx.c ****     msirange = (RCC->CR & RCC_CR_MSIRANGE) >> 4U;
 140              		.loc 1 262 20
 141 0022 484B     		ldr	r3, .L19
 142 0024 1B68     		ldr	r3, [r3]
 143              		.loc 1 262 44
 144 0026 1B09     		lsrs	r3, r3, #4
ARM GAS  C:\Users\Morroway\AppData\Local\Temp\ccOT2Hga.s 			page 8


 145              		.loc 1 262 14
 146 0028 03F00F03 		and	r3, r3, #15
 147 002c 7B61     		str	r3, [r7, #20]
 148              	.L6:
 263:Core/Src/system_stm32l4xx.c ****   }
 264:Core/Src/system_stm32l4xx.c ****   /*MSI frequency range in HZ*/
 265:Core/Src/system_stm32l4xx.c ****   msirange = MSIRangeTable[msirange];
 149              		.loc 1 265 12
 150 002e 464A     		ldr	r2, .L19+4
 151 0030 7B69     		ldr	r3, [r7, #20]
 152 0032 52F82330 		ldr	r3, [r2, r3, lsl #2]
 153 0036 7B61     		str	r3, [r7, #20]
 266:Core/Src/system_stm32l4xx.c **** 
 267:Core/Src/system_stm32l4xx.c ****   /* Get SYSCLK source -------------------------------------------------------*/
 268:Core/Src/system_stm32l4xx.c ****   switch (RCC->CFGR & RCC_CFGR_SWS)
 154              		.loc 1 268 14
 155 0038 424B     		ldr	r3, .L19
 156 003a 9B68     		ldr	r3, [r3, #8]
 157              		.loc 1 268 21
 158 003c 03F00C03 		and	r3, r3, #12
 159              		.loc 1 268 3
 160 0040 0C2B     		cmp	r3, #12
 161 0042 66D8     		bhi	.L7
 162 0044 01A2     		adr	r2, .L9
 163 0046 52F823F0 		ldr	pc, [r2, r3, lsl #2]
 164 004a 00BF     		.p2align 2
 165              	.L9:
 166 004c 81000000 		.word	.L12+1
 167 0050 13010000 		.word	.L7+1
 168 0054 13010000 		.word	.L7+1
 169 0058 13010000 		.word	.L7+1
 170 005c 89000000 		.word	.L11+1
 171 0060 13010000 		.word	.L7+1
 172 0064 13010000 		.word	.L7+1
 173 0068 13010000 		.word	.L7+1
 174 006c 91000000 		.word	.L10+1
 175 0070 13010000 		.word	.L7+1
 176 0074 13010000 		.word	.L7+1
 177 0078 13010000 		.word	.L7+1
 178 007c 99000000 		.word	.L8+1
 179              		.p2align 1
 180              	.L12:
 269:Core/Src/system_stm32l4xx.c ****   {
 270:Core/Src/system_stm32l4xx.c ****     case 0x00:  /* MSI used as system clock source */
 271:Core/Src/system_stm32l4xx.c ****       SystemCoreClock = msirange;
 181              		.loc 1 271 23
 182 0080 324A     		ldr	r2, .L19+8
 183 0082 7B69     		ldr	r3, [r7, #20]
 184 0084 1360     		str	r3, [r2]
 272:Core/Src/system_stm32l4xx.c ****       break;
 185              		.loc 1 272 7
 186 0086 48E0     		b	.L13
 187              	.L11:
 273:Core/Src/system_stm32l4xx.c **** 
 274:Core/Src/system_stm32l4xx.c ****     case 0x04:  /* HSI used as system clock source */
 275:Core/Src/system_stm32l4xx.c ****       SystemCoreClock = HSI_VALUE;
 188              		.loc 1 275 23
ARM GAS  C:\Users\Morroway\AppData\Local\Temp\ccOT2Hga.s 			page 9


 189 0088 304B     		ldr	r3, .L19+8
 190 008a 314A     		ldr	r2, .L19+12
 191 008c 1A60     		str	r2, [r3]
 276:Core/Src/system_stm32l4xx.c ****       break;
 192              		.loc 1 276 7
 193 008e 44E0     		b	.L13
 194              	.L10:
 277:Core/Src/system_stm32l4xx.c **** 
 278:Core/Src/system_stm32l4xx.c ****     case 0x08:  /* HSE used as system clock source */
 279:Core/Src/system_stm32l4xx.c ****       SystemCoreClock = HSE_VALUE;
 195              		.loc 1 279 23
 196 0090 2E4B     		ldr	r3, .L19+8
 197 0092 304A     		ldr	r2, .L19+16
 198 0094 1A60     		str	r2, [r3]
 280:Core/Src/system_stm32l4xx.c ****       break;
 199              		.loc 1 280 7
 200 0096 40E0     		b	.L13
 201              	.L8:
 281:Core/Src/system_stm32l4xx.c **** 
 282:Core/Src/system_stm32l4xx.c ****     case 0x0C:  /* PLL used as system clock  source */
 283:Core/Src/system_stm32l4xx.c ****       /* PLL_VCO = (HSE_VALUE or HSI_VALUE or MSI_VALUE/ PLLM) * PLLN
 284:Core/Src/system_stm32l4xx.c ****          SYSCLK = PLL_VCO / PLLR
 285:Core/Src/system_stm32l4xx.c ****          */
 286:Core/Src/system_stm32l4xx.c ****       pllsource = (RCC->PLLCFGR & RCC_PLLCFGR_PLLSRC);
 202              		.loc 1 286 23
 203 0098 2A4B     		ldr	r3, .L19
 204 009a DB68     		ldr	r3, [r3, #12]
 205              		.loc 1 286 17
 206 009c 03F00303 		and	r3, r3, #3
 207 00a0 FB60     		str	r3, [r7, #12]
 287:Core/Src/system_stm32l4xx.c ****       pllm = ((RCC->PLLCFGR & RCC_PLLCFGR_PLLM) >> 4U) + 1U ;
 208              		.loc 1 287 19
 209 00a2 284B     		ldr	r3, .L19
 210 00a4 DB68     		ldr	r3, [r3, #12]
 211              		.loc 1 287 49
 212 00a6 1B09     		lsrs	r3, r3, #4
 213 00a8 03F00F03 		and	r3, r3, #15
 214              		.loc 1 287 12
 215 00ac 0133     		adds	r3, r3, #1
 216 00ae BB60     		str	r3, [r7, #8]
 217 00b0 FB68     		ldr	r3, [r7, #12]
 218 00b2 022B     		cmp	r3, #2
 219 00b4 03D0     		beq	.L14
 220 00b6 FB68     		ldr	r3, [r7, #12]
 221 00b8 032B     		cmp	r3, #3
 222 00ba 06D0     		beq	.L15
 223 00bc 0BE0     		b	.L18
 224              	.L14:
 288:Core/Src/system_stm32l4xx.c **** 
 289:Core/Src/system_stm32l4xx.c ****       switch (pllsource)
 290:Core/Src/system_stm32l4xx.c ****       {
 291:Core/Src/system_stm32l4xx.c ****         case 0x02:  /* HSI used as PLL clock source */
 292:Core/Src/system_stm32l4xx.c ****           pllvco = (HSI_VALUE / pllm);
 225              		.loc 1 292 18
 226 00be 244A     		ldr	r2, .L19+12
 227 00c0 BB68     		ldr	r3, [r7, #8]
 228 00c2 B2FBF3F3 		udiv	r3, r2, r3
ARM GAS  C:\Users\Morroway\AppData\Local\Temp\ccOT2Hga.s 			page 10


 229 00c6 3B61     		str	r3, [r7, #16]
 293:Core/Src/system_stm32l4xx.c ****           break;
 230              		.loc 1 293 11
 231 00c8 0BE0     		b	.L17
 232              	.L15:
 294:Core/Src/system_stm32l4xx.c **** 
 295:Core/Src/system_stm32l4xx.c ****         case 0x03:  /* HSE used as PLL clock source */
 296:Core/Src/system_stm32l4xx.c ****           pllvco = (HSE_VALUE / pllm);
 233              		.loc 1 296 18
 234 00ca 224A     		ldr	r2, .L19+16
 235 00cc BB68     		ldr	r3, [r7, #8]
 236 00ce B2FBF3F3 		udiv	r3, r2, r3
 237 00d2 3B61     		str	r3, [r7, #16]
 297:Core/Src/system_stm32l4xx.c ****           break;
 238              		.loc 1 297 11
 239 00d4 05E0     		b	.L17
 240              	.L18:
 298:Core/Src/system_stm32l4xx.c **** 
 299:Core/Src/system_stm32l4xx.c ****         default:    /* MSI used as PLL clock source */
 300:Core/Src/system_stm32l4xx.c ****           pllvco = (msirange / pllm);
 241              		.loc 1 300 18
 242 00d6 7A69     		ldr	r2, [r7, #20]
 243 00d8 BB68     		ldr	r3, [r7, #8]
 244 00da B2FBF3F3 		udiv	r3, r2, r3
 245 00de 3B61     		str	r3, [r7, #16]
 301:Core/Src/system_stm32l4xx.c ****           break;
 246              		.loc 1 301 11
 247 00e0 00BF     		nop
 248              	.L17:
 302:Core/Src/system_stm32l4xx.c ****       }
 303:Core/Src/system_stm32l4xx.c ****       pllvco = pllvco * ((RCC->PLLCFGR & RCC_PLLCFGR_PLLN) >> 8U);
 249              		.loc 1 303 30
 250 00e2 184B     		ldr	r3, .L19
 251 00e4 DB68     		ldr	r3, [r3, #12]
 252              		.loc 1 303 60
 253 00e6 1B0A     		lsrs	r3, r3, #8
 254 00e8 03F07F02 		and	r2, r3, #127
 255              		.loc 1 303 14
 256 00ec 3B69     		ldr	r3, [r7, #16]
 257 00ee 02FB03F3 		mul	r3, r2, r3
 258 00f2 3B61     		str	r3, [r7, #16]
 304:Core/Src/system_stm32l4xx.c ****       pllr = (((RCC->PLLCFGR & RCC_PLLCFGR_PLLR) >> 25U) + 1U) * 2U;
 259              		.loc 1 304 20
 260 00f4 134B     		ldr	r3, .L19
 261 00f6 DB68     		ldr	r3, [r3, #12]
 262              		.loc 1 304 50
 263 00f8 5B0E     		lsrs	r3, r3, #25
 264 00fa 03F00303 		and	r3, r3, #3
 265              		.loc 1 304 58
 266 00fe 0133     		adds	r3, r3, #1
 267              		.loc 1 304 12
 268 0100 5B00     		lsls	r3, r3, #1
 269 0102 7B60     		str	r3, [r7, #4]
 305:Core/Src/system_stm32l4xx.c ****       SystemCoreClock = pllvco/pllr;
 270              		.loc 1 305 31
 271 0104 3A69     		ldr	r2, [r7, #16]
 272 0106 7B68     		ldr	r3, [r7, #4]
ARM GAS  C:\Users\Morroway\AppData\Local\Temp\ccOT2Hga.s 			page 11


 273 0108 B2FBF3F3 		udiv	r3, r2, r3
 274              		.loc 1 305 23
 275 010c 0F4A     		ldr	r2, .L19+8
 276 010e 1360     		str	r3, [r2]
 306:Core/Src/system_stm32l4xx.c ****       break;
 277              		.loc 1 306 7
 278 0110 03E0     		b	.L13
 279              	.L7:
 307:Core/Src/system_stm32l4xx.c **** 
 308:Core/Src/system_stm32l4xx.c ****     default:
 309:Core/Src/system_stm32l4xx.c ****       SystemCoreClock = msirange;
 280              		.loc 1 309 23
 281 0112 0E4A     		ldr	r2, .L19+8
 282 0114 7B69     		ldr	r3, [r7, #20]
 283 0116 1360     		str	r3, [r2]
 310:Core/Src/system_stm32l4xx.c ****       break;
 284              		.loc 1 310 7
 285 0118 00BF     		nop
 286              	.L13:
 311:Core/Src/system_stm32l4xx.c ****   }
 312:Core/Src/system_stm32l4xx.c ****   /* Compute HCLK clock frequency --------------------------------------------*/
 313:Core/Src/system_stm32l4xx.c ****   /* Get HCLK prescaler */
 314:Core/Src/system_stm32l4xx.c ****   tmp = AHBPrescTable[((RCC->CFGR & RCC_CFGR_HPRE) >> 4U)];
 287              		.loc 1 314 28
 288 011a 0A4B     		ldr	r3, .L19
 289 011c 9B68     		ldr	r3, [r3, #8]
 290              		.loc 1 314 52
 291 011e 1B09     		lsrs	r3, r3, #4
 292 0120 03F00F03 		and	r3, r3, #15
 293              		.loc 1 314 22
 294 0124 0C4A     		ldr	r2, .L19+20
 295 0126 D35C     		ldrb	r3, [r2, r3]	@ zero_extendqisi2
 296              		.loc 1 314 7
 297 0128 3B60     		str	r3, [r7]
 315:Core/Src/system_stm32l4xx.c ****   /* HCLK clock frequency */
 316:Core/Src/system_stm32l4xx.c ****   SystemCoreClock >>= tmp;
 298              		.loc 1 316 19
 299 012a 084B     		ldr	r3, .L19+8
 300 012c 1A68     		ldr	r2, [r3]
 301 012e 3B68     		ldr	r3, [r7]
 302 0130 22FA03F3 		lsr	r3, r2, r3
 303 0134 054A     		ldr	r2, .L19+8
 304 0136 1360     		str	r3, [r2]
 317:Core/Src/system_stm32l4xx.c **** }
 305              		.loc 1 317 1
 306 0138 00BF     		nop
 307 013a 1C37     		adds	r7, r7, #28
 308              		.cfi_def_cfa_offset 4
 309 013c BD46     		mov	sp, r7
 310              		.cfi_def_cfa_register 13
 311              		@ sp needed
 312 013e 5DF8047B 		ldr	r7, [sp], #4
 313              		.cfi_restore 7
 314              		.cfi_def_cfa_offset 0
 315 0142 7047     		bx	lr
 316              	.L20:
 317              		.align	2
ARM GAS  C:\Users\Morroway\AppData\Local\Temp\ccOT2Hga.s 			page 12


 318              	.L19:
 319 0144 00100240 		.word	1073876992
 320 0148 00000000 		.word	MSIRangeTable
 321 014c 00000000 		.word	SystemCoreClock
 322 0150 0024F400 		.word	16000000
 323 0154 808D5B00 		.word	6000000
 324 0158 00000000 		.word	AHBPrescTable
 325              		.cfi_endproc
 326              	.LFE322:
 328              		.text
 329              	.Letext0:
 330              		.file 2 "c:\\users\\morroway\\appdata\\roaming\\code\\user\\globalstorage\\bmd.stm32-for-vscode\\@
 331              		.file 3 "c:\\users\\morroway\\appdata\\roaming\\code\\user\\globalstorage\\bmd.stm32-for-vscode\\@
 332              		.file 4 "Drivers/CMSIS/Include/core_cm4.h"
 333              		.file 5 "Drivers/CMSIS/Device/ST/STM32L4xx/Include/system_stm32l4xx.h"
 334              		.file 6 "Drivers/CMSIS/Device/ST/STM32L4xx/Include/stm32l4p5xx.h"
ARM GAS  C:\Users\Morroway\AppData\Local\Temp\ccOT2Hga.s 			page 13


DEFINED SYMBOLS
                            *ABS*:0000000000000000 system_stm32l4xx.c
C:\Users\Morroway\AppData\Local\Temp\ccOT2Hga.s:24     .data.SystemCoreClock:0000000000000000 SystemCoreClock
C:\Users\Morroway\AppData\Local\Temp\ccOT2Hga.s:21     .data.SystemCoreClock:0000000000000000 $d
C:\Users\Morroway\AppData\Local\Temp\ccOT2Hga.s:31     .rodata.AHBPrescTable:0000000000000000 AHBPrescTable
C:\Users\Morroway\AppData\Local\Temp\ccOT2Hga.s:28     .rodata.AHBPrescTable:0000000000000000 $d
C:\Users\Morroway\AppData\Local\Temp\ccOT2Hga.s:39     .rodata.APBPrescTable:0000000000000000 APBPrescTable
C:\Users\Morroway\AppData\Local\Temp\ccOT2Hga.s:36     .rodata.APBPrescTable:0000000000000000 $d
C:\Users\Morroway\AppData\Local\Temp\ccOT2Hga.s:46     .rodata.MSIRangeTable:0000000000000000 MSIRangeTable
C:\Users\Morroway\AppData\Local\Temp\ccOT2Hga.s:43     .rodata.MSIRangeTable:0000000000000000 $d
C:\Users\Morroway\AppData\Local\Temp\ccOT2Hga.s:60     .text.SystemInit:0000000000000000 $t
C:\Users\Morroway\AppData\Local\Temp\ccOT2Hga.s:66     .text.SystemInit:0000000000000000 SystemInit
C:\Users\Morroway\AppData\Local\Temp\ccOT2Hga.s:97     .text.SystemInit:0000000000000020 $d
C:\Users\Morroway\AppData\Local\Temp\ccOT2Hga.s:102    .text.SystemCoreClockUpdate:0000000000000000 $t
C:\Users\Morroway\AppData\Local\Temp\ccOT2Hga.s:108    .text.SystemCoreClockUpdate:0000000000000000 SystemCoreClockUpdate
C:\Users\Morroway\AppData\Local\Temp\ccOT2Hga.s:166    .text.SystemCoreClockUpdate:000000000000004c $d
C:\Users\Morroway\AppData\Local\Temp\ccOT2Hga.s:179    .text.SystemCoreClockUpdate:0000000000000080 $t
C:\Users\Morroway\AppData\Local\Temp\ccOT2Hga.s:319    .text.SystemCoreClockUpdate:0000000000000144 $d

NO UNDEFINED SYMBOLS
